[ 2018-06-11T12:56:05+08:00 ] 127.0.0.1 /Admin/Member/editMember/id/208.html
INFO: [ app_init ] --START--
INFO: Run Behavior\BuildLiteBehavior [ RunTime:0.000018s ]
INFO: [ app_init ] --END-- [ RunTime:0.000953s ]
INFO: [ app_begin ] --START--
INFO: Run Behavior\ReadHtmlCacheBehavior [ RunTime:0.000738s ]
INFO: [ app_begin ] --END-- [ RunTime:0.000774s ]
SQL: SHOW COLUMNS FROM `my_user` [ RunTime:0.0010s ]
SQL: SELECT * FROM `my_user` WHERE `username` = 'admin' AND `userpwd` = '21232f297a57a5a743894a0e4a801fc3' LIMIT 1   [ RunTime:0.0003s ]
SQL: SHOW COLUMNS FROM `my_role_user` [ RunTime:0.0008s ]
SQL: SELECT `role_id` FROM `my_role_user` WHERE ( user_id=2 ) LIMIT 1   [ RunTime:0.0002s ]
SQL: SHOW COLUMNS FROM `my_role` [ RunTime:0.0007s ]
SQL: SELECT `name` FROM `my_role` WHERE `id` = 1 LIMIT 1   [ RunTime:0.0003s ]
SQL: SELECT `channel`,`shop` FROM `my_role` WHERE `id` = 1 LIMIT 1   [ RunTime:0.0002s ]
SQL: UPDATE `my_user` SET `lastlogtime`='2018-06-11 12:56:01',`lastlogip`='127.0.0.1',`logtimes`='694' WHERE `id` = 2 [ RunTime:0.0005s ]
NOTIC: [8] Undefined index: administrator /var/www/git/youyiqianbao/ThinkPHP/Library/Org/Util/Rbac.class.php 第 89 行.
SQL: select node.id,node.name from my_role as role,my_role_user as user,my_access as access ,my_node as node where user.user_id='2' and user.role_id=role.id and ( access.role_id=role.id  or (access.role_id=role.pid and role.pid!=0 ) ) and role.status=1 and access.node_id=node.id and node.level=1 [ RunTime:0.0023s ]
SQL: select node.id,node.name from my_role as role,my_role_user as user,my_access as access ,my_node as node where user.user_id='2' and user.role_id=role.id and ( access.role_id=role.id  or (access.role_id=role.pid and role.pid!=0 ) ) and role.status=1 and access.node_id=node.id and node.level=2 and node.pid=1 [ RunTime:0.0010s ]
SQL: select node.id,node.name,node.url from my_role as role,my_role_user as user,my_access as access ,my_node as node where user.user_id='2' and user.role_id=role.id and ( access.role_id=role.id  or (access.role_id=role.pid and role.pid!=0 ) ) and role.status=1 and access.node_id=node.id and node.level=3 and node.pid=2 [ RunTime:0.0004s ]
SQL: select node.id,node.name,node.url from my_role as role,my_role_user as user,my_access as access ,my_node as node where user.user_id='2' and user.role_id=role.id and ( access.role_id=role.id  or (access.role_id=role.pid and role.pid!=0 ) ) and role.status=1 and access.node_id=node.id and node.level=4 and node.pid=9 [ RunTime:0.0002s ]
SQL: select node.id,node.name,node.url from my_role as role,my_role_user as user,my_access as access ,my_node as node where user.user_id='2' and user.role_id=role.id and ( access.role_id=role.id  or (access.role_id=role.pid and role.pid!=0 ) ) and role.status=1 and access.node_id=node.id and node.level=4 and node.pid=10 [ RunTime:0.0003s ]
SQL: select node.id,node.name,node.url from my_role as role,my_role_user as user,my_access as access ,my_node as node where user.user_id='2' and user.role_id=role.id and ( access.role_id=role.id  or (access.role_id=role.pid and role.pid!=0 ) ) and role.status=1 and access.node_id=node.id and node.level=4 and node.pid=11 [ RunTime:0.0002s ]
SQL: select node.id,node.name,node.url from my_role as role,my_role_user as user,my_access as access ,my_node as node where user.user_id='2' and user.role_id=role.id and ( access.role_id=role.id  or (access.role_id=role.pid and role.pid!=0 ) ) and role.status=1 and access.node_id=node.id and node.level=4 and node.pid=12 [ RunTime:0.0002s ]
SQL: select node.id,node.name,node.url from my_role as role,my_role_user as user,my_access as access ,my_node as node where user.user_id='2' and user.role_id=role.id and ( access.role_id=role.id  or (access.role_id=role.pid and role.pid!=0 ) ) and role.status=1 and access.node_id=node.id and node.level=4 and node.pid=13 [ RunTime:0.0002s ]
SQL: select node.id,node.name,node.url from my_role as role,my_role_user as user,my_access as access ,my_node as node where user.user_id='2' and user.role_id=role.id and ( access.role_id=role.id  or (access.role_id=role.pid and role.pid!=0 ) ) and role.status=1 and access.node_id=node.id and node.level=4 and node.pid=14 [ RunTime:0.0002s ]
SQL: select node.id,node.name,node.url from my_role as role,my_role_user as user,my_access as access ,my_node as node where user.user_id='2' and user.role_id=role.id and ( access.role_id=role.id  or (access.role_id=role.pid and role.pid!=0 ) ) and role.status=1 and access.node_id=node.id and node.level=4 and node.pid=15 [ RunTime:0.0002s ]
SQL: select node.id,node.name,node.url from my_role as role,my_role_user as user,my_access as access ,my_node as node where user.user_id='2' and user.role_id=role.id and ( access.role_id=role.id  or (access.role_id=role.pid and role.pid!=0 ) ) and role.status=1 and access.node_id=node.id and node.level=4 and node.pid=16 [ RunTime:0.0002s ]
SQL: select node.id,node.name,node.url from my_role as role,my_role_user as user,my_access as access ,my_node as node where user.user_id='2' and user.role_id=role.id and ( access.role_id=role.id  or (access.role_id=role.pid and role.pid!=0 ) ) and role.status=1 and access.node_id=node.id and node.level=4 and node.pid=32 [ RunTime:0.0002s ]
SQL: select node.id,node.name,node.url from my_role as role,my_role_user as user,my_access as access ,my_node as node where user.user_id='2' and user.role_id=role.id and ( access.role_id=role.id  or (access.role_id=role.pid and role.pid!=0 ) ) and role.status=1 and access.node_id=node.id and node.level=4 and node.pid=33 [ RunTime:0.0002s ]
SQL: select node.id,node.name,node.url from my_role as role,my_role_user as user,my_access as access ,my_node as node where user.user_id='2' and user.role_id=role.id and ( access.role_id=role.id  or (access.role_id=role.pid and role.pid!=0 ) ) and role.status=1 and access.node_id=node.id and node.level=4 and node.pid=34 [ RunTime:0.0002s ]
SQL: select node.id,node.name,node.url from my_role as role,my_role_user as user,my_access as access ,my_node as node where user.user_id='2' and user.role_id=role.id and ( access.role_id=role.id  or (access.role_id=role.pid and role.pid!=0 ) ) and role.status=1 and access.node_id=node.id and node.level=4 and node.pid=35 [ RunTime:0.0002s ]
SQL: select node.id,node.name,node.url from my_role as role,my_role_user as user,my_access as access ,my_node as node where user.user_id='2' and user.role_id=role.id and ( access.role_id=role.id  or (access.role_id=role.pid and role.pid!=0 ) ) and role.status=1 and access.node_id=node.id and node.level=3 and node.pid=3 [ RunTime:0.0002s ]
SQL: select node.id,node.name,node.url from my_role as role,my_role_user as user,my_access as access ,my_node as node where user.user_id='2' and user.role_id=role.id and ( access.role_id=role.id  or (access.role_id=role.pid and role.pid!=0 ) ) and role.status=1 and access.node_id=node.id and node.level=4 and node.pid=25 [ RunTime:0.0002s ]
SQL: select node.id,node.name,node.url from my_role as role,my_role_user as user,my_access as access ,my_node as node where user.user_id='2' and user.role_id=role.id and ( access.role_id=role.id  or (access.role_id=role.pid and role.pid!=0 ) ) and role.status=1 and access.node_id=node.id and node.level=4 and node.pid=26 [ RunTime:0.0002s ]
SQL: select node.id,node.name,node.url from my_role as role,my_role_user as user,my_access as access ,my_node as node where user.user_id='2' and user.role_id=role.id and ( access.role_id=role.id  or (access.role_id=role.pid and role.pid!=0 ) ) and role.status=1 and access.node_id=node.id and node.level=4 and node.pid=27 [ RunTime:0.0002s ]
SQL: select node.id,node.name,node.url from my_role as role,my_role_user as user,my_access as access ,my_node as node where user.user_id='2' and user.role_id=role.id and ( access.role_id=role.id  or (access.role_id=role.pid and role.pid!=0 ) ) and role.status=1 and access.node_id=node.id and node.level=3 and node.pid=4 [ RunTime:0.0005s ]
SQL: select node.id,node.name,node.url from my_role as role,my_role_user as user,my_access as access ,my_node as node where user.user_id='2' and user.role_id=role.id and ( access.role_id=role.id  or (access.role_id=role.pid and role.pid!=0 ) ) and role.status=1 and access.node_id=node.id and node.level=4 and node.pid=57 [ RunTime:0.0002s ]
SQL: select node.id,node.name,node.url from my_role as role,my_role_user as user,my_access as access ,my_node as node where user.user_id='2' and user.role_id=role.id and ( access.role_id=role.id  or (access.role_id=role.pid and role.pid!=0 ) ) and role.status=1 and access.node_id=node.id and node.level=4 and node.pid=58 [ RunTime:0.0002s ]
SQL: select node.id,node.name,node.url from my_role as role,my_role_user as user,my_access as access ,my_node as node where user.user_id='2' and user.role_id=role.id and ( access.role_id=role.id  or (access.role_id=role.pid and role.pid!=0 ) ) and role.status=1 and access.node_id=node.id and node.level=4 and node.pid=59 [ RunTime:0.0002s ]
SQL: select node.id,node.name,node.url from my_role as role,my_role_user as user,my_access as access ,my_node as node where user.user_id='2' and user.role_id=role.id and ( access.role_id=role.id  or (access.role_id=role.pid and role.pid!=0 ) ) and role.status=1 and access.node_id=node.id and node.level=4 and node.pid=60 [ RunTime:0.0002s ]
SQL: select node.id,node.name,node.url from my_role as role,my_role_user as user,my_access as access ,my_node as node where user.user_id='2' and user.role_id=role.id and ( access.role_id=role.id  or (access.role_id=role.pid and role.pid!=0 ) ) and role.status=1 and access.node_id=node.id and node.level=4 and node.pid=61 [ RunTime:0.0002s ]
SQL: select node.id,node.name,node.url from my_role as role,my_role_user as user,my_access as access ,my_node as node where user.user_id='2' and user.role_id=role.id and ( access.role_id=role.id  or (access.role_id=role.pid and role.pid!=0 ) ) and role.status=1 and access.node_id=node.id and node.level=4 and node.pid=62 [ RunTime:0.0002s ]
SQL: select node.id,node.name,node.url from my_role as role,my_role_user as user,my_access as access ,my_node as node where user.user_id='2' and user.role_id=role.id and ( access.role_id=role.id  or (access.role_id=role.pid and role.pid!=0 ) ) and role.status=1 and access.node_id=node.id and node.level=4 and node.pid=63 [ RunTime:0.0002s ]
SQL: select node.id,node.name,node.url from my_role as role,my_role_user as user,my_access as access ,my_node as node where user.user_id='2' and user.role_id=role.id and ( access.role_id=role.id  or (access.role_id=role.pid and role.pid!=0 ) ) and role.status=1 and access.node_id=node.id and node.level=4 and node.pid=64 [ RunTime:0.0002s ]
SQL: select node.id,node.name,node.url from my_role as role,my_role_user as user,my_access as access ,my_node as node where user.user_id='2' and user.role_id=role.id and ( access.role_id=role.id  or (access.role_id=role.pid and role.pid!=0 ) ) and role.status=1 and access.node_id=node.id and node.level=4 and node.pid=65 [ RunTime:0.0002s ]
SQL: select node.id,node.name,node.url from my_role as role,my_role_user as user,my_access as access ,my_node as node where user.user_id='2' and user.role_id=role.id and ( access.role_id=role.id  or (access.role_id=role.pid and role.pid!=0 ) ) and role.status=1 and access.node_id=node.id and node.level=4 and node.pid=91 [ RunTime:0.0002s ]
SQL: select node.id,node.name,node.url from my_role as role,my_role_user as user,my_access as access ,my_node as node where user.user_id='2' and user.role_id=role.id and ( access.role_id=role.id  or (access.role_id=role.pid and role.pid!=0 ) ) and role.status=1 and access.node_id=node.id and node.level=4 and node.pid=92 [ RunTime:0.0002s ]
SQL: select node.id,node.name,node.url from my_role as role,my_role_user as user,my_access as access ,my_node as node where user.user_id='2' and user.role_id=role.id and ( access.role_id=role.id  or (access.role_id=role.pid and role.pid!=0 ) ) and role.status=1 and access.node_id=node.id and node.level=4 and node.pid=93 [ RunTime:0.0002s ]
SQL: select node.id,node.name,node.url from my_role as role,my_role_user as user,my_access as access ,my_node as node where user.user_id='2' and user.role_id=role.id and ( access.role_id=role.id  or (access.role_id=role.pid and role.pid!=0 ) ) and role.status=1 and access.node_id=node.id and node.level=4 and node.pid=94 [ RunTime:0.0002s ]
SQL: select node.id,node.name,node.url from my_role as role,my_role_user as user,my_access as access ,my_node as node where user.user_id='2' and user.role_id=role.id and ( access.role_id=role.id  or (access.role_id=role.pid and role.pid!=0 ) ) and role.status=1 and access.node_id=node.id and node.level=4 and node.pid=248 [ RunTime:0.0002s ]
SQL: select node.id,node.name,node.url from my_role as role,my_role_user as user,my_access as access ,my_node as node where user.user_id='2' and user.role_id=role.id and ( access.role_id=role.id  or (access.role_id=role.pid and role.pid!=0 ) ) and role.status=1 and access.node_id=node.id and node.level=4 and node.pid=249 [ RunTime:0.0002s ]
SQL: select node.id,node.name,node.url from my_role as role,my_role_user as user,my_access as access ,my_node as node where user.user_id='2' and user.role_id=role.id and ( access.role_id=role.id  or (access.role_id=role.pid and role.pid!=0 ) ) and role.status=1 and access.node_id=node.id and node.level=4 and node.pid=250 [ RunTime:0.0002s ]
SQL: select node.id,node.name,node.url from my_role as role,my_role_user as user,my_access as access ,my_node as node where user.user_id='2' and user.role_id=role.id and ( access.role_id=role.id  or (access.role_id=role.pid and role.pid!=0 ) ) and role.status=1 and access.node_id=node.id and node.level=4 and node.pid=251 [ RunTime:0.0002s ]
SQL: select node.id,node.name,node.url from my_role as role,my_role_user as user,my_access as access ,my_node as node where user.user_id='2' and user.role_id=role.id and ( access.role_id=role.id  or (access.role_id=role.pid and role.pid!=0 ) ) and role.status=1 and access.node_id=node.id and node.level=3 and node.pid=5 [ RunTime:0.0002s ]
SQL: select node.id,node.name,node.url from my_role as role,my_role_user as user,my_access as access ,my_node as node where user.user_id='2' and user.role_id=role.id and ( access.role_id=role.id  or (access.role_id=role.pid and role.pid!=0 ) ) and role.status=1 and access.node_id=node.id and node.level=4 and node.pid=28 [ RunTime:0.0002s ]
SQL: select node.id,node.name,node.url from my_role as role,my_role_user as user,my_access as access ,my_node as node where user.user_id='2' and user.role_id=role.id and ( access.role_id=role.id  or (access.role_id=role.pid and role.pid!=0 ) ) and role.status=1 and access.node_id=node.id and node.level=4 and node.pid=29 [ RunTime:0.0002s ]
SQL: select node.id,node.name,node.url from my_role as role,my_role_user as user,my_access as access ,my_node as node where user.user_id='2' and user.role_id=role.id and ( access.role_id=role.id  or (access.role_id=role.pid and role.pid!=0 ) ) and role.status=1 and access.node_id=node.id and node.level=4 and node.pid=30 [ RunTime:0.0002s ]
SQL: select node.id,node.name,node.url from my_role as role,my_role_user as user,my_access as access ,my_node as node where user.user_id='2' and user.role_id=role.id and ( access.role_id=role.id  or (access.role_id=role.pid and role.pid!=0 ) ) and role.status=1 and access.node_id=node.id and node.level=4 and node.pid=31 [ RunTime:0.0002s ]
SQL: select node.id,node.name,node.url from my_role as role,my_role_user as user,my_access as access ,my_node as node where user.user_id='2' and user.role_id=role.id and ( access.role_id=role.id  or (access.role_id=role.pid and role.pid!=0 ) ) and role.status=1 and access.node_id=node.id and node.level=3 and node.pid=6 [ RunTime:0.0004s ]
SQL: select node.id,node.name,node.url from my_role as role,my_role_user as user,my_access as access ,my_node as node where user.user_id='2' and user.role_id=role.id and ( access.role_id=role.id  or (access.role_id=role.pid and role.pid!=0 ) ) and role.status=1 and access.node_id=node.id and node.level=4 and node.pid=49 [ RunTime:0.0002s ]
SQL: select node.id,node.name,node.url from my_role as role,my_role_user as user,my_access as access ,my_node as node where user.user_id='2' and user.role_id=role.id and ( access.role_id=role.id  or (access.role_id=role.pid and role.pid!=0 ) ) and role.status=1 and access.node_id=node.id and node.level=4 and node.pid=50 [ RunTime:0.0002s ]
SQL: select node.id,node.name,node.url from my_role as role,my_role_user as user,my_access as access ,my_node as node where user.user_id='2' and user.role_id=role.id and ( access.role_id=role.id  or (access.role_id=role.pid and role.pid!=0 ) ) and role.status=1 and access.node_id=node.id and node.level=4 and node.pid=51 [ RunTime:0.0002s ]
SQL: select node.id,node.name,node.url from my_role as role,my_role_user as user,my_access as access ,my_node as node where user.user_id='2' and user.role_id=role.id and ( access.role_id=role.id  or (access.role_id=role.pid and role.pid!=0 ) ) and role.status=1 and access.node_id=node.id and node.level=4 and node.pid=52 [ RunTime:0.0002s ]
SQL: select node.id,node.name,node.url from my_role as role,my_role_user as user,my_access as access ,my_node as node where user.user_id='2' and user.role_id=role.id and ( access.role_id=role.id  or (access.role_id=role.pid and role.pid!=0 ) ) and role.status=1 and access.node_id=node.id and node.level=4 and node.pid=53 [ RunTime:0.0002s ]
SQL: select node.id,node.name,node.url from my_role as role,my_role_user as user,my_access as access ,my_node as node where user.user_id='2' and user.role_id=role.id and ( access.role_id=role.id  or (access.role_id=role.pid and role.pid!=0 ) ) and role.status=1 and access.node_id=node.id and node.level=4 and node.pid=54 [ RunTime:0.0002s ]
SQL: select node.id,node.name,node.url from my_role as role,my_role_user as user,my_access as access ,my_node as node where user.user_id='2' and user.role_id=role.id and ( access.role_id=role.id  or (access.role_id=role.pid and role.pid!=0 ) ) and role.status=1 and access.node_id=node.id and node.level=4 and node.pid=55 [ RunTime:0.0002s ]
SQL: select node.id,node.name,node.url from my_role as role,my_role_user as user,my_access as access ,my_node as node where user.user_id='2' and user.role_id=role.id and ( access.role_id=role.id  or (access.role_id=role.pid and role.pid!=0 ) ) and role.status=1 and access.node_id=node.id and node.level=4 and node.pid=56 [ RunTime:0.0002s ]
SQL: select node.id,node.name,node.url from my_role as role,my_role_user as user,my_access as access ,my_node as node where user.user_id='2' and user.role_id=role.id and ( access.role_id=role.id  or (access.role_id=role.pid and role.pid!=0 ) ) and role.status=1 and access.node_id=node.id and node.level=4 and node.pid=95 [ RunTime:0.0003s ]
SQL: select node.id,node.name,node.url from my_role as role,my_role_user as user,my_access as access ,my_node as node where user.user_id='2' and user.role_id=role.id and ( access.role_id=role.id  or (access.role_id=role.pid and role.pid!=0 ) ) and role.status=1 and access.node_id=node.id and node.level=4 and node.pid=96 [ RunTime:0.0002s ]
SQL: select node.id,node.name,node.url from my_role as role,my_role_user as user,my_access as access ,my_node as node where user.user_id='2' and user.role_id=role.id and ( access.role_id=role.id  or (access.role_id=role.pid and role.pid!=0 ) ) and role.status=1 and access.node_id=node.id and node.level=4 and node.pid=97 [ RunTime:0.0002s ]
SQL: select node.id,node.name,node.url from my_role as role,my_role_user as user,my_access as access ,my_node as node where user.user_id='2' and user.role_id=role.id and ( access.role_id=role.id  or (access.role_id=role.pid and role.pid!=0 ) ) and role.status=1 and access.node_id=node.id and node.level=4 and node.pid=98 [ RunTime:0.0003s ]
SQL: select node.id,node.name,node.url from my_role as role,my_role_user as user,my_access as access ,my_node as node where user.user_id='2' and user.role_id=role.id and ( access.role_id=role.id  or (access.role_id=role.pid and role.pid!=0 ) ) and role.status=1 and access.node_id=node.id and node.level=3 and node.pid=7 [ RunTime:0.0005s ]
SQL: select node.id,node.name,node.url from my_role as role,my_role_user as user,my_access as access ,my_node as node where user.user_id='2' and user.role_id=role.id and ( access.role_id=role.id  or (access.role_id=role.pid and role.pid!=0 ) ) and role.status=1 and access.node_id=node.id and node.level=4 and node.pid=74 [ RunTime:0.0002s ]
SQL: select node.id,node.name,node.url from my_role as role,my_role_user as user,my_access as access ,my_node as node where user.user_id='2' and user.role_id=role.id and ( access.role_id=role.id  or (access.role_id=role.pid and role.pid!=0 ) ) and role.status=1 and access.node_id=node.id and node.level=4 and node.pid=75 [ RunTime:0.0002s ]
SQL: select node.id,node.name,node.url from my_role as role,my_role_user as user,my_access as access ,my_node as node where user.user_id='2' and user.role_id=role.id and ( access.role_id=role.id  or (access.role_id=role.pid and role.pid!=0 ) ) and role.status=1 and access.node_id=node.id and node.level=4 and node.pid=76 [ RunTime:0.0002s ]
SQL: select node.id,node.name,node.url from my_role as role,my_role_user as user,my_access as access ,my_node as node where user.user_id='2' and user.role_id=role.id and ( access.role_id=role.id  or (access.role_id=role.pid and role.pid!=0 ) ) and role.status=1 and access.node_id=node.id and node.level=4 and node.pid=77 [ RunTime:0.0002s ]
SQL: select node.id,node.name,node.url from my_role as role,my_role_user as user,my_access as access ,my_node as node where user.user_id='2' and user.role_id=role.id and ( access.role_id=role.id  or (access.role_id=role.pid and role.pid!=0 ) ) and role.status=1 and access.node_id=node.id and node.level=4 and node.pid=252 [ RunTime:0.0002s ]
SQL: select node.id,node.name,node.url from my_role as role,my_role_user as user,my_access as access ,my_node as node where user.user_id='2' and user.role_id=role.id and ( access.role_id=role.id  or (access.role_id=role.pid and role.pid!=0 ) ) and role.status=1 and access.node_id=node.id and node.level=4 and node.pid=253 [ RunTime:0.0002s ]
SQL: select node.id,node.name,node.url from my_role as role,my_role_user as user,my_access as access ,my_node as node where user.user_id='2' and user.role_id=role.id and ( access.role_id=role.id  or (access.role_id=role.pid and role.pid!=0 ) ) and role.status=1 and access.node_id=node.id and node.level=4 and node.pid=254 [ RunTime:0.0002s ]
SQL: select node.id,node.name,node.url from my_role as role,my_role_user as user,my_access as access ,my_node as node where user.user_id='2' and user.role_id=role.id and ( access.role_id=role.id  or (access.role_id=role.pid and role.pid!=0 ) ) and role.status=1 and access.node_id=node.id and node.level=4 and node.pid=255 [ RunTime:0.0002s ]
SQL: select node.id,node.name,node.url from my_role as role,my_role_user as user,my_access as access ,my_node as node where user.user_id='2' and user.role_id=role.id and ( access.role_id=role.id  or (access.role_id=role.pid and role.pid!=0 ) ) and role.status=1 and access.node_id=node.id and node.level=4 and node.pid=256 [ RunTime:0.0002s ]
SQL: select node.id,node.name,node.url from my_role as role,my_role_user as user,my_access as access ,my_node as node where user.user_id='2' and user.role_id=role.id and ( access.role_id=role.id  or (access.role_id=role.pid and role.pid!=0 ) ) and role.status=1 and access.node_id=node.id and node.level=4 and node.pid=261 [ RunTime:0.0002s ]
SQL: select node.id,node.name,node.url from my_role as role,my_role_user as user,my_access as access ,my_node as node where user.user_id='2' and user.role_id=role.id and ( access.role_id=role.id  or (access.role_id=role.pid and role.pid!=0 ) ) and role.status=1 and access.node_id=node.id and node.level=4 and node.pid=262 [ RunTime:0.0002s ]
SQL: select node.id,node.name,node.url from my_role as role,my_role_user as user,my_access as access ,my_node as node where user.user_id='2' and user.role_id=role.id and ( access.role_id=role.id  or (access.role_id=role.pid and role.pid!=0 ) ) and role.status=1 and access.node_id=node.id and node.level=4 and node.pid=263 [ RunTime:0.0002s ]
SQL: select node.id,node.name,node.url from my_role as role,my_role_user as user,my_access as access ,my_node as node where user.user_id='2' and user.role_id=role.id and ( access.role_id=role.id  or (access.role_id=role.pid and role.pid!=0 ) ) and role.status=1 and access.node_id=node.id and node.level=4 and node.pid=264 [ RunTime:0.0002s ]
SQL: select node.id,node.name,node.url from my_role as role,my_role_user as user,my_access as access ,my_node as node where user.user_id='2' and user.role_id=role.id and ( access.role_id=role.id  or (access.role_id=role.pid and role.pid!=0 ) ) and role.status=1 and access.node_id=node.id and node.level=4 and node.pid=269 [ RunTime:0.0002s ]
SQL: select node.id,node.name,node.url from my_role as role,my_role_user as user,my_access as access ,my_node as node where user.user_id='2' and user.role_id=role.id and ( access.role_id=role.id  or (access.role_id=role.pid and role.pid!=0 ) ) and role.status=1 and access.node_id=node.id and node.level=4 and node.pid=270 [ RunTime:0.0002s ]
SQL: select node.id,node.name,node.url from my_role as role,my_role_user as user,my_access as access ,my_node as node where user.user_id='2' and user.role_id=role.id and ( access.role_id=role.id  or (access.role_id=role.pid and role.pid!=0 ) ) and role.status=1 and access.node_id=node.id and node.level=4 and node.pid=271 [ RunTime:0.0002s ]
SQL: select node.id,node.name,node.url from my_role as role,my_role_user as user,my_access as access ,my_node as node where user.user_id='2' and user.role_id=role.id and ( access.role_id=role.id  or (access.role_id=role.pid and role.pid!=0 ) ) and role.status=1 and access.node_id=node.id and node.level=4 and node.pid=272 [ RunTime:0.0002s ]
SQL: select node.id,node.name,node.url from my_role as role,my_role_user as user,my_access as access ,my_node as node where user.user_id='2' and user.role_id=role.id and ( access.role_id=role.id  or (access.role_id=role.pid and role.pid!=0 ) ) and role.status=1 and access.node_id=node.id and node.level=4 and node.pid=273 [ RunTime:0.0002s ]
SQL: select node.id,node.name,node.url from my_role as role,my_role_user as user,my_access as access ,my_node as node where user.user_id='2' and user.role_id=role.id and ( access.role_id=role.id  or (access.role_id=role.pid and role.pid!=0 ) ) and role.status=1 and access.node_id=node.id and node.level=4 and node.pid=274 [ RunTime:0.0002s ]
SQL: select node.id,node.name,node.url from my_role as role,my_role_user as user,my_access as access ,my_node as node where user.user_id='2' and user.role_id=role.id and ( access.role_id=role.id  or (access.role_id=role.pid and role.pid!=0 ) ) and role.status=1 and access.node_id=node.id and node.level=3 and node.pid=8 [ RunTime:0.0003s ]
SQL: select node.id,node.name,node.url from my_role as role,my_role_user as user,my_access as access ,my_node as node where user.user_id='2' and user.role_id=role.id and ( access.role_id=role.id  or (access.role_id=role.pid and role.pid!=0 ) ) and role.status=1 and access.node_id=node.id and node.level=4 and node.pid=36 [ RunTime:0.0002s ]
SQL: select node.id,node.name,node.url from my_role as role,my_role_user as user,my_access as access ,my_node as node where user.user_id='2' and user.role_id=role.id and ( access.role_id=role.id  or (access.role_id=role.pid and role.pid!=0 ) ) and role.status=1 and access.node_id=node.id and node.level=4 and node.pid=37 [ RunTime:0.0002s ]
SQL: select node.id,node.name,node.url from my_role as role,my_role_user as user,my_access as access ,my_node as node where user.user_id='2' and user.role_id=role.id and ( access.role_id=role.id  or (access.role_id=role.pid and role.pid!=0 ) ) and role.status=1 and access.node_id=node.id and node.level=4 and node.pid=38 [ RunTime:0.0002s ]
SQL: select node.id,node.name,node.url from my_role as role,my_role_user as user,my_access as access ,my_node as node where user.user_id='2' and user.role_id=role.id and ( access.role_id=role.id  or (access.role_id=role.pid and role.pid!=0 ) ) and role.status=1 and access.node_id=node.id and node.level=4 and node.pid=39 [ RunTime:0.0002s ]
SQL: select node.id,node.name,node.url from my_role as role,my_role_user as user,my_access as access ,my_node as node where user.user_id='2' and user.role_id=role.id and ( access.role_id=role.id  or (access.role_id=role.pid and role.pid!=0 ) ) and role.status=1 and access.node_id=node.id and node.level=4 and node.pid=40 [ RunTime:0.0002s ]
SQL: select node.id,node.name,node.url from my_role as role,my_role_user as user,my_access as access ,my_node as node where user.user_id='2' and user.role_id=role.id and ( access.role_id=role.id  or (access.role_id=role.pid and role.pid!=0 ) ) and role.status=1 and access.node_id=node.id and node.level=4 and node.pid=41 [ RunTime:0.0003s ]
SQL: select node.id,node.name,node.url from my_role as role,my_role_user as user,my_access as access ,my_node as node where user.user_id='2' and user.role_id=role.id and ( access.role_id=role.id  or (access.role_id=role.pid and role.pid!=0 ) ) and role.status=1 and access.node_id=node.id and node.level=4 and node.pid=42 [ RunTime:0.0004s ]
SQL: select node.id,node.name,node.url from my_role as role,my_role_user as user,my_access as access ,my_node as node where user.user_id='2' and user.role_id=role.id and ( access.role_id=role.id  or (access.role_id=role.pid and role.pid!=0 ) ) and role.status=1 and access.node_id=node.id and node.level=4 and node.pid=43 [ RunTime:0.0003s ]
SQL: select node.id,node.name,node.url from my_role as role,my_role_user as user,my_access as access ,my_node as node where user.user_id='2' and user.role_id=role.id and ( access.role_id=role.id  or (access.role_id=role.pid and role.pid!=0 ) ) and role.status=1 and access.node_id=node.id and node.level=4 and node.pid=44 [ RunTime:0.0003s ]
SQL: select node.id,node.name,node.url from my_role as role,my_role_user as user,my_access as access ,my_node as node where user.user_id='2' and user.role_id=role.id and ( access.role_id=role.id  or (access.role_id=role.pid and role.pid!=0 ) ) and role.status=1 and access.node_id=node.id and node.level=4 and node.pid=45 [ RunTime:0.0003s ]
SQL: select node.id,node.name,node.url from my_role as role,my_role_user as user,my_access as access ,my_node as node where user.user_id='2' and user.role_id=role.id and ( access.role_id=role.id  or (access.role_id=role.pid and role.pid!=0 ) ) and role.status=1 and access.node_id=node.id and node.level=4 and node.pid=46 [ RunTime:0.0005s ]
SQL: select node.id,node.name,node.url from my_role as role,my_role_user as user,my_access as access ,my_node as node where user.user_id='2' and user.role_id=role.id and ( access.role_id=role.id  or (access.role_id=role.pid and role.pid!=0 ) ) and role.status=1 and access.node_id=node.id and node.level=4 and node.pid=47 [ RunTime:0.0003s ]
SQL: select node.id,node.name,node.url from my_role as role,my_role_user as user,my_access as access ,my_node as node where user.user_id='2' and user.role_id=role.id and ( access.role_id=role.id  or (access.role_id=role.pid and role.pid!=0 ) ) and role.status=1 and access.node_id=node.id and node.level=4 and node.pid=48 [ RunTime:0.0002s ]
SQL: select node.id,node.name,node.url from my_role as role,my_role_user as user,my_access as access ,my_node as node where user.user_id='2' and user.role_id=role.id and ( access.role_id=role.id  or (access.role_id=role.pid and role.pid!=0 ) ) and role.status=1 and access.node_id=node.id and node.level=4 and node.pid=114 [ RunTime:0.0002s ]
SQL: select node.id,node.name,node.url from my_role as role,my_role_user as user,my_access as access ,my_node as node where user.user_id='2' and user.role_id=role.id and ( access.role_id=role.id  or (access.role_id=role.pid and role.pid!=0 ) ) and role.status=1 and access.node_id=node.id and node.level=4 and node.pid=117 [ RunTime:0.0002s ]
SQL: select node.id,node.name,node.url from my_role as role,my_role_user as user,my_access as access ,my_node as node where user.user_id='2' and user.role_id=role.id and ( access.role_id=role.id  or (access.role_id=role.pid and role.pid!=0 ) ) and role.status=1 and access.node_id=node.id and node.level=4 and node.pid=144 [ RunTime:0.0005s ]
SQL: select node.id,node.name,node.url from my_role as role,my_role_user as user,my_access as access ,my_node as node where user.user_id='2' and user.role_id=role.id and ( access.role_id=role.id  or (access.role_id=role.pid and role.pid!=0 ) ) and role.status=1 and access.node_id=node.id and node.level=3 and node.pid=197 [ RunTime:0.0003s ]
SQL: select node.id,node.name,node.url from my_role as role,my_role_user as user,my_access as access ,my_node as node where user.user_id='2' and user.role_id=role.id and ( access.role_id=role.id  or (access.role_id=role.pid and role.pid!=0 ) ) and role.status=1 and access.node_id=node.id and node.level=4 and node.pid=257 [ RunTime:0.0002s ]
SQL: select node.id,node.name,node.url from my_role as role,my_role_user as user,my_access as access ,my_node as node where user.user_id='2' and user.role_id=role.id and ( access.role_id=role.id  or (access.role_id=role.pid and role.pid!=0 ) ) and role.status=1 and access.node_id=node.id and node.level=4 and node.pid=258 [ RunTime:0.0002s ]
SQL: select node.id,node.name,node.url from my_role as role,my_role_user as user,my_access as access ,my_node as node where user.user_id='2' and user.role_id=role.id and ( access.role_id=role.id  or (access.role_id=role.pid and role.pid!=0 ) ) and role.status=1 and access.node_id=node.id and node.level=4 and node.pid=259 [ RunTime:0.0002s ]
SQL: select node.id,node.name,node.url from my_role as role,my_role_user as user,my_access as access ,my_node as node where user.user_id='2' and user.role_id=role.id and ( access.role_id=role.id  or (access.role_id=role.pid and role.pid!=0 ) ) and role.status=1 and access.node_id=node.id and node.level=4 and node.pid=260 [ RunTime:0.0002s ]
SQL: select node.id,node.name,node.url from my_role as role,my_role_user as user,my_access as access ,my_node as node where user.user_id='2' and user.role_id=role.id and ( access.role_id=role.id  or (access.role_id=role.pid and role.pid!=0 ) ) and role.status=1 and access.node_id=node.id and node.level=3 and node.pid=265 [ RunTime:0.0003s ]
SQL: select node.id,node.name,node.url from my_role as role,my_role_user as user,my_access as access ,my_node as node where user.user_id='2' and user.role_id=role.id and ( access.role_id=role.id  or (access.role_id=role.pid and role.pid!=0 ) ) and role.status=1 and access.node_id=node.id and node.level=4 and node.pid=266 [ RunTime:0.0002s ]
SQL: select node.id,node.name,node.url from my_role as role,my_role_user as user,my_access as access ,my_node as node where user.user_id='2' and user.role_id=role.id and ( access.role_id=role.id  or (access.role_id=role.pid and role.pid!=0 ) ) and role.status=1 and access.node_id=node.id and node.level=4 and node.pid=267 [ RunTime:0.0002s ]
SQL: select node.id,node.name,node.url from my_role as role,my_role_user as user,my_access as access ,my_node as node where user.user_id='2' and user.role_id=role.id and ( access.role_id=role.id  or (access.role_id=role.pid and role.pid!=0 ) ) and role.status=1 and access.node_id=node.id and node.level=4 and node.pid=268 [ RunTime:0.0002s ]
NOTIC: [8] Undefined index: e75ec005510f78f7ccc36c77df759884 /var/www/git/youyiqianbao/ThinkPHP/Library/Org/Util/Rbac.class.php 第 171 行.
SQL: SHOW COLUMNS FROM `my_member` [ RunTime:0.0016s ]
SQL: SELECT * FROM `my_member` WHERE `fid` = 208 ORDER BY id desc LIMIT 100   [ RunTime:0.0011s ]
SQL: SELECT * FROM `my_member` WHERE `id` = 208 LIMIT 1   [ RunTime:0.0003s ]
SQL: SHOW COLUMNS FROM `my_member_info` [ RunTime:0.0013s ]
SQL: SELECT * FROM `my_member_info` WHERE `memberid` = 208 LIMIT 1   [ RunTime:0.1492s ]
SQL: SELECT * FROM `my_member_info` WHERE `memberid` = 208 LIMIT 1   [ RunTime:0.0090s ]
NOTIC: [2] Invalid argument supplied for foreach() /var/www/git/youyiqianbao/Application/Admin/Controller/MemberController.class.php 第 388 行.
NOTIC: [2] Invalid argument supplied for foreach() /var/www/git/youyiqianbao/Application/Common/Common/app.php 第 295 行.
NOTIC: [2] array_multisort(): Argument #1 is expected to be an array or a sort flag /var/www/git/youyiqianbao/Application/Common/Common/app.php 第 300 行.
NOTIC: [2] Invalid argument supplied for foreach() /var/www/git/youyiqianbao/Application/Admin/Controller/MemberController.class.php 第 396 行.
NOTIC: [2] Invalid argument supplied for foreach() /var/www/git/youyiqianbao/Application/Common/Common/app.php 第 295 行.
NOTIC: [2] array_multisort(): Argument #1 is expected to be an array or a sort flag /var/www/git/youyiqianbao/Application/Common/Common/app.php 第 300 行.
NOTIC: [2] Invalid argument supplied for foreach() /var/www/git/youyiqianbao/Application/Admin/Controller/MemberController.class.php 第 401 行.
SQL: SELECT * FROM `my_member_info` WHERE `memberid` = 208 LIMIT 1   [ RunTime:0.0069s ]
SQL: SELECT * FROM `my_member_info` WHERE `memberid` = 208 LIMIT 1   [ RunTime:0.0069s ]
SQL: SELECT * FROM `my_member` WHERE `id` = 208 LIMIT 1   [ RunTime:0.0003s ]
SQL: SELECT * FROM `my_member_info` WHERE `memberid` = 208 LIMIT 1   [ RunTime:0.0078s ]
NOTIC: [8] Undefined variable: bankinfo /var/www/git/youyiqianbao/Application/Admin/Controller/MemberController.class.php 第 447 行.
INFO: [ view_parse ] --START--
INFO: [ template_filter ] --START--
INFO: Run Behavior\ContentReplaceBehavior [ RunTime:0.000295s ]
INFO: [ template_filter ] --END-- [ RunTime:0.000333s ]
NOTIC: [2] Illegal string offset 'relationship' /var/www/git/youyiqianbao/Application/Runtime/Cache/Admin/f121665ae9dbf5cb6a4dbc23b665e6be.php 第 350 行.
NOTIC: [2] Illegal string offset 'relationship' /var/www/git/youyiqianbao/Application/Runtime/Cache/Admin/f121665ae9dbf5cb6a4dbc23b665e6be.php 第 351 行.
NOTIC: [2] Illegal string offset 'relationship' /var/www/git/youyiqianbao/Application/Runtime/Cache/Admin/f121665ae9dbf5cb6a4dbc23b665e6be.php 第 352 行.
NOTIC: [2] Illegal string offset 'relationship' /var/www/git/youyiqianbao/Application/Runtime/Cache/Admin/f121665ae9dbf5cb6a4dbc23b665e6be.php 第 353 行.
NOTIC: [2] Illegal string offset 'relationship' /var/www/git/youyiqianbao/Application/Runtime/Cache/Admin/f121665ae9dbf5cb6a4dbc23b665e6be.php 第 354 行.
NOTIC: [2] Illegal string offset 'relationship' /var/www/git/youyiqianbao/Application/Runtime/Cache/Admin/f121665ae9dbf5cb6a4dbc23b665e6be.php 第 355 行.
NOTIC: [2] Illegal string offset 'relationship' /var/www/git/youyiqianbao/Application/Runtime/Cache/Admin/f121665ae9dbf5cb6a4dbc23b665e6be.php 第 356 行.
NOTIC: [2] Illegal string offset 'relationship' /var/www/git/youyiqianbao/Application/Runtime/Cache/Admin/f121665ae9dbf5cb6a4dbc23b665e6be.php 第 357 行.
NOTIC: [2] Illegal string offset 'relationship' /var/www/git/youyiqianbao/Application/Runtime/Cache/Admin/f121665ae9dbf5cb6a4dbc23b665e6be.php 第 368 行.
NOTIC: [2] Illegal string offset 'relationship' /var/www/git/youyiqianbao/Application/Runtime/Cache/Admin/f121665ae9dbf5cb6a4dbc23b665e6be.php 第 369 行.
NOTIC: [2] Illegal string offset 'relationship' /var/www/git/youyiqianbao/Application/Runtime/Cache/Admin/f121665ae9dbf5cb6a4dbc23b665e6be.php 第 370 行.
NOTIC: [2] Illegal string offset 'relationship' /var/www/git/youyiqianbao/Application/Runtime/Cache/Admin/f121665ae9dbf5cb6a4dbc23b665e6be.php 第 371 行.
NOTIC: [2] Illegal string offset 'relationship' /var/www/git/youyiqianbao/Application/Runtime/Cache/Admin/f121665ae9dbf5cb6a4dbc23b665e6be.php 第 372 行.
NOTIC: [2] Illegal string offset 'relationship' /var/www/git/youyiqianbao/Application/Runtime/Cache/Admin/f121665ae9dbf5cb6a4dbc23b665e6be.php 第 373 行.
NOTIC: [2] Illegal string offset 'relationship' /var/www/git/youyiqianbao/Application/Runtime/Cache/Admin/f121665ae9dbf5cb6a4dbc23b665e6be.php 第 374 行.
NOTIC: [2] Illegal string offset 'relationship' /var/www/git/youyiqianbao/Application/Runtime/Cache/Admin/f121665ae9dbf5cb6a4dbc23b665e6be.php 第 375 行.
NOTIC: [8] Undefined variable:  /var/www/git/youyiqianbao/Application/Runtime/Cache/Admin/f121665ae9dbf5cb6a4dbc23b665e6be.php 第 846 行.
NOTIC: [8] Undefined variable:  /var/www/git/youyiqianbao/Application/Runtime/Cache/Admin/f121665ae9dbf5cb6a4dbc23b665e6be.php 第 870 行.
NOTIC: [8] Undefined index: taskResult /var/www/git/youyiqianbao/Application/Runtime/Cache/Admin/f121665ae9dbf5cb6a4dbc23b665e6be.php 第 1100 行.
NOTIC: [2] Invalid argument supplied for foreach() /var/www/git/youyiqianbao/Application/Runtime/Cache/Admin/f121665ae9dbf5cb6a4dbc23b665e6be.php 第 1100 行.
NOTIC: [8] Undefined index: taskResult /var/www/git/youyiqianbao/Application/Runtime/Cache/Admin/f121665ae9dbf5cb6a4dbc23b665e6be.php 第 1104 行.
NOTIC: [2] Invalid argument supplied for foreach() /var/www/git/youyiqianbao/Application/Runtime/Cache/Admin/f121665ae9dbf5cb6a4dbc23b665e6be.php 第 1104 行.
NOTIC: [8] Undefined index: response /var/www/git/youyiqianbao/Application/Runtime/Cache/Admin/f121665ae9dbf5cb6a4dbc23b665e6be.php 第 1100 行.
NOTIC: [2] Invalid argument supplied for foreach() /var/www/git/youyiqianbao/Application/Runtime/Cache/Admin/f121665ae9dbf5cb6a4dbc23b665e6be.php 第 1100 行.
NOTIC: [8] Undefined index: response /var/www/git/youyiqianbao/Application/Runtime/Cache/Admin/f121665ae9dbf5cb6a4dbc23b665e6be.php 第 1104 行.
NOTIC: [2] Invalid argument supplied for foreach() /var/www/git/youyiqianbao/Application/Runtime/Cache/Admin/f121665ae9dbf5cb6a4dbc23b665e6be.php 第 1104 行.
NOTIC: [8] Undefined index: response /var/www/git/youyiqianbao/Application/Runtime/Cache/Admin/f121665ae9dbf5cb6a4dbc23b665e6be.php 第 1100 行.
NOTIC: [2] Invalid argument supplied for foreach() /var/www/git/youyiqianbao/Application/Runtime/Cache/Admin/f121665ae9dbf5cb6a4dbc23b665e6be.php 第 1100 行.
NOTIC: [8] Undefined index: response /var/www/git/youyiqianbao/Application/Runtime/Cache/Admin/f121665ae9dbf5cb6a4dbc23b665e6be.php 第 1104 行.
NOTIC: [2] Invalid argument supplied for foreach() /var/www/git/youyiqianbao/Application/Runtime/Cache/Admin/f121665ae9dbf5cb6a4dbc23b665e6be.php 第 1104 行.
NOTIC: [8] Undefined index: taskResult /var/www/git/youyiqianbao/Application/Runtime/Cache/Admin/f121665ae9dbf5cb6a4dbc23b665e6be.php 第 1100 行.
NOTIC: [2] Invalid argument supplied for foreach() /var/www/git/youyiqianbao/Application/Runtime/Cache/Admin/f121665ae9dbf5cb6a4dbc23b665e6be.php 第 1100 行.
NOTIC: [8] Undefined index: taskResult /var/www/git/youyiqianbao/Application/Runtime/Cache/Admin/f121665ae9dbf5cb6a4dbc23b665e6be.php 第 1104 行.
NOTIC: [2] Invalid argument supplied for foreach() /var/www/git/youyiqianbao/Application/Runtime/Cache/Admin/f121665ae9dbf5cb6a4dbc23b665e6be.php 第 1104 行.
NOTIC: [8] Undefined index: taskResult /var/www/git/youyiqianbao/Application/Runtime/Cache/Admin/f121665ae9dbf5cb6a4dbc23b665e6be.php 第 1128 行.
NOTIC: [2] Invalid argument supplied for foreach() /var/www/git/youyiqianbao/Application/Runtime/Cache/Admin/f121665ae9dbf5cb6a4dbc23b665e6be.php 第 1128 行.
NOTIC: [8] Undefined index: taskResult /var/www/git/youyiqianbao/Application/Runtime/Cache/Admin/f121665ae9dbf5cb6a4dbc23b665e6be.php 第 1132 行.
NOTIC: [2] Invalid argument supplied for foreach() /var/www/git/youyiqianbao/Application/Runtime/Cache/Admin/f121665ae9dbf5cb6a4dbc23b665e6be.php 第 1132 行.
NOTIC: [8] Undefined index: response /var/www/git/youyiqianbao/Application/Runtime/Cache/Admin/f121665ae9dbf5cb6a4dbc23b665e6be.php 第 1123 行.
NOTIC: [8] Undefined index: response /var/www/git/youyiqianbao/Application/Runtime/Cache/Admin/f121665ae9dbf5cb6a4dbc23b665e6be.php 第 1128 行.
NOTIC: [2] Invalid argument supplied for foreach() /var/www/git/youyiqianbao/Application/Runtime/Cache/Admin/f121665ae9dbf5cb6a4dbc23b665e6be.php 第 1128 行.
NOTIC: [8] Undefined index: response /var/www/git/youyiqianbao/Application/Runtime/Cache/Admin/f121665ae9dbf5cb6a4dbc23b665e6be.php 第 1132 行.
NOTIC: [2] Invalid argument supplied for foreach() /var/www/git/youyiqianbao/Application/Runtime/Cache/Admin/f121665ae9dbf5cb6a4dbc23b665e6be.php 第 1132 行.
NOTIC: [8] Undefined index: response /var/www/git/youyiqianbao/Application/Runtime/Cache/Admin/f121665ae9dbf5cb6a4dbc23b665e6be.php 第 1123 行.
NOTIC: [8] Undefined index: response /var/www/git/youyiqianbao/Application/Runtime/Cache/Admin/f121665ae9dbf5cb6a4dbc23b665e6be.php 第 1128 行.
NOTIC: [2] Invalid argument supplied for foreach() /var/www/git/youyiqianbao/Application/Runtime/Cache/Admin/f121665ae9dbf5cb6a4dbc23b665e6be.php 第 1128 行.
NOTIC: [8] Undefined index: response /var/www/git/youyiqianbao/Application/Runtime/Cache/Admin/f121665ae9dbf5cb6a4dbc23b665e6be.php 第 1132 行.
NOTIC: [2] Invalid argument supplied for foreach() /var/www/git/youyiqianbao/Application/Runtime/Cache/Admin/f121665ae9dbf5cb6a4dbc23b665e6be.php 第 1132 行.
NOTIC: [8] Undefined index: taskResult /var/www/git/youyiqianbao/Application/Runtime/Cache/Admin/f121665ae9dbf5cb6a4dbc23b665e6be.php 第 1128 行.
NOTIC: [2] Invalid argument supplied for foreach() /var/www/git/youyiqianbao/Application/Runtime/Cache/Admin/f121665ae9dbf5cb6a4dbc23b665e6be.php 第 1128 行.
NOTIC: [8] Undefined index: taskResult /var/www/git/youyiqianbao/Application/Runtime/Cache/Admin/f121665ae9dbf5cb6a4dbc23b665e6be.php 第 1132 行.
NOTIC: [2] Invalid argument supplied for foreach() /var/www/git/youyiqianbao/Application/Runtime/Cache/Admin/f121665ae9dbf5cb6a4dbc23b665e6be.php 第 1132 行.
INFO: Run Behavior\ParseTemplateBehavior [ RunTime:0.026445s ]
INFO: [ view_parse ] --END-- [ RunTime:0.026480s ]
INFO: [ view_filter ] --START--
INFO: Run Behavior\WriteHtmlCacheBehavior [ RunTime:0.000351s ]
INFO: [ view_filter ] --END-- [ RunTime:0.000369s ]
INFO: [ app_end ] --START--
INFO: Run Behavior\ShowPageTraceBehavior [ RunTime:0.001622s ]
INFO: [ app_end ] --END-- [ RunTime:0.001676s ]

[ 2018-06-11T12:57:26+08:00 ] 127.0.0.1 /Admin/Member/editMember/id/208.html
INFO: [ app_init ] --START--
INFO: Run Behavior\BuildLiteBehavior [ RunTime:0.000011s ]
INFO: [ app_init ] --END-- [ RunTime:0.000098s ]
INFO: [ app_begin ] --START--
INFO: Run Behavior\ReadHtmlCacheBehavior [ RunTime:0.000034s ]
INFO: [ app_begin ] --END-- [ RunTime:0.000056s ]
SQL: SHOW COLUMNS FROM `my_member` [ RunTime:0.0013s ]
SQL: SELECT * FROM `my_member` WHERE `fid` = 208 ORDER BY id desc LIMIT 100   [ RunTime:0.0009s ]
SQL: SELECT * FROM `my_member` WHERE `id` = 208 LIMIT 1   [ RunTime:0.0007s ]
SQL: SHOW COLUMNS FROM `my_member_info` [ RunTime:0.0005s ]
SQL: SELECT * FROM `my_member_info` WHERE `memberid` = 208 LIMIT 1   [ RunTime:0.0095s ]
SQL: SELECT * FROM `my_member_info` WHERE `memberid` = 208 LIMIT 1   [ RunTime:0.0072s ]
NOTIC: [2] Invalid argument supplied for foreach() /var/www/git/youyiqianbao/Application/Admin/Controller/MemberController.class.php 第 388 行.
NOTIC: [2] Invalid argument supplied for foreach() /var/www/git/youyiqianbao/Application/Common/Common/app.php 第 295 行.
NOTIC: [2] array_multisort(): Argument #1 is expected to be an array or a sort flag /var/www/git/youyiqianbao/Application/Common/Common/app.php 第 300 行.
NOTIC: [2] Invalid argument supplied for foreach() /var/www/git/youyiqianbao/Application/Admin/Controller/MemberController.class.php 第 396 行.
NOTIC: [2] Invalid argument supplied for foreach() /var/www/git/youyiqianbao/Application/Common/Common/app.php 第 295 行.
NOTIC: [2] array_multisort(): Argument #1 is expected to be an array or a sort flag /var/www/git/youyiqianbao/Application/Common/Common/app.php 第 300 行.
NOTIC: [2] Invalid argument supplied for foreach() /var/www/git/youyiqianbao/Application/Admin/Controller/MemberController.class.php 第 401 行.
SQL: SELECT * FROM `my_member_info` WHERE `memberid` = 208 LIMIT 1   [ RunTime:0.0099s ]
SQL: SELECT * FROM `my_member_info` WHERE `memberid` = 208 LIMIT 1   [ RunTime:0.0067s ]
SQL: SELECT * FROM `my_member` WHERE `id` = 208 LIMIT 1   [ RunTime:0.0003s ]
SQL: SELECT * FROM `my_member_info` WHERE `memberid` = 208 LIMIT 1   [ RunTime:0.0092s ]
NOTIC: [8] Undefined variable: bankinfo /var/www/git/youyiqianbao/Application/Admin/Controller/MemberController.class.php 第 447 行.
INFO: [ view_parse ] --START--
INFO: [ template_filter ] --START--
INFO: Run Behavior\ContentReplaceBehavior [ RunTime:0.000302s ]
INFO: [ template_filter ] --END-- [ RunTime:0.000331s ]
NOTIC: [2] Illegal string offset 'relationship' /var/www/git/youyiqianbao/Application/Runtime/Cache/Admin/f121665ae9dbf5cb6a4dbc23b665e6be.php 第 350 行.
NOTIC: [2] Illegal string offset 'relationship' /var/www/git/youyiqianbao/Application/Runtime/Cache/Admin/f121665ae9dbf5cb6a4dbc23b665e6be.php 第 351 行.
NOTIC: [2] Illegal string offset 'relationship' /var/www/git/youyiqianbao/Application/Runtime/Cache/Admin/f121665ae9dbf5cb6a4dbc23b665e6be.php 第 352 行.
NOTIC: [2] Illegal string offset 'relationship' /var/www/git/youyiqianbao/Application/Runtime/Cache/Admin/f121665ae9dbf5cb6a4dbc23b665e6be.php 第 353 行.
NOTIC: [2] Illegal string offset 'relationship' /var/www/git/youyiqianbao/Application/Runtime/Cache/Admin/f121665ae9dbf5cb6a4dbc23b665e6be.php 第 354 行.
NOTIC: [2] Illegal string offset 'relationship' /var/www/git/youyiqianbao/Application/Runtime/Cache/Admin/f121665ae9dbf5cb6a4dbc23b665e6be.php 第 355 行.
NOTIC: [2] Illegal string offset 'relationship' /var/www/git/youyiqianbao/Application/Runtime/Cache/Admin/f121665ae9dbf5cb6a4dbc23b665e6be.php 第 356 行.
NOTIC: [2] Illegal string offset 'relationship' /var/www/git/youyiqianbao/Application/Runtime/Cache/Admin/f121665ae9dbf5cb6a4dbc23b665e6be.php 第 357 行.
NOTIC: [2] Illegal string offset 'relationship' /var/www/git/youyiqianbao/Application/Runtime/Cache/Admin/f121665ae9dbf5cb6a4dbc23b665e6be.php 第 368 行.
NOTIC: [2] Illegal string offset 'relationship' /var/www/git/youyiqianbao/Application/Runtime/Cache/Admin/f121665ae9dbf5cb6a4dbc23b665e6be.php 第 369 行.
NOTIC: [2] Illegal string offset 'relationship' /var/www/git/youyiqianbao/Application/Runtime/Cache/Admin/f121665ae9dbf5cb6a4dbc23b665e6be.php 第 370 行.
NOTIC: [2] Illegal string offset 'relationship' /var/www/git/youyiqianbao/Application/Runtime/Cache/Admin/f121665ae9dbf5cb6a4dbc23b665e6be.php 第 371 行.
NOTIC: [2] Illegal string offset 'relationship' /var/www/git/youyiqianbao/Application/Runtime/Cache/Admin/f121665ae9dbf5cb6a4dbc23b665e6be.php 第 372 行.
NOTIC: [2] Illegal string offset 'relationship' /var/www/git/youyiqianbao/Application/Runtime/Cache/Admin/f121665ae9dbf5cb6a4dbc23b665e6be.php 第 373 行.
NOTIC: [2] Illegal string offset 'relationship' /var/www/git/youyiqianbao/Application/Runtime/Cache/Admin/f121665ae9dbf5cb6a4dbc23b665e6be.php 第 374 行.
NOTIC: [2] Illegal string offset 'relationship' /var/www/git/youyiqianbao/Application/Runtime/Cache/Admin/f121665ae9dbf5cb6a4dbc23b665e6be.php 第 375 行.
NOTIC: [8] Undefined variable:  /var/www/git/youyiqianbao/Application/Runtime/Cache/Admin/f121665ae9dbf5cb6a4dbc23b665e6be.php 第 846 行.
NOTIC: [8] Undefined variable:  /var/www/git/youyiqianbao/Application/Runtime/Cache/Admin/f121665ae9dbf5cb6a4dbc23b665e6be.php 第 870 行.
NOTIC: [8] Undefined index: taskResult /var/www/git/youyiqianbao/Application/Runtime/Cache/Admin/f121665ae9dbf5cb6a4dbc23b665e6be.php 第 1100 行.
NOTIC: [2] Invalid argument supplied for foreach() /var/www/git/youyiqianbao/Application/Runtime/Cache/Admin/f121665ae9dbf5cb6a4dbc23b665e6be.php 第 1100 行.
NOTIC: [8] Undefined index: taskResult /var/www/git/youyiqianbao/Application/Runtime/Cache/Admin/f121665ae9dbf5cb6a4dbc23b665e6be.php 第 1104 行.
NOTIC: [2] Invalid argument supplied for foreach() /var/www/git/youyiqianbao/Application/Runtime/Cache/Admin/f121665ae9dbf5cb6a4dbc23b665e6be.php 第 1104 行.
NOTIC: [8] Undefined index: response /var/www/git/youyiqianbao/Application/Runtime/Cache/Admin/f121665ae9dbf5cb6a4dbc23b665e6be.php 第 1100 行.
NOTIC: [2] Invalid argument supplied for foreach() /var/www/git/youyiqianbao/Application/Runtime/Cache/Admin/f121665ae9dbf5cb6a4dbc23b665e6be.php 第 1100 行.
NOTIC: [8] Undefined index: response /var/www/git/youyiqianbao/Application/Runtime/Cache/Admin/f121665ae9dbf5cb6a4dbc23b665e6be.php 第 1104 行.
NOTIC: [2] Invalid argument supplied for foreach() /var/www/git/youyiqianbao/Application/Runtime/Cache/Admin/f121665ae9dbf5cb6a4dbc23b665e6be.php 第 1104 行.
NOTIC: [8] Undefined index: response /var/www/git/youyiqianbao/Application/Runtime/Cache/Admin/f121665ae9dbf5cb6a4dbc23b665e6be.php 第 1100 行.
NOTIC: [2] Invalid argument supplied for foreach() /var/www/git/youyiqianbao/Application/Runtime/Cache/Admin/f121665ae9dbf5cb6a4dbc23b665e6be.php 第 1100 行.
NOTIC: [8] Undefined index: response /var/www/git/youyiqianbao/Application/Runtime/Cache/Admin/f121665ae9dbf5cb6a4dbc23b665e6be.php 第 1104 行.
NOTIC: [2] Invalid argument supplied for foreach() /var/www/git/youyiqianbao/Application/Runtime/Cache/Admin/f121665ae9dbf5cb6a4dbc23b665e6be.php 第 1104 行.
NOTIC: [8] Undefined index: taskResult /var/www/git/youyiqianbao/Application/Runtime/Cache/Admin/f121665ae9dbf5cb6a4dbc23b665e6be.php 第 1100 行.
NOTIC: [2] Invalid argument supplied for foreach() /var/www/git/youyiqianbao/Application/Runtime/Cache/Admin/f121665ae9dbf5cb6a4dbc23b665e6be.php 第 1100 行.
NOTIC: [8] Undefined index: taskResult /var/www/git/youyiqianbao/Application/Runtime/Cache/Admin/f121665ae9dbf5cb6a4dbc23b665e6be.php 第 1104 行.
NOTIC: [2] Invalid argument supplied for foreach() /var/www/git/youyiqianbao/Application/Runtime/Cache/Admin/f121665ae9dbf5cb6a4dbc23b665e6be.php 第 1104 行.
NOTIC: [8] Undefined index: taskResult /var/www/git/youyiqianbao/Application/Runtime/Cache/Admin/f121665ae9dbf5cb6a4dbc23b665e6be.php 第 1128 行.
NOTIC: [2] Invalid argument supplied for foreach() /var/www/git/youyiqianbao/Application/Runtime/Cache/Admin/f121665ae9dbf5cb6a4dbc23b665e6be.php 第 1128 行.
NOTIC: [8] Undefined index: taskResult /var/www/git/youyiqianbao/Application/Runtime/Cache/Admin/f121665ae9dbf5cb6a4dbc23b665e6be.php 第 1132 行.
NOTIC: [2] Invalid argument supplied for foreach() /var/www/git/youyiqianbao/Application/Runtime/Cache/Admin/f121665ae9dbf5cb6a4dbc23b665e6be.php 第 1132 行.
NOTIC: [8] Undefined index: response /var/www/git/youyiqianbao/Application/Runtime/Cache/Admin/f121665ae9dbf5cb6a4dbc23b665e6be.php 第 1123 行.
NOTIC: [8] Undefined index: response /var/www/git/youyiqianbao/Application/Runtime/Cache/Admin/f121665ae9dbf5cb6a4dbc23b665e6be.php 第 1128 行.
NOTIC: [2] Invalid argument supplied for foreach() /var/www/git/youyiqianbao/Application/Runtime/Cache/Admin/f121665ae9dbf5cb6a4dbc23b665e6be.php 第 1128 行.
NOTIC: [8] Undefined index: response /var/www/git/youyiqianbao/Application/Runtime/Cache/Admin/f121665ae9dbf5cb6a4dbc23b665e6be.php 第 1132 行.
NOTIC: [2] Invalid argument supplied for foreach() /var/www/git/youyiqianbao/Application/Runtime/Cache/Admin/f121665ae9dbf5cb6a4dbc23b665e6be.php 第 1132 行.
NOTIC: [8] Undefined index: response /var/www/git/youyiqianbao/Application/Runtime/Cache/Admin/f121665ae9dbf5cb6a4dbc23b665e6be.php 第 1123 行.
NOTIC: [8] Undefined index: response /var/www/git/youyiqianbao/Application/Runtime/Cache/Admin/f121665ae9dbf5cb6a4dbc23b665e6be.php 第 1128 行.
NOTIC: [2] Invalid argument supplied for foreach() /var/www/git/youyiqianbao/Application/Runtime/Cache/Admin/f121665ae9dbf5cb6a4dbc23b665e6be.php 第 1128 行.
NOTIC: [8] Undefined index: response /var/www/git/youyiqianbao/Application/Runtime/Cache/Admin/f121665ae9dbf5cb6a4dbc23b665e6be.php 第 1132 行.
NOTIC: [2] Invalid argument supplied for foreach() /var/www/git/youyiqianbao/Application/Runtime/Cache/Admin/f121665ae9dbf5cb6a4dbc23b665e6be.php 第 1132 行.
NOTIC: [8] Undefined index: taskResult /var/www/git/youyiqianbao/Application/Runtime/Cache/Admin/f121665ae9dbf5cb6a4dbc23b665e6be.php 第 1128 行.
NOTIC: [2] Invalid argument supplied for foreach() /var/www/git/youyiqianbao/Application/Runtime/Cache/Admin/f121665ae9dbf5cb6a4dbc23b665e6be.php 第 1128 行.
NOTIC: [8] Undefined index: taskResult /var/www/git/youyiqianbao/Application/Runtime/Cache/Admin/f121665ae9dbf5cb6a4dbc23b665e6be.php 第 1132 行.
NOTIC: [2] Invalid argument supplied for foreach() /var/www/git/youyiqianbao/Application/Runtime/Cache/Admin/f121665ae9dbf5cb6a4dbc23b665e6be.php 第 1132 行.
INFO: Run Behavior\ParseTemplateBehavior [ RunTime:0.015500s ]
INFO: [ view_parse ] --END-- [ RunTime:0.015549s ]
INFO: [ view_filter ] --START--
INFO: Run Behavior\WriteHtmlCacheBehavior [ RunTime:0.000030s ]
INFO: [ view_filter ] --END-- [ RunTime:0.000042s ]
INFO: [ app_end ] --START--
INFO: Run Behavior\ShowPageTraceBehavior [ RunTime:0.000031s ]
INFO: [ app_end ] --END-- [ RunTime:0.000057s ]

[ 2018-06-11T13:10:07+08:00 ] 127.0.0.1 /Admin/Member/editMember/id/208.html
INFO: [ app_init ] --START--
INFO: Run Behavior\BuildLiteBehavior [ RunTime:0.000006s ]
INFO: [ app_init ] --END-- [ RunTime:0.000058s ]
INFO: [ app_begin ] --START--
INFO: Run Behavior\ReadHtmlCacheBehavior [ RunTime:0.000031s ]
INFO: [ app_begin ] --END-- [ RunTime:0.000054s ]
SQL: SHOW COLUMNS FROM `my_member` [ RunTime:0.0078s ]
SQL: SELECT * FROM `my_member` WHERE `fid` = 208 ORDER BY id desc LIMIT 100   [ RunTime:0.0012s ]
SQL: SELECT * FROM `my_member` WHERE `id` = 208 LIMIT 1   [ RunTime:0.0013s ]
SQL: SHOW COLUMNS FROM `my_member_info` [ RunTime:0.0005s ]
SQL: SELECT * FROM `my_member_info` WHERE `memberid` = 208 LIMIT 1   [ RunTime:0.0256s ]
SQL: SELECT * FROM `my_member_info` WHERE `memberid` = 208 LIMIT 1   [ RunTime:0.0304s ]
NOTIC: [2] Invalid argument supplied for foreach() /var/www/git/youyiqianbao/Application/Admin/Controller/MemberController.class.php 第 388 行.
NOTIC: [2] Invalid argument supplied for foreach() /var/www/git/youyiqianbao/Application/Common/Common/app.php 第 295 行.
NOTIC: [2] array_multisort(): Argument #1 is expected to be an array or a sort flag /var/www/git/youyiqianbao/Application/Common/Common/app.php 第 300 行.
NOTIC: [2] Invalid argument supplied for foreach() /var/www/git/youyiqianbao/Application/Admin/Controller/MemberController.class.php 第 396 行.
NOTIC: [2] Invalid argument supplied for foreach() /var/www/git/youyiqianbao/Application/Common/Common/app.php 第 295 行.
NOTIC: [2] array_multisort(): Argument #1 is expected to be an array or a sort flag /var/www/git/youyiqianbao/Application/Common/Common/app.php 第 300 行.
NOTIC: [2] Invalid argument supplied for foreach() /var/www/git/youyiqianbao/Application/Admin/Controller/MemberController.class.php 第 401 行.
SQL: SELECT * FROM `my_member_info` WHERE `memberid` = 208 LIMIT 1   [ RunTime:0.0346s ]
SQL: SELECT * FROM `my_member_info` WHERE `memberid` = 208 LIMIT 1   [ RunTime:0.0301s ]
SQL: SELECT * FROM `my_member` WHERE `id` = 208 LIMIT 1   [ RunTime:0.0027s ]
SQL: SELECT * FROM `my_member_info` WHERE `memberid` = 208 LIMIT 1   [ RunTime:0.0283s ]
NOTIC: [8] Undefined variable: bankinfo /var/www/git/youyiqianbao/Application/Admin/Controller/MemberController.class.php 第 447 行.
INFO: [ view_parse ] --START--
INFO: [ template_filter ] --START--
INFO: Run Behavior\ContentReplaceBehavior [ RunTime:0.000413s ]
INFO: [ template_filter ] --END-- [ RunTime:0.000599s ]
NOTIC: [2] Illegal string offset 'relationship' /var/www/git/youyiqianbao/Application/Runtime/Cache/Admin/f121665ae9dbf5cb6a4dbc23b665e6be.php 第 350 行.
NOTIC: [2] Illegal string offset 'relationship' /var/www/git/youyiqianbao/Application/Runtime/Cache/Admin/f121665ae9dbf5cb6a4dbc23b665e6be.php 第 351 行.
NOTIC: [2] Illegal string offset 'relationship' /var/www/git/youyiqianbao/Application/Runtime/Cache/Admin/f121665ae9dbf5cb6a4dbc23b665e6be.php 第 352 行.
NOTIC: [2] Illegal string offset 'relationship' /var/www/git/youyiqianbao/Application/Runtime/Cache/Admin/f121665ae9dbf5cb6a4dbc23b665e6be.php 第 353 行.
NOTIC: [2] Illegal string offset 'relationship' /var/www/git/youyiqianbao/Application/Runtime/Cache/Admin/f121665ae9dbf5cb6a4dbc23b665e6be.php 第 354 行.
NOTIC: [2] Illegal string offset 'relationship' /var/www/git/youyiqianbao/Application/Runtime/Cache/Admin/f121665ae9dbf5cb6a4dbc23b665e6be.php 第 355 行.
NOTIC: [2] Illegal string offset 'relationship' /var/www/git/youyiqianbao/Application/Runtime/Cache/Admin/f121665ae9dbf5cb6a4dbc23b665e6be.php 第 356 行.
NOTIC: [2] Illegal string offset 'relationship' /var/www/git/youyiqianbao/Application/Runtime/Cache/Admin/f121665ae9dbf5cb6a4dbc23b665e6be.php 第 357 行.
NOTIC: [2] Illegal string offset 'relationship' /var/www/git/youyiqianbao/Application/Runtime/Cache/Admin/f121665ae9dbf5cb6a4dbc23b665e6be.php 第 368 行.
NOTIC: [2] Illegal string offset 'relationship' /var/www/git/youyiqianbao/Application/Runtime/Cache/Admin/f121665ae9dbf5cb6a4dbc23b665e6be.php 第 369 行.
NOTIC: [2] Illegal string offset 'relationship' /var/www/git/youyiqianbao/Application/Runtime/Cache/Admin/f121665ae9dbf5cb6a4dbc23b665e6be.php 第 370 行.
NOTIC: [2] Illegal string offset 'relationship' /var/www/git/youyiqianbao/Application/Runtime/Cache/Admin/f121665ae9dbf5cb6a4dbc23b665e6be.php 第 371 行.
NOTIC: [2] Illegal string offset 'relationship' /var/www/git/youyiqianbao/Application/Runtime/Cache/Admin/f121665ae9dbf5cb6a4dbc23b665e6be.php 第 372 行.
NOTIC: [2] Illegal string offset 'relationship' /var/www/git/youyiqianbao/Application/Runtime/Cache/Admin/f121665ae9dbf5cb6a4dbc23b665e6be.php 第 373 行.
NOTIC: [2] Illegal string offset 'relationship' /var/www/git/youyiqianbao/Application/Runtime/Cache/Admin/f121665ae9dbf5cb6a4dbc23b665e6be.php 第 374 行.
NOTIC: [2] Illegal string offset 'relationship' /var/www/git/youyiqianbao/Application/Runtime/Cache/Admin/f121665ae9dbf5cb6a4dbc23b665e6be.php 第 375 行.
NOTIC: [8] Undefined variable:  /var/www/git/youyiqianbao/Application/Runtime/Cache/Admin/f121665ae9dbf5cb6a4dbc23b665e6be.php 第 846 行.
NOTIC: [8] Undefined variable:  /var/www/git/youyiqianbao/Application/Runtime/Cache/Admin/f121665ae9dbf5cb6a4dbc23b665e6be.php 第 870 行.
NOTIC: [8] Undefined index: taskResult /var/www/git/youyiqianbao/Application/Runtime/Cache/Admin/f121665ae9dbf5cb6a4dbc23b665e6be.php 第 1100 行.
NOTIC: [2] Invalid argument supplied for foreach() /var/www/git/youyiqianbao/Application/Runtime/Cache/Admin/f121665ae9dbf5cb6a4dbc23b665e6be.php 第 1100 行.
NOTIC: [8] Undefined index: taskResult /var/www/git/youyiqianbao/Application/Runtime/Cache/Admin/f121665ae9dbf5cb6a4dbc23b665e6be.php 第 1104 行.
NOTIC: [2] Invalid argument supplied for foreach() /var/www/git/youyiqianbao/Application/Runtime/Cache/Admin/f121665ae9dbf5cb6a4dbc23b665e6be.php 第 1104 行.
NOTIC: [8] Undefined index: response /var/www/git/youyiqianbao/Application/Runtime/Cache/Admin/f121665ae9dbf5cb6a4dbc23b665e6be.php 第 1100 行.
NOTIC: [2] Invalid argument supplied for foreach() /var/www/git/youyiqianbao/Application/Runtime/Cache/Admin/f121665ae9dbf5cb6a4dbc23b665e6be.php 第 1100 行.
NOTIC: [8] Undefined index: response /var/www/git/youyiqianbao/Application/Runtime/Cache/Admin/f121665ae9dbf5cb6a4dbc23b665e6be.php 第 1104 行.
NOTIC: [2] Invalid argument supplied for foreach() /var/www/git/youyiqianbao/Application/Runtime/Cache/Admin/f121665ae9dbf5cb6a4dbc23b665e6be.php 第 1104 行.
NOTIC: [8] Undefined index: response /var/www/git/youyiqianbao/Application/Runtime/Cache/Admin/f121665ae9dbf5cb6a4dbc23b665e6be.php 第 1100 行.
NOTIC: [2] Invalid argument supplied for foreach() /var/www/git/youyiqianbao/Application/Runtime/Cache/Admin/f121665ae9dbf5cb6a4dbc23b665e6be.php 第 1100 行.
NOTIC: [8] Undefined index: response /var/www/git/youyiqianbao/Application/Runtime/Cache/Admin/f121665ae9dbf5cb6a4dbc23b665e6be.php 第 1104 行.
NOTIC: [2] Invalid argument supplied for foreach() /var/www/git/youyiqianbao/Application/Runtime/Cache/Admin/f121665ae9dbf5cb6a4dbc23b665e6be.php 第 1104 行.
NOTIC: [8] Undefined index: taskResult /var/www/git/youyiqianbao/Application/Runtime/Cache/Admin/f121665ae9dbf5cb6a4dbc23b665e6be.php 第 1100 行.
NOTIC: [2] Invalid argument supplied for foreach() /var/www/git/youyiqianbao/Application/Runtime/Cache/Admin/f121665ae9dbf5cb6a4dbc23b665e6be.php 第 1100 行.
NOTIC: [8] Undefined index: taskResult /var/www/git/youyiqianbao/Application/Runtime/Cache/Admin/f121665ae9dbf5cb6a4dbc23b665e6be.php 第 1104 行.
NOTIC: [2] Invalid argument supplied for foreach() /var/www/git/youyiqianbao/Application/Runtime/Cache/Admin/f121665ae9dbf5cb6a4dbc23b665e6be.php 第 1104 行.
NOTIC: [8] Undefined index: taskResult /var/www/git/youyiqianbao/Application/Runtime/Cache/Admin/f121665ae9dbf5cb6a4dbc23b665e6be.php 第 1128 行.
NOTIC: [2] Invalid argument supplied for foreach() /var/www/git/youyiqianbao/Application/Runtime/Cache/Admin/f121665ae9dbf5cb6a4dbc23b665e6be.php 第 1128 行.
NOTIC: [8] Undefined index: taskResult /var/www/git/youyiqianbao/Application/Runtime/Cache/Admin/f121665ae9dbf5cb6a4dbc23b665e6be.php 第 1132 行.
NOTIC: [2] Invalid argument supplied for foreach() /var/www/git/youyiqianbao/Application/Runtime/Cache/Admin/f121665ae9dbf5cb6a4dbc23b665e6be.php 第 1132 行.
NOTIC: [8] Undefined index: response /var/www/git/youyiqianbao/Application/Runtime/Cache/Admin/f121665ae9dbf5cb6a4dbc23b665e6be.php 第 1123 行.
NOTIC: [8] Undefined index: response /var/www/git/youyiqianbao/Application/Runtime/Cache/Admin/f121665ae9dbf5cb6a4dbc23b665e6be.php 第 1128 行.
NOTIC: [2] Invalid argument supplied for foreach() /var/www/git/youyiqianbao/Application/Runtime/Cache/Admin/f121665ae9dbf5cb6a4dbc23b665e6be.php 第 1128 行.
NOTIC: [8] Undefined index: response /var/www/git/youyiqianbao/Application/Runtime/Cache/Admin/f121665ae9dbf5cb6a4dbc23b665e6be.php 第 1132 行.
NOTIC: [2] Invalid argument supplied for foreach() /var/www/git/youyiqianbao/Application/Runtime/Cache/Admin/f121665ae9dbf5cb6a4dbc23b665e6be.php 第 1132 行.
NOTIC: [8] Undefined index: response /var/www/git/youyiqianbao/Application/Runtime/Cache/Admin/f121665ae9dbf5cb6a4dbc23b665e6be.php 第 1123 行.
NOTIC: [8] Undefined index: response /var/www/git/youyiqianbao/Application/Runtime/Cache/Admin/f121665ae9dbf5cb6a4dbc23b665e6be.php 第 1128 行.
NOTIC: [2] Invalid argument supplied for foreach() /var/www/git/youyiqianbao/Application/Runtime/Cache/Admin/f121665ae9dbf5cb6a4dbc23b665e6be.php 第 1128 行.
NOTIC: [8] Undefined index: response /var/www/git/youyiqianbao/Application/Runtime/Cache/Admin/f121665ae9dbf5cb6a4dbc23b665e6be.php 第 1132 行.
NOTIC: [2] Invalid argument supplied for foreach() /var/www/git/youyiqianbao/Application/Runtime/Cache/Admin/f121665ae9dbf5cb6a4dbc23b665e6be.php 第 1132 行.
NOTIC: [8] Undefined index: taskResult /var/www/git/youyiqianbao/Application/Runtime/Cache/Admin/f121665ae9dbf5cb6a4dbc23b665e6be.php 第 1128 行.
NOTIC: [2] Invalid argument supplied for foreach() /var/www/git/youyiqianbao/Application/Runtime/Cache/Admin/f121665ae9dbf5cb6a4dbc23b665e6be.php 第 1128 行.
NOTIC: [8] Undefined index: taskResult /var/www/git/youyiqianbao/Application/Runtime/Cache/Admin/f121665ae9dbf5cb6a4dbc23b665e6be.php 第 1132 行.
NOTIC: [2] Invalid argument supplied for foreach() /var/www/git/youyiqianbao/Application/Runtime/Cache/Admin/f121665ae9dbf5cb6a4dbc23b665e6be.php 第 1132 行.
INFO: Run Behavior\ParseTemplateBehavior [ RunTime:0.024825s ]
INFO: [ view_parse ] --END-- [ RunTime:0.024923s ]
INFO: [ view_filter ] --START--
INFO: Run Behavior\WriteHtmlCacheBehavior [ RunTime:0.000038s ]
INFO: [ view_filter ] --END-- [ RunTime:0.000055s ]
INFO: [ app_end ] --START--
INFO: Run Behavior\ShowPageTraceBehavior [ RunTime:0.000031s ]
INFO: [ app_end ] --END-- [ RunTime:0.000055s ]

[ 2018-06-11T13:10:42+08:00 ] 127.0.0.1 /Admin/Member/editMember/id/208.html
INFO: [ app_init ] --START--
INFO: Run Behavior\BuildLiteBehavior [ RunTime:0.000008s ]
INFO: [ app_init ] --END-- [ RunTime:0.000066s ]
INFO: [ app_begin ] --START--
INFO: Run Behavior\ReadHtmlCacheBehavior [ RunTime:0.000030s ]
INFO: [ app_begin ] --END-- [ RunTime:0.000052s ]
SQL: SHOW COLUMNS FROM `my_member` [ RunTime:0.0015s ]
SQL: SELECT * FROM `my_member` WHERE `fid` = 208 ORDER BY id desc LIMIT 100   [ RunTime:0.0010s ]
SQL: SELECT * FROM `my_member` WHERE `id` = 208 LIMIT 1   [ RunTime:0.0005s ]
SQL: SHOW COLUMNS FROM `my_member_info` [ RunTime:0.0006s ]
SQL: SELECT * FROM `my_member_info` WHERE `memberid` = 208 LIMIT 1   [ RunTime:0.0220s ]
SQL: SELECT * FROM `my_member_info` WHERE `memberid` = 208 LIMIT 1   [ RunTime:0.0303s ]
NOTIC: [2] Invalid argument supplied for foreach() /var/www/git/youyiqianbao/Application/Admin/Controller/MemberController.class.php 第 388 行.
NOTIC: [2] Invalid argument supplied for foreach() /var/www/git/youyiqianbao/Application/Common/Common/app.php 第 295 行.
NOTIC: [2] array_multisort(): Argument #1 is expected to be an array or a sort flag /var/www/git/youyiqianbao/Application/Common/Common/app.php 第 300 行.
NOTIC: [2] Invalid argument supplied for foreach() /var/www/git/youyiqianbao/Application/Admin/Controller/MemberController.class.php 第 396 行.
NOTIC: [2] Invalid argument supplied for foreach() /var/www/git/youyiqianbao/Application/Common/Common/app.php 第 295 行.
NOTIC: [2] array_multisort(): Argument #1 is expected to be an array or a sort flag /var/www/git/youyiqianbao/Application/Common/Common/app.php 第 300 行.
NOTIC: [2] Invalid argument supplied for foreach() /var/www/git/youyiqianbao/Application/Admin/Controller/MemberController.class.php 第 401 行.
SQL: SELECT * FROM `my_member_info` WHERE `memberid` = 208 LIMIT 1   [ RunTime:0.0232s ]
SQL: SELECT * FROM `my_member_info` WHERE `memberid` = 208 LIMIT 1   [ RunTime:0.0344s ]
SQL: SELECT * FROM `my_member` WHERE `id` = 208 LIMIT 1   [ RunTime:0.0003s ]
SQL: SELECT * FROM `my_member_info` WHERE `memberid` = 208 LIMIT 1   [ RunTime:0.0275s ]
NOTIC: [8] Undefined variable: bankinfo /var/www/git/youyiqianbao/Application/Admin/Controller/MemberController.class.php 第 447 行.
INFO: [ view_parse ] --START--
INFO: [ template_filter ] --START--
INFO: Run Behavior\ContentReplaceBehavior [ RunTime:0.000337s ]
INFO: [ template_filter ] --END-- [ RunTime:0.000407s ]
NOTIC: [2] Illegal string offset 'relationship' /var/www/git/youyiqianbao/Application/Runtime/Cache/Admin/f121665ae9dbf5cb6a4dbc23b665e6be.php 第 350 行.
NOTIC: [2] Illegal string offset 'relationship' /var/www/git/youyiqianbao/Application/Runtime/Cache/Admin/f121665ae9dbf5cb6a4dbc23b665e6be.php 第 351 行.
NOTIC: [2] Illegal string offset 'relationship' /var/www/git/youyiqianbao/Application/Runtime/Cache/Admin/f121665ae9dbf5cb6a4dbc23b665e6be.php 第 352 行.
NOTIC: [2] Illegal string offset 'relationship' /var/www/git/youyiqianbao/Application/Runtime/Cache/Admin/f121665ae9dbf5cb6a4dbc23b665e6be.php 第 353 行.
NOTIC: [2] Illegal string offset 'relationship' /var/www/git/youyiqianbao/Application/Runtime/Cache/Admin/f121665ae9dbf5cb6a4dbc23b665e6be.php 第 354 行.
NOTIC: [2] Illegal string offset 'relationship' /var/www/git/youyiqianbao/Application/Runtime/Cache/Admin/f121665ae9dbf5cb6a4dbc23b665e6be.php 第 355 行.
NOTIC: [2] Illegal string offset 'relationship' /var/www/git/youyiqianbao/Application/Runtime/Cache/Admin/f121665ae9dbf5cb6a4dbc23b665e6be.php 第 356 行.
NOTIC: [2] Illegal string offset 'relationship' /var/www/git/youyiqianbao/Application/Runtime/Cache/Admin/f121665ae9dbf5cb6a4dbc23b665e6be.php 第 357 行.
NOTIC: [2] Illegal string offset 'relationship' /var/www/git/youyiqianbao/Application/Runtime/Cache/Admin/f121665ae9dbf5cb6a4dbc23b665e6be.php 第 368 行.
NOTIC: [2] Illegal string offset 'relationship' /var/www/git/youyiqianbao/Application/Runtime/Cache/Admin/f121665ae9dbf5cb6a4dbc23b665e6be.php 第 369 行.
NOTIC: [2] Illegal string offset 'relationship' /var/www/git/youyiqianbao/Application/Runtime/Cache/Admin/f121665ae9dbf5cb6a4dbc23b665e6be.php 第 370 行.
NOTIC: [2] Illegal string offset 'relationship' /var/www/git/youyiqianbao/Application/Runtime/Cache/Admin/f121665ae9dbf5cb6a4dbc23b665e6be.php 第 371 行.
NOTIC: [2] Illegal string offset 'relationship' /var/www/git/youyiqianbao/Application/Runtime/Cache/Admin/f121665ae9dbf5cb6a4dbc23b665e6be.php 第 372 行.
NOTIC: [2] Illegal string offset 'relationship' /var/www/git/youyiqianbao/Application/Runtime/Cache/Admin/f121665ae9dbf5cb6a4dbc23b665e6be.php 第 373 行.
NOTIC: [2] Illegal string offset 'relationship' /var/www/git/youyiqianbao/Application/Runtime/Cache/Admin/f121665ae9dbf5cb6a4dbc23b665e6be.php 第 374 行.
NOTIC: [2] Illegal string offset 'relationship' /var/www/git/youyiqianbao/Application/Runtime/Cache/Admin/f121665ae9dbf5cb6a4dbc23b665e6be.php 第 375 行.
NOTIC: [8] Undefined variable:  /var/www/git/youyiqianbao/Application/Runtime/Cache/Admin/f121665ae9dbf5cb6a4dbc23b665e6be.php 第 846 行.
NOTIC: [8] Undefined variable:  /var/www/git/youyiqianbao/Application/Runtime/Cache/Admin/f121665ae9dbf5cb6a4dbc23b665e6be.php 第 870 行.
NOTIC: [8] Undefined index: taskResult /var/www/git/youyiqianbao/Application/Runtime/Cache/Admin/f121665ae9dbf5cb6a4dbc23b665e6be.php 第 1100 行.
NOTIC: [2] Invalid argument supplied for foreach() /var/www/git/youyiqianbao/Application/Runtime/Cache/Admin/f121665ae9dbf5cb6a4dbc23b665e6be.php 第 1100 行.
NOTIC: [8] Undefined index: taskResult /var/www/git/youyiqianbao/Application/Runtime/Cache/Admin/f121665ae9dbf5cb6a4dbc23b665e6be.php 第 1104 行.
NOTIC: [2] Invalid argument supplied for foreach() /var/www/git/youyiqianbao/Application/Runtime/Cache/Admin/f121665ae9dbf5cb6a4dbc23b665e6be.php 第 1104 行.
NOTIC: [8] Undefined index: response /var/www/git/youyiqianbao/Application/Runtime/Cache/Admin/f121665ae9dbf5cb6a4dbc23b665e6be.php 第 1100 行.
NOTIC: [2] Invalid argument supplied for foreach() /var/www/git/youyiqianbao/Application/Runtime/Cache/Admin/f121665ae9dbf5cb6a4dbc23b665e6be.php 第 1100 行.
NOTIC: [8] Undefined index: response /var/www/git/youyiqianbao/Application/Runtime/Cache/Admin/f121665ae9dbf5cb6a4dbc23b665e6be.php 第 1104 行.
NOTIC: [2] Invalid argument supplied for foreach() /var/www/git/youyiqianbao/Application/Runtime/Cache/Admin/f121665ae9dbf5cb6a4dbc23b665e6be.php 第 1104 行.
NOTIC: [8] Undefined index: response /var/www/git/youyiqianbao/Application/Runtime/Cache/Admin/f121665ae9dbf5cb6a4dbc23b665e6be.php 第 1100 行.
NOTIC: [2] Invalid argument supplied for foreach() /var/www/git/youyiqianbao/Application/Runtime/Cache/Admin/f121665ae9dbf5cb6a4dbc23b665e6be.php 第 1100 行.
NOTIC: [8] Undefined index: response /var/www/git/youyiqianbao/Application/Runtime/Cache/Admin/f121665ae9dbf5cb6a4dbc23b665e6be.php 第 1104 行.
NOTIC: [2] Invalid argument supplied for foreach() /var/www/git/youyiqianbao/Application/Runtime/Cache/Admin/f121665ae9dbf5cb6a4dbc23b665e6be.php 第 1104 行.
NOTIC: [8] Undefined index: taskResult /var/www/git/youyiqianbao/Application/Runtime/Cache/Admin/f121665ae9dbf5cb6a4dbc23b665e6be.php 第 1100 行.
NOTIC: [2] Invalid argument supplied for foreach() /var/www/git/youyiqianbao/Application/Runtime/Cache/Admin/f121665ae9dbf5cb6a4dbc23b665e6be.php 第 1100 行.
NOTIC: [8] Undefined index: taskResult /var/www/git/youyiqianbao/Application/Runtime/Cache/Admin/f121665ae9dbf5cb6a4dbc23b665e6be.php 第 1104 行.
NOTIC: [2] Invalid argument supplied for foreach() /var/www/git/youyiqianbao/Application/Runtime/Cache/Admin/f121665ae9dbf5cb6a4dbc23b665e6be.php 第 1104 行.
NOTIC: [8] Undefined index: taskResult /var/www/git/youyiqianbao/Application/Runtime/Cache/Admin/f121665ae9dbf5cb6a4dbc23b665e6be.php 第 1128 行.
NOTIC: [2] Invalid argument supplied for foreach() /var/www/git/youyiqianbao/Application/Runtime/Cache/Admin/f121665ae9dbf5cb6a4dbc23b665e6be.php 第 1128 行.
NOTIC: [8] Undefined index: taskResult /var/www/git/youyiqianbao/Application/Runtime/Cache/Admin/f121665ae9dbf5cb6a4dbc23b665e6be.php 第 1132 行.
NOTIC: [2] Invalid argument supplied for foreach() /var/www/git/youyiqianbao/Application/Runtime/Cache/Admin/f121665ae9dbf5cb6a4dbc23b665e6be.php 第 1132 行.
NOTIC: [8] Undefined index: response /var/www/git/youyiqianbao/Application/Runtime/Cache/Admin/f121665ae9dbf5cb6a4dbc23b665e6be.php 第 1123 行.
NOTIC: [8] Undefined index: response /var/www/git/youyiqianbao/Application/Runtime/Cache/Admin/f121665ae9dbf5cb6a4dbc23b665e6be.php 第 1128 行.
NOTIC: [2] Invalid argument supplied for foreach() /var/www/git/youyiqianbao/Application/Runtime/Cache/Admin/f121665ae9dbf5cb6a4dbc23b665e6be.php 第 1128 行.
NOTIC: [8] Undefined index: response /var/www/git/youyiqianbao/Application/Runtime/Cache/Admin/f121665ae9dbf5cb6a4dbc23b665e6be.php 第 1132 行.
NOTIC: [2] Invalid argument supplied for foreach() /var/www/git/youyiqianbao/Application/Runtime/Cache/Admin/f121665ae9dbf5cb6a4dbc23b665e6be.php 第 1132 行.
NOTIC: [8] Undefined index: response /var/www/git/youyiqianbao/Application/Runtime/Cache/Admin/f121665ae9dbf5cb6a4dbc23b665e6be.php 第 1123 行.
NOTIC: [8] Undefined index: response /var/www/git/youyiqianbao/Application/Runtime/Cache/Admin/f121665ae9dbf5cb6a4dbc23b665e6be.php 第 1128 行.
NOTIC: [2] Invalid argument supplied for foreach() /var/www/git/youyiqianbao/Application/Runtime/Cache/Admin/f121665ae9dbf5cb6a4dbc23b665e6be.php 第 1128 行.
NOTIC: [8] Undefined index: response /var/www/git/youyiqianbao/Application/Runtime/Cache/Admin/f121665ae9dbf5cb6a4dbc23b665e6be.php 第 1132 行.
NOTIC: [2] Invalid argument supplied for foreach() /var/www/git/youyiqianbao/Application/Runtime/Cache/Admin/f121665ae9dbf5cb6a4dbc23b665e6be.php 第 1132 行.
NOTIC: [8] Undefined index: taskResult /var/www/git/youyiqianbao/Application/Runtime/Cache/Admin/f121665ae9dbf5cb6a4dbc23b665e6be.php 第 1128 行.
NOTIC: [2] Invalid argument supplied for foreach() /var/www/git/youyiqianbao/Application/Runtime/Cache/Admin/f121665ae9dbf5cb6a4dbc23b665e6be.php 第 1128 行.
NOTIC: [8] Undefined index: taskResult /var/www/git/youyiqianbao/Application/Runtime/Cache/Admin/f121665ae9dbf5cb6a4dbc23b665e6be.php 第 1132 行.
NOTIC: [2] Invalid argument supplied for foreach() /var/www/git/youyiqianbao/Application/Runtime/Cache/Admin/f121665ae9dbf5cb6a4dbc23b665e6be.php 第 1132 行.
INFO: Run Behavior\ParseTemplateBehavior [ RunTime:0.018063s ]
INFO: [ view_parse ] --END-- [ RunTime:0.018101s ]
INFO: [ view_filter ] --START--
INFO: Run Behavior\WriteHtmlCacheBehavior [ RunTime:0.000036s ]
INFO: [ view_filter ] --END-- [ RunTime:0.000047s ]
INFO: [ app_end ] --START--
INFO: Run Behavior\ShowPageTraceBehavior [ RunTime:0.000024s ]
INFO: [ app_end ] --END-- [ RunTime:0.000039s ]

