[ 2018-06-08T20:58:21+08:00 ] 127.0.0.1 /admin
INFO: [ app_init ] --START--
INFO: Run Behavior\BuildLiteBehavior [ RunTime:0.000006s ]
INFO: [ app_init ] --END-- [ RunTime:0.000045s ]
INFO: [ app_begin ] --START--
INFO: Run Behavior\ReadHtmlCacheBehavior [ RunTime:0.000029s ]
INFO: [ app_begin ] --END-- [ RunTime:0.000059s ]
NOTIC: [8] Undefined index: 7195a62edfd11a40a68c77ff40ee98a6 /var/www/git/youyiqianbao/ThinkPHP/Library/Org/Util/Rbac.class.php 第 171 行.
NOTIC: [8] Undefined index: _ACCESS_LIST /var/www/git/youyiqianbao/ThinkPHP/Library/Org/Util/Rbac.class.php 第 175 行.

[ 2018-06-08T20:58:21+08:00 ] 127.0.0.1 /Admin/Login
INFO: [ app_init ] --START--
INFO: Run Behavior\BuildLiteBehavior [ RunTime:0.000009s ]
INFO: [ app_init ] --END-- [ RunTime:0.000056s ]
INFO: [ app_begin ] --START--
INFO: Run Behavior\ReadHtmlCacheBehavior [ RunTime:0.000017s ]
INFO: [ app_begin ] --END-- [ RunTime:0.000036s ]
INFO: [ view_parse ] --START--
INFO: [ template_filter ] --START--
INFO: Run Behavior\ContentReplaceBehavior [ RunTime:0.000044s ]
INFO: [ template_filter ] --END-- [ RunTime:0.000075s ]
INFO: Run Behavior\ParseTemplateBehavior [ RunTime:0.001890s ]
INFO: [ view_parse ] --END-- [ RunTime:0.001911s ]
INFO: [ view_filter ] --START--
INFO: Run Behavior\WriteHtmlCacheBehavior [ RunTime:0.000026s ]
INFO: [ view_filter ] --END-- [ RunTime:0.000038s ]
INFO: [ app_end ] --START--
INFO: Run Behavior\ShowPageTraceBehavior [ RunTime:0.000018s ]
INFO: [ app_end ] --END-- [ RunTime:0.000030s ]

[ 2018-06-08T20:58:21+08:00 ] 127.0.0.1 /Admin/Login/verify.html
INFO: [ app_init ] --START--
INFO: Run Behavior\BuildLiteBehavior [ RunTime:0.000007s ]
INFO: [ app_init ] --END-- [ RunTime:0.000049s ]
INFO: [ app_begin ] --START--
INFO: Run Behavior\ReadHtmlCacheBehavior [ RunTime:0.000022s ]
INFO: [ app_begin ] --END-- [ RunTime:0.000043s ]
INFO: [ app_end ] --START--
INFO: Run Behavior\ShowPageTraceBehavior [ RunTime:0.000037s ]
INFO: [ app_end ] --END-- [ RunTime:0.000075s ]

[ 2018-06-08T20:58:31+08:00 ] 127.0.0.1 /Admin/Login/login.html
INFO: [ app_init ] --START--
INFO: Run Behavior\BuildLiteBehavior [ RunTime:0.000008s ]
INFO: [ app_init ] --END-- [ RunTime:0.000061s ]
INFO: [ app_begin ] --START--
INFO: Run Behavior\ReadHtmlCacheBehavior [ RunTime:0.000028s ]
INFO: [ app_begin ] --END-- [ RunTime:0.000046s ]

[ 2018-06-08T20:58:33+08:00 ] 127.0.0.1 /Admin/Login/verify.html?random=0.08653452011307383
INFO: [ app_init ] --START--
INFO: Run Behavior\BuildLiteBehavior [ RunTime:0.000013s ]
INFO: [ app_init ] --END-- [ RunTime:0.000092s ]
INFO: [ app_begin ] --START--
INFO: Run Behavior\ReadHtmlCacheBehavior [ RunTime:0.000043s ]
INFO: [ app_begin ] --END-- [ RunTime:0.000087s ]
INFO: [ app_end ] --START--
INFO: Run Behavior\ShowPageTraceBehavior [ RunTime:0.000063s ]
INFO: [ app_end ] --END-- [ RunTime:0.000114s ]

[ 2018-06-08T20:58:56+08:00 ] 127.0.0.1 /Admin/Login/login.html
INFO: [ app_init ] --START--
INFO: Run Behavior\BuildLiteBehavior [ RunTime:0.000006s ]
INFO: [ app_init ] --END-- [ RunTime:0.000041s ]
INFO: [ app_begin ] --START--
INFO: Run Behavior\ReadHtmlCacheBehavior [ RunTime:0.000019s ]
INFO: [ app_begin ] --END-- [ RunTime:0.000035s ]

[ 2018-06-08T20:58:58+08:00 ] 127.0.0.1 /Admin/Login/verify.html?random=0.1808333105967408
INFO: [ app_init ] --START--
INFO: Run Behavior\BuildLiteBehavior [ RunTime:0.000009s ]
INFO: [ app_init ] --END-- [ RunTime:0.000064s ]
INFO: [ app_begin ] --START--
INFO: Run Behavior\ReadHtmlCacheBehavior [ RunTime:0.000034s ]
INFO: [ app_begin ] --END-- [ RunTime:0.000067s ]
INFO: [ app_end ] --START--
INFO: Run Behavior\ShowPageTraceBehavior [ RunTime:0.000075s ]
INFO: [ app_end ] --END-- [ RunTime:0.000128s ]

[ 2018-06-08T21:01:27+08:00 ] 127.0.0.1 /admin
INFO: [ app_init ] --START--
INFO: Run Behavior\BuildLiteBehavior [ RunTime:0.000007s ]
INFO: [ app_init ] --END-- [ RunTime:0.000056s ]
INFO: [ app_begin ] --START--
INFO: Run Behavior\ReadHtmlCacheBehavior [ RunTime:0.000021s ]
INFO: [ app_begin ] --END-- [ RunTime:0.000037s ]
NOTIC: [8] Undefined index: _ACCESS_LIST /var/www/git/youyiqianbao/ThinkPHP/Library/Org/Util/Rbac.class.php 第 175 行.

[ 2018-06-08T21:01:27+08:00 ] 127.0.0.1 /Admin/Login
INFO: [ app_init ] --START--
INFO: Run Behavior\BuildLiteBehavior [ RunTime:0.000006s ]
INFO: [ app_init ] --END-- [ RunTime:0.000047s ]
INFO: [ app_begin ] --START--
INFO: Run Behavior\ReadHtmlCacheBehavior [ RunTime:0.000020s ]
INFO: [ app_begin ] --END-- [ RunTime:0.000042s ]
INFO: [ view_parse ] --START--
INFO: [ template_filter ] --START--
INFO: Run Behavior\ContentReplaceBehavior [ RunTime:0.000056s ]
INFO: [ template_filter ] --END-- [ RunTime:0.000078s ]
INFO: Run Behavior\ParseTemplateBehavior [ RunTime:0.002111s ]
INFO: [ view_parse ] --END-- [ RunTime:0.002135s ]
INFO: [ view_filter ] --START--
INFO: Run Behavior\WriteHtmlCacheBehavior [ RunTime:0.000034s ]
INFO: [ view_filter ] --END-- [ RunTime:0.000050s ]
INFO: [ app_end ] --START--
INFO: Run Behavior\ShowPageTraceBehavior [ RunTime:0.000025s ]
INFO: [ app_end ] --END-- [ RunTime:0.000042s ]

[ 2018-06-08T21:01:27+08:00 ] 127.0.0.1 /Admin/Login/verify.html
INFO: [ app_init ] --START--
INFO: Run Behavior\BuildLiteBehavior [ RunTime:0.000007s ]
INFO: [ app_init ] --END-- [ RunTime:0.000050s ]
INFO: [ app_begin ] --START--
INFO: Run Behavior\ReadHtmlCacheBehavior [ RunTime:0.000024s ]
INFO: [ app_begin ] --END-- [ RunTime:0.000045s ]
INFO: [ app_end ] --START--
INFO: Run Behavior\ShowPageTraceBehavior [ RunTime:0.000035s ]
INFO: [ app_end ] --END-- [ RunTime:0.000070s ]

[ 2018-06-08T21:01:56+08:00 ] 127.0.0.1 /Admin/Login
INFO: [ app_init ] --START--
INFO: Run Behavior\BuildLiteBehavior [ RunTime:0.000007s ]
INFO: [ app_init ] --END-- [ RunTime:0.000050s ]
INFO: [ app_begin ] --START--
INFO: Run Behavior\ReadHtmlCacheBehavior [ RunTime:0.000034s ]
INFO: [ app_begin ] --END-- [ RunTime:0.000059s ]
INFO: [ view_parse ] --START--
INFO: [ template_filter ] --START--
INFO: Run Behavior\ContentReplaceBehavior [ RunTime:0.000060s ]
INFO: [ template_filter ] --END-- [ RunTime:0.000102s ]
INFO: Run Behavior\ParseTemplateBehavior [ RunTime:0.002477s ]
INFO: [ view_parse ] --END-- [ RunTime:0.002509s ]
INFO: [ view_filter ] --START--
INFO: Run Behavior\WriteHtmlCacheBehavior [ RunTime:0.000039s ]
INFO: [ view_filter ] --END-- [ RunTime:0.000060s ]
INFO: [ app_end ] --START--
INFO: Run Behavior\ShowPageTraceBehavior [ RunTime:0.000031s ]
INFO: [ app_end ] --END-- [ RunTime:0.000073s ]

[ 2018-06-08T21:01:56+08:00 ] 127.0.0.1 /Admin/Login/verify.html
INFO: [ app_init ] --START--
INFO: Run Behavior\BuildLiteBehavior [ RunTime:0.000008s ]
INFO: [ app_init ] --END-- [ RunTime:0.000050s ]
INFO: [ app_begin ] --START--
INFO: Run Behavior\ReadHtmlCacheBehavior [ RunTime:0.000021s ]
INFO: [ app_begin ] --END-- [ RunTime:0.000042s ]
INFO: [ app_end ] --START--
INFO: Run Behavior\ShowPageTraceBehavior [ RunTime:0.000041s ]
INFO: [ app_end ] --END-- [ RunTime:0.000080s ]

[ 2018-06-08T21:01:57+08:00 ] 127.0.0.1 /Admin/Login
INFO: [ app_init ] --START--
INFO: Run Behavior\BuildLiteBehavior [ RunTime:0.000007s ]
INFO: [ app_init ] --END-- [ RunTime:0.000048s ]
INFO: [ app_begin ] --START--
INFO: Run Behavior\ReadHtmlCacheBehavior [ RunTime:0.000017s ]
INFO: [ app_begin ] --END-- [ RunTime:0.000031s ]
INFO: [ view_parse ] --START--
INFO: [ template_filter ] --START--
INFO: Run Behavior\ContentReplaceBehavior [ RunTime:0.000038s ]
INFO: [ template_filter ] --END-- [ RunTime:0.000053s ]
INFO: Run Behavior\ParseTemplateBehavior [ RunTime:0.001432s ]
INFO: [ view_parse ] --END-- [ RunTime:0.001449s ]
INFO: [ view_filter ] --START--
INFO: Run Behavior\WriteHtmlCacheBehavior [ RunTime:0.000017s ]
INFO: [ view_filter ] --END-- [ RunTime:0.000027s ]
INFO: [ app_end ] --START--
INFO: Run Behavior\ShowPageTraceBehavior [ RunTime:0.000013s ]
INFO: [ app_end ] --END-- [ RunTime:0.000022s ]

[ 2018-06-08T21:01:57+08:00 ] 127.0.0.1 /Admin/Login/verify.html
INFO: [ app_init ] --START--
INFO: Run Behavior\BuildLiteBehavior [ RunTime:0.000007s ]
INFO: [ app_init ] --END-- [ RunTime:0.000050s ]
INFO: [ app_begin ] --START--
INFO: Run Behavior\ReadHtmlCacheBehavior [ RunTime:0.000027s ]
INFO: [ app_begin ] --END-- [ RunTime:0.000053s ]
INFO: [ app_end ] --START--
INFO: Run Behavior\ShowPageTraceBehavior [ RunTime:0.000041s ]
INFO: [ app_end ] --END-- [ RunTime:0.000079s ]

[ 2018-06-08T21:02:03+08:00 ] 127.0.0.1 /Admin/Login
INFO: [ app_init ] --START--
INFO: Run Behavior\BuildLiteBehavior [ RunTime:0.000009s ]
INFO: [ app_init ] --END-- [ RunTime:0.000070s ]
INFO: [ app_begin ] --START--
INFO: Run Behavior\ReadHtmlCacheBehavior [ RunTime:0.000033s ]
INFO: [ app_begin ] --END-- [ RunTime:0.000061s ]
INFO: [ view_parse ] --START--
INFO: [ template_filter ] --START--
INFO: Run Behavior\ContentReplaceBehavior [ RunTime:0.000061s ]
INFO: [ template_filter ] --END-- [ RunTime:0.000143s ]
INFO: Run Behavior\ParseTemplateBehavior [ RunTime:0.003955s ]
INFO: [ view_parse ] --END-- [ RunTime:0.003996s ]
INFO: [ view_filter ] --START--
INFO: Run Behavior\WriteHtmlCacheBehavior [ RunTime:0.000051s ]
INFO: [ view_filter ] --END-- [ RunTime:0.000077s ]
INFO: [ app_end ] --START--
INFO: Run Behavior\ShowPageTraceBehavior [ RunTime:0.000037s ]
INFO: [ app_end ] --END-- [ RunTime:0.000061s ]

[ 2018-06-08T21:02:03+08:00 ] 127.0.0.1 /Admin/Login/verify.html
INFO: [ app_init ] --START--
INFO: Run Behavior\BuildLiteBehavior [ RunTime:0.000005s ]
INFO: [ app_init ] --END-- [ RunTime:0.000036s ]
INFO: [ app_begin ] --START--
INFO: Run Behavior\ReadHtmlCacheBehavior [ RunTime:0.000015s ]
INFO: [ app_begin ] --END-- [ RunTime:0.000028s ]
INFO: [ app_end ] --START--
INFO: Run Behavior\ShowPageTraceBehavior [ RunTime:0.000032s ]
INFO: [ app_end ] --END-- [ RunTime:0.000081s ]

[ 2018-06-08T21:02:04+08:00 ] 127.0.0.1 /Admin/Login
INFO: [ app_init ] --START--
INFO: Run Behavior\BuildLiteBehavior [ RunTime:0.000007s ]
INFO: [ app_init ] --END-- [ RunTime:0.000050s ]
INFO: [ app_begin ] --START--
INFO: Run Behavior\ReadHtmlCacheBehavior [ RunTime:0.000029s ]
INFO: [ app_begin ] --END-- [ RunTime:0.000054s ]
INFO: [ view_parse ] --START--
INFO: [ template_filter ] --START--
INFO: Run Behavior\ContentReplaceBehavior [ RunTime:0.000078s ]
INFO: [ template_filter ] --END-- [ RunTime:0.000138s ]
INFO: Run Behavior\ParseTemplateBehavior [ RunTime:0.003223s ]
INFO: [ view_parse ] --END-- [ RunTime:0.003275s ]
INFO: [ view_filter ] --START--
INFO: Run Behavior\WriteHtmlCacheBehavior [ RunTime:0.000062s ]
INFO: [ view_filter ] --END-- [ RunTime:0.000106s ]
INFO: [ app_end ] --START--
INFO: Run Behavior\ShowPageTraceBehavior [ RunTime:0.000049s ]
INFO: [ app_end ] --END-- [ RunTime:0.000094s ]

[ 2018-06-08T21:02:04+08:00 ] 127.0.0.1 /Admin/Login/verify.html
INFO: [ app_init ] --START--
INFO: Run Behavior\BuildLiteBehavior [ RunTime:0.000011s ]
INFO: [ app_init ] --END-- [ RunTime:0.000071s ]
INFO: [ app_begin ] --START--
INFO: Run Behavior\ReadHtmlCacheBehavior [ RunTime:0.000028s ]
INFO: [ app_begin ] --END-- [ RunTime:0.000056s ]
INFO: [ app_end ] --START--
INFO: Run Behavior\ShowPageTraceBehavior [ RunTime:0.000043s ]
INFO: [ app_end ] --END-- [ RunTime:0.000079s ]

[ 2018-06-08T21:02:04+08:00 ] 127.0.0.1 /Admin/Login
INFO: [ app_init ] --START--
INFO: Run Behavior\BuildLiteBehavior [ RunTime:0.000006s ]
INFO: [ app_init ] --END-- [ RunTime:0.000037s ]
INFO: [ app_begin ] --START--
INFO: Run Behavior\ReadHtmlCacheBehavior [ RunTime:0.000023s ]
INFO: [ app_begin ] --END-- [ RunTime:0.000046s ]
INFO: [ view_parse ] --START--
INFO: [ template_filter ] --START--
INFO: Run Behavior\ContentReplaceBehavior [ RunTime:0.000044s ]
INFO: [ template_filter ] --END-- [ RunTime:0.000061s ]
INFO: Run Behavior\ParseTemplateBehavior [ RunTime:0.001940s ]
INFO: [ view_parse ] --END-- [ RunTime:0.001971s ]
INFO: [ view_filter ] --START--
INFO: Run Behavior\WriteHtmlCacheBehavior [ RunTime:0.000029s ]
INFO: [ view_filter ] --END-- [ RunTime:0.000053s ]
INFO: [ app_end ] --START--
INFO: Run Behavior\ShowPageTraceBehavior [ RunTime:0.000026s ]
INFO: [ app_end ] --END-- [ RunTime:0.000051s ]

[ 2018-06-08T21:02:04+08:00 ] 127.0.0.1 /Admin/Login/verify.html
INFO: [ app_init ] --START--
INFO: Run Behavior\BuildLiteBehavior [ RunTime:0.000007s ]
INFO: [ app_init ] --END-- [ RunTime:0.000051s ]
INFO: [ app_begin ] --START--
INFO: Run Behavior\ReadHtmlCacheBehavior [ RunTime:0.000025s ]
INFO: [ app_begin ] --END-- [ RunTime:0.000049s ]
INFO: [ app_end ] --START--
INFO: Run Behavior\ShowPageTraceBehavior [ RunTime:0.000041s ]
INFO: [ app_end ] --END-- [ RunTime:0.000081s ]

[ 2018-06-08T21:02:05+08:00 ] 127.0.0.1 /Admin/Login
INFO: [ app_init ] --START--
INFO: Run Behavior\BuildLiteBehavior [ RunTime:0.000008s ]
INFO: [ app_init ] --END-- [ RunTime:0.000057s ]
INFO: [ app_begin ] --START--
INFO: Run Behavior\ReadHtmlCacheBehavior [ RunTime:0.000027s ]
INFO: [ app_begin ] --END-- [ RunTime:0.000054s ]
INFO: [ view_parse ] --START--
INFO: [ template_filter ] --START--
INFO: Run Behavior\ContentReplaceBehavior [ RunTime:0.000048s ]
INFO: [ template_filter ] --END-- [ RunTime:0.000067s ]
INFO: Run Behavior\ParseTemplateBehavior [ RunTime:0.001948s ]
INFO: [ view_parse ] --END-- [ RunTime:0.001982s ]
INFO: [ view_filter ] --START--
INFO: Run Behavior\WriteHtmlCacheBehavior [ RunTime:0.000032s ]
INFO: [ view_filter ] --END-- [ RunTime:0.000054s ]
INFO: [ app_end ] --START--
INFO: Run Behavior\ShowPageTraceBehavior [ RunTime:0.000024s ]
INFO: [ app_end ] --END-- [ RunTime:0.000044s ]

[ 2018-06-08T21:02:05+08:00 ] 127.0.0.1 /Admin/Login/verify.html
INFO: [ app_init ] --START--
INFO: Run Behavior\BuildLiteBehavior [ RunTime:0.000008s ]
INFO: [ app_init ] --END-- [ RunTime:0.000048s ]
INFO: [ app_begin ] --START--
INFO: Run Behavior\ReadHtmlCacheBehavior [ RunTime:0.000021s ]
INFO: [ app_begin ] --END-- [ RunTime:0.000042s ]
INFO: [ app_end ] --START--
INFO: Run Behavior\ShowPageTraceBehavior [ RunTime:0.000047s ]
INFO: [ app_end ] --END-- [ RunTime:0.000091s ]

[ 2018-06-08T21:02:05+08:00 ] 127.0.0.1 /Admin/Login
INFO: [ app_init ] --START--
INFO: Run Behavior\BuildLiteBehavior [ RunTime:0.000009s ]
INFO: [ app_init ] --END-- [ RunTime:0.000066s ]
INFO: [ app_begin ] --START--
INFO: Run Behavior\ReadHtmlCacheBehavior [ RunTime:0.000028s ]
INFO: [ app_begin ] --END-- [ RunTime:0.000054s ]
INFO: [ view_parse ] --START--
INFO: [ template_filter ] --START--
INFO: Run Behavior\ContentReplaceBehavior [ RunTime:0.000054s ]
INFO: [ template_filter ] --END-- [ RunTime:0.000090s ]
INFO: Run Behavior\ParseTemplateBehavior [ RunTime:0.002283s ]
INFO: [ view_parse ] --END-- [ RunTime:0.002312s ]
INFO: [ view_filter ] --START--
INFO: Run Behavior\WriteHtmlCacheBehavior [ RunTime:0.000033s ]
INFO: [ view_filter ] --END-- [ RunTime:0.000055s ]
INFO: [ app_end ] --START--
INFO: Run Behavior\ShowPageTraceBehavior [ RunTime:0.000022s ]
INFO: [ app_end ] --END-- [ RunTime:0.000042s ]

[ 2018-06-08T21:02:05+08:00 ] 127.0.0.1 /Admin/Login/verify.html
INFO: [ app_init ] --START--
INFO: Run Behavior\BuildLiteBehavior [ RunTime:0.000007s ]
INFO: [ app_init ] --END-- [ RunTime:0.000050s ]
INFO: [ app_begin ] --START--
INFO: Run Behavior\ReadHtmlCacheBehavior [ RunTime:0.000023s ]
INFO: [ app_begin ] --END-- [ RunTime:0.000045s ]
INFO: [ app_end ] --START--
INFO: Run Behavior\ShowPageTraceBehavior [ RunTime:0.000042s ]
INFO: [ app_end ] --END-- [ RunTime:0.000082s ]

[ 2018-06-08T21:02:05+08:00 ] 127.0.0.1 /Admin/Login
INFO: [ app_init ] --START--
INFO: Run Behavior\BuildLiteBehavior [ RunTime:0.000008s ]
INFO: [ app_init ] --END-- [ RunTime:0.000061s ]
INFO: [ app_begin ] --START--
INFO: Run Behavior\ReadHtmlCacheBehavior [ RunTime:0.000020s ]
INFO: [ app_begin ] --END-- [ RunTime:0.000039s ]
INFO: [ view_parse ] --START--
INFO: [ template_filter ] --START--
INFO: Run Behavior\ContentReplaceBehavior [ RunTime:0.000050s ]
INFO: [ template_filter ] --END-- [ RunTime:0.000072s ]
INFO: Run Behavior\ParseTemplateBehavior [ RunTime:0.002271s ]
INFO: [ view_parse ] --END-- [ RunTime:0.002298s ]
INFO: [ view_filter ] --START--
INFO: Run Behavior\WriteHtmlCacheBehavior [ RunTime:0.000027s ]
INFO: [ view_filter ] --END-- [ RunTime:0.000040s ]
INFO: [ app_end ] --START--
INFO: Run Behavior\ShowPageTraceBehavior [ RunTime:0.000016s ]
INFO: [ app_end ] --END-- [ RunTime:0.000030s ]

[ 2018-06-08T21:02:05+08:00 ] 127.0.0.1 /Admin/Login/verify.html
INFO: [ app_init ] --START--
INFO: Run Behavior\BuildLiteBehavior [ RunTime:0.000007s ]
INFO: [ app_init ] --END-- [ RunTime:0.000049s ]
INFO: [ app_begin ] --START--
INFO: Run Behavior\ReadHtmlCacheBehavior [ RunTime:0.000021s ]
INFO: [ app_begin ] --END-- [ RunTime:0.000042s ]
INFO: [ app_end ] --START--
INFO: Run Behavior\ShowPageTraceBehavior [ RunTime:0.000036s ]
INFO: [ app_end ] --END-- [ RunTime:0.000071s ]

[ 2018-06-08T21:03:49+08:00 ] 127.0.0.1 /Admin/Login/login.html
INFO: [ app_init ] --START--
INFO: Run Behavior\BuildLiteBehavior [ RunTime:0.000018s ]
INFO: [ app_init ] --END-- [ RunTime:0.000092s ]
INFO: [ app_begin ] --START--
INFO: Run Behavior\ReadHtmlCacheBehavior [ RunTime:0.000037s ]
INFO: [ app_begin ] --END-- [ RunTime:0.000069s ]

[ 2018-06-08T21:03:52+08:00 ] 127.0.0.1 /Admin/Login/verify.html?random=0.4991521809942243
INFO: [ app_init ] --START--
INFO: Run Behavior\BuildLiteBehavior [ RunTime:0.000008s ]
INFO: [ app_init ] --END-- [ RunTime:0.000064s ]
INFO: [ app_begin ] --START--
INFO: Run Behavior\ReadHtmlCacheBehavior [ RunTime:0.000031s ]
INFO: [ app_begin ] --END-- [ RunTime:0.000052s ]
INFO: [ app_end ] --START--
INFO: Run Behavior\ShowPageTraceBehavior [ RunTime:0.000087s ]
INFO: [ app_end ] --END-- [ RunTime:0.000148s ]

[ 2018-06-08T21:03:56+08:00 ] 127.0.0.1 /Admin/Login/login.html
INFO: [ app_init ] --START--
INFO: Run Behavior\BuildLiteBehavior [ RunTime:0.000012s ]
INFO: [ app_init ] --END-- [ RunTime:0.000136s ]
INFO: [ app_begin ] --START--
INFO: Run Behavior\ReadHtmlCacheBehavior [ RunTime:0.000044s ]
INFO: [ app_begin ] --END-- [ RunTime:0.000080s ]

[ 2018-06-08T21:03:58+08:00 ] 127.0.0.1 /Admin/Login/verify.html?random=0.09345420399031767
INFO: [ app_init ] --START--
INFO: Run Behavior\BuildLiteBehavior [ RunTime:0.000007s ]
INFO: [ app_init ] --END-- [ RunTime:0.000052s ]
INFO: [ app_begin ] --START--
INFO: Run Behavior\ReadHtmlCacheBehavior [ RunTime:0.000026s ]
INFO: [ app_begin ] --END-- [ RunTime:0.000048s ]
INFO: [ app_end ] --START--
INFO: Run Behavior\ShowPageTraceBehavior [ RunTime:0.000054s ]
INFO: [ app_end ] --END-- [ RunTime:0.000098s ]

[ 2018-06-08T21:06:55+08:00 ] 127.0.0.1 /Admin/Login
INFO: [ app_init ] --START--
INFO: Run Behavior\BuildLiteBehavior [ RunTime:0.000008s ]
INFO: [ app_init ] --END-- [ RunTime:0.000059s ]
INFO: [ app_begin ] --START--
INFO: Run Behavior\ReadHtmlCacheBehavior [ RunTime:0.000031s ]
INFO: [ app_begin ] --END-- [ RunTime:0.000053s ]
INFO: [ view_parse ] --START--
INFO: [ template_filter ] --START--
INFO: Run Behavior\ContentReplaceBehavior [ RunTime:0.000041s ]
INFO: [ template_filter ] --END-- [ RunTime:0.000075s ]
INFO: Run Behavior\ParseTemplateBehavior [ RunTime:0.002093s ]
INFO: [ view_parse ] --END-- [ RunTime:0.002141s ]
INFO: [ view_filter ] --START--
INFO: Run Behavior\WriteHtmlCacheBehavior [ RunTime:0.000056s ]
INFO: [ view_filter ] --END-- [ RunTime:0.000075s ]
INFO: [ app_end ] --START--
INFO: Run Behavior\ShowPageTraceBehavior [ RunTime:0.000030s ]
INFO: [ app_end ] --END-- [ RunTime:0.000049s ]

[ 2018-06-08T21:06:55+08:00 ] 127.0.0.1 /Admin/Login/verify.html
INFO: [ app_init ] --START--
INFO: Run Behavior\BuildLiteBehavior [ RunTime:0.000008s ]
INFO: [ app_init ] --END-- [ RunTime:0.000050s ]
INFO: [ app_begin ] --START--
INFO: Run Behavior\ReadHtmlCacheBehavior [ RunTime:0.000021s ]
INFO: [ app_begin ] --END-- [ RunTime:0.000043s ]
INFO: [ app_end ] --START--
INFO: Run Behavior\ShowPageTraceBehavior [ RunTime:0.000046s ]
INFO: [ app_end ] --END-- [ RunTime:0.000089s ]

[ 2018-06-08T21:07:00+08:00 ] 127.0.0.1 /Admin/Login/login.html
INFO: [ app_init ] --START--
INFO: Run Behavior\BuildLiteBehavior [ RunTime:0.000007s ]
INFO: [ app_init ] --END-- [ RunTime:0.000059s ]
INFO: [ app_begin ] --START--
INFO: Run Behavior\ReadHtmlCacheBehavior [ RunTime:0.000028s ]
INFO: [ app_begin ] --END-- [ RunTime:0.000050s ]
ERR: 1146:Table 'youyiqianbao.my_user' doesn't exist
 [ SQL语句 ] : SHOW COLUMNS FROM `my_user`
ERR: 1146:Table 'youyiqianbao.my_user' doesn't exist
 [ SQL语句 ] : SHOW COLUMNS FROM `my_user`

[ 2018-06-08T21:07:16+08:00 ] 127.0.0.1 /Admin/Login/login.html
INFO: [ app_init ] --START--
INFO: Run Behavior\BuildLiteBehavior [ RunTime:0.000008s ]
INFO: [ app_init ] --END-- [ RunTime:0.000062s ]
INFO: [ app_begin ] --START--
INFO: Run Behavior\ReadHtmlCacheBehavior [ RunTime:0.000031s ]
INFO: [ app_begin ] --END-- [ RunTime:0.000054s ]
ERR: 1146:Table 'youyiqianbao.my_user' doesn't exist
 [ SQL语句 ] : SHOW COLUMNS FROM `my_user`
ERR: 1146:Table 'youyiqianbao.my_user' doesn't exist
 [ SQL语句 ] : SHOW COLUMNS FROM `my_user`

[ 2018-06-08T21:14:59+08:00 ] 127.0.0.1 /Admin/Login/login.html
INFO: [ app_init ] --START--
INFO: Run Behavior\BuildLiteBehavior [ RunTime:0.000007s ]
INFO: [ app_init ] --END-- [ RunTime:0.000060s ]
INFO: [ app_begin ] --START--
INFO: Run Behavior\ReadHtmlCacheBehavior [ RunTime:0.000021s ]
INFO: [ app_begin ] --END-- [ RunTime:0.000038s ]
SQL: SHOW COLUMNS FROM `my_user` [ RunTime:0.0008s ]
SQL: SELECT * FROM `my_user` WHERE `username` = null AND `userpwd` = 'd41d8cd98f00b204e9800998ecf8427e' LIMIT 1   [ RunTime:0.0002s ]
INFO: [ view_parse ] --START--
INFO: [ template_filter ] --START--
INFO: Run Behavior\ContentReplaceBehavior [ RunTime:0.000018s ]
INFO: [ template_filter ] --END-- [ RunTime:0.000038s ]
INFO: Run Behavior\ParseTemplateBehavior [ RunTime:0.000826s ]
INFO: [ view_parse ] --END-- [ RunTime:0.000852s ]
INFO: [ view_filter ] --START--
INFO: Run Behavior\WriteHtmlCacheBehavior [ RunTime:0.000033s ]
INFO: [ view_filter ] --END-- [ RunTime:0.000046s ]

[ 2018-06-08T21:15:02+08:00 ] 127.0.0.1 /Admin/Login/index.html
INFO: [ app_init ] --START--
INFO: Run Behavior\BuildLiteBehavior [ RunTime:0.000006s ]
INFO: [ app_init ] --END-- [ RunTime:0.000040s ]
INFO: [ app_begin ] --START--
INFO: Run Behavior\ReadHtmlCacheBehavior [ RunTime:0.000018s ]
INFO: [ app_begin ] --END-- [ RunTime:0.000031s ]
INFO: [ view_parse ] --START--
INFO: [ template_filter ] --START--
INFO: Run Behavior\ContentReplaceBehavior [ RunTime:0.000050s ]
INFO: [ template_filter ] --END-- [ RunTime:0.000083s ]
INFO: Run Behavior\ParseTemplateBehavior [ RunTime:0.001684s ]
INFO: [ view_parse ] --END-- [ RunTime:0.001701s ]
INFO: [ view_filter ] --START--
INFO: Run Behavior\WriteHtmlCacheBehavior [ RunTime:0.000026s ]
INFO: [ view_filter ] --END-- [ RunTime:0.000037s ]
INFO: [ app_end ] --START--
INFO: Run Behavior\ShowPageTraceBehavior [ RunTime:0.000020s ]
INFO: [ app_end ] --END-- [ RunTime:0.000035s ]

[ 2018-06-08T21:15:02+08:00 ] 127.0.0.1 /Admin/Login/verify.html
INFO: [ app_init ] --START--
INFO: Run Behavior\BuildLiteBehavior [ RunTime:0.000006s ]
INFO: [ app_init ] --END-- [ RunTime:0.000040s ]
INFO: [ app_begin ] --START--
INFO: Run Behavior\ReadHtmlCacheBehavior [ RunTime:0.000023s ]
INFO: [ app_begin ] --END-- [ RunTime:0.000045s ]
INFO: [ app_end ] --START--
INFO: Run Behavior\ShowPageTraceBehavior [ RunTime:0.000030s ]
INFO: [ app_end ] --END-- [ RunTime:0.000057s ]

[ 2018-06-08T21:15:08+08:00 ] 127.0.0.1 /Admin/Login/login.html
INFO: [ app_init ] --START--
INFO: Run Behavior\BuildLiteBehavior [ RunTime:0.000008s ]
INFO: [ app_init ] --END-- [ RunTime:0.000057s ]
INFO: [ app_begin ] --START--
INFO: Run Behavior\ReadHtmlCacheBehavior [ RunTime:0.000029s ]
INFO: [ app_begin ] --END-- [ RunTime:0.000051s ]
SQL: SHOW COLUMNS FROM `my_user` [ RunTime:0.0007s ]
SQL: SELECT * FROM `my_user` WHERE `username` = 'admin' AND `userpwd` = '21232f297a57a5a743894a0e4a801fc3' LIMIT 1   [ RunTime:0.0003s ]
SQL: SHOW COLUMNS FROM `my_role_user` [ RunTime:0.0005s ]
SQL: SELECT `role_id` FROM `my_role_user` WHERE ( user_id=2 ) LIMIT 1   [ RunTime:0.0002s ]
SQL: SHOW COLUMNS FROM `my_role` [ RunTime:0.0004s ]
SQL: SELECT `name` FROM `my_role` WHERE `id` = 1 LIMIT 1   [ RunTime:0.0002s ]
SQL: SELECT `channel`,`shop` FROM `my_role` WHERE `id` = 1 LIMIT 1   [ RunTime:0.0001s ]
SQL: UPDATE `my_user` SET `lastlogtime`='2018-06-08 21:15:08',`lastlogip`='127.0.0.1',`logtimes`='688' WHERE `id` = 2 [ RunTime:0.0005s ]
NOTIC: [8] Undefined index: administrator /var/www/git/youyiqianbao/ThinkPHP/Library/Org/Util/Rbac.class.php 第 89 行.
SQL: select node.id,node.name from my_role as role,my_role_user as user,my_access as access ,my_node as node where user.user_id='2' and user.role_id=role.id and ( access.role_id=role.id  or (access.role_id=role.pid and role.pid!=0 ) ) and role.status=1 and access.node_id=node.id and node.level=1 [ RunTime:0.0013s ]
SQL: select node.id,node.name from my_role as role,my_role_user as user,my_access as access ,my_node as node where user.user_id='2' and user.role_id=role.id and ( access.role_id=role.id  or (access.role_id=role.pid and role.pid!=0 ) ) and role.status=1 and access.node_id=node.id and node.level=2 and node.pid=1 [ RunTime:0.0008s ]
SQL: select node.id,node.name,node.url from my_role as role,my_role_user as user,my_access as access ,my_node as node where user.user_id='2' and user.role_id=role.id and ( access.role_id=role.id  or (access.role_id=role.pid and role.pid!=0 ) ) and role.status=1 and access.node_id=node.id and node.level=3 and node.pid=2 [ RunTime:0.0007s ]
SQL: select node.id,node.name,node.url from my_role as role,my_role_user as user,my_access as access ,my_node as node where user.user_id='2' and user.role_id=role.id and ( access.role_id=role.id  or (access.role_id=role.pid and role.pid!=0 ) ) and role.status=1 and access.node_id=node.id and node.level=4 and node.pid=9 [ RunTime:0.0003s ]
SQL: select node.id,node.name,node.url from my_role as role,my_role_user as user,my_access as access ,my_node as node where user.user_id='2' and user.role_id=role.id and ( access.role_id=role.id  or (access.role_id=role.pid and role.pid!=0 ) ) and role.status=1 and access.node_id=node.id and node.level=4 and node.pid=10 [ RunTime:0.0003s ]
SQL: select node.id,node.name,node.url from my_role as role,my_role_user as user,my_access as access ,my_node as node where user.user_id='2' and user.role_id=role.id and ( access.role_id=role.id  or (access.role_id=role.pid and role.pid!=0 ) ) and role.status=1 and access.node_id=node.id and node.level=4 and node.pid=11 [ RunTime:0.0003s ]
SQL: select node.id,node.name,node.url from my_role as role,my_role_user as user,my_access as access ,my_node as node where user.user_id='2' and user.role_id=role.id and ( access.role_id=role.id  or (access.role_id=role.pid and role.pid!=0 ) ) and role.status=1 and access.node_id=node.id and node.level=4 and node.pid=12 [ RunTime:0.0002s ]
SQL: select node.id,node.name,node.url from my_role as role,my_role_user as user,my_access as access ,my_node as node where user.user_id='2' and user.role_id=role.id and ( access.role_id=role.id  or (access.role_id=role.pid and role.pid!=0 ) ) and role.status=1 and access.node_id=node.id and node.level=4 and node.pid=13 [ RunTime:0.0003s ]
SQL: select node.id,node.name,node.url from my_role as role,my_role_user as user,my_access as access ,my_node as node where user.user_id='2' and user.role_id=role.id and ( access.role_id=role.id  or (access.role_id=role.pid and role.pid!=0 ) ) and role.status=1 and access.node_id=node.id and node.level=4 and node.pid=14 [ RunTime:0.0002s ]
SQL: select node.id,node.name,node.url from my_role as role,my_role_user as user,my_access as access ,my_node as node where user.user_id='2' and user.role_id=role.id and ( access.role_id=role.id  or (access.role_id=role.pid and role.pid!=0 ) ) and role.status=1 and access.node_id=node.id and node.level=4 and node.pid=15 [ RunTime:0.0002s ]
SQL: select node.id,node.name,node.url from my_role as role,my_role_user as user,my_access as access ,my_node as node where user.user_id='2' and user.role_id=role.id and ( access.role_id=role.id  or (access.role_id=role.pid and role.pid!=0 ) ) and role.status=1 and access.node_id=node.id and node.level=4 and node.pid=16 [ RunTime:0.0002s ]
SQL: select node.id,node.name,node.url from my_role as role,my_role_user as user,my_access as access ,my_node as node where user.user_id='2' and user.role_id=role.id and ( access.role_id=role.id  or (access.role_id=role.pid and role.pid!=0 ) ) and role.status=1 and access.node_id=node.id and node.level=4 and node.pid=32 [ RunTime:0.0002s ]
SQL: select node.id,node.name,node.url from my_role as role,my_role_user as user,my_access as access ,my_node as node where user.user_id='2' and user.role_id=role.id and ( access.role_id=role.id  or (access.role_id=role.pid and role.pid!=0 ) ) and role.status=1 and access.node_id=node.id and node.level=4 and node.pid=33 [ RunTime:0.0002s ]
SQL: select node.id,node.name,node.url from my_role as role,my_role_user as user,my_access as access ,my_node as node where user.user_id='2' and user.role_id=role.id and ( access.role_id=role.id  or (access.role_id=role.pid and role.pid!=0 ) ) and role.status=1 and access.node_id=node.id and node.level=4 and node.pid=34 [ RunTime:0.0002s ]
SQL: select node.id,node.name,node.url from my_role as role,my_role_user as user,my_access as access ,my_node as node where user.user_id='2' and user.role_id=role.id and ( access.role_id=role.id  or (access.role_id=role.pid and role.pid!=0 ) ) and role.status=1 and access.node_id=node.id and node.level=4 and node.pid=35 [ RunTime:0.0002s ]
SQL: select node.id,node.name,node.url from my_role as role,my_role_user as user,my_access as access ,my_node as node where user.user_id='2' and user.role_id=role.id and ( access.role_id=role.id  or (access.role_id=role.pid and role.pid!=0 ) ) and role.status=1 and access.node_id=node.id and node.level=3 and node.pid=3 [ RunTime:0.0003s ]
SQL: select node.id,node.name,node.url from my_role as role,my_role_user as user,my_access as access ,my_node as node where user.user_id='2' and user.role_id=role.id and ( access.role_id=role.id  or (access.role_id=role.pid and role.pid!=0 ) ) and role.status=1 and access.node_id=node.id and node.level=4 and node.pid=25 [ RunTime:0.0002s ]
SQL: select node.id,node.name,node.url from my_role as role,my_role_user as user,my_access as access ,my_node as node where user.user_id='2' and user.role_id=role.id and ( access.role_id=role.id  or (access.role_id=role.pid and role.pid!=0 ) ) and role.status=1 and access.node_id=node.id and node.level=4 and node.pid=26 [ RunTime:0.0002s ]
SQL: select node.id,node.name,node.url from my_role as role,my_role_user as user,my_access as access ,my_node as node where user.user_id='2' and user.role_id=role.id and ( access.role_id=role.id  or (access.role_id=role.pid and role.pid!=0 ) ) and role.status=1 and access.node_id=node.id and node.level=4 and node.pid=27 [ RunTime:0.0002s ]
SQL: select node.id,node.name,node.url from my_role as role,my_role_user as user,my_access as access ,my_node as node where user.user_id='2' and user.role_id=role.id and ( access.role_id=role.id  or (access.role_id=role.pid and role.pid!=0 ) ) and role.status=1 and access.node_id=node.id and node.level=3 and node.pid=4 [ RunTime:0.0005s ]
SQL: select node.id,node.name,node.url from my_role as role,my_role_user as user,my_access as access ,my_node as node where user.user_id='2' and user.role_id=role.id and ( access.role_id=role.id  or (access.role_id=role.pid and role.pid!=0 ) ) and role.status=1 and access.node_id=node.id and node.level=4 and node.pid=57 [ RunTime:0.0002s ]
SQL: select node.id,node.name,node.url from my_role as role,my_role_user as user,my_access as access ,my_node as node where user.user_id='2' and user.role_id=role.id and ( access.role_id=role.id  or (access.role_id=role.pid and role.pid!=0 ) ) and role.status=1 and access.node_id=node.id and node.level=4 and node.pid=58 [ RunTime:0.0002s ]
SQL: select node.id,node.name,node.url from my_role as role,my_role_user as user,my_access as access ,my_node as node where user.user_id='2' and user.role_id=role.id and ( access.role_id=role.id  or (access.role_id=role.pid and role.pid!=0 ) ) and role.status=1 and access.node_id=node.id and node.level=4 and node.pid=59 [ RunTime:0.0002s ]
SQL: select node.id,node.name,node.url from my_role as role,my_role_user as user,my_access as access ,my_node as node where user.user_id='2' and user.role_id=role.id and ( access.role_id=role.id  or (access.role_id=role.pid and role.pid!=0 ) ) and role.status=1 and access.node_id=node.id and node.level=4 and node.pid=60 [ RunTime:0.0002s ]
SQL: select node.id,node.name,node.url from my_role as role,my_role_user as user,my_access as access ,my_node as node where user.user_id='2' and user.role_id=role.id and ( access.role_id=role.id  or (access.role_id=role.pid and role.pid!=0 ) ) and role.status=1 and access.node_id=node.id and node.level=4 and node.pid=61 [ RunTime:0.0002s ]
SQL: select node.id,node.name,node.url from my_role as role,my_role_user as user,my_access as access ,my_node as node where user.user_id='2' and user.role_id=role.id and ( access.role_id=role.id  or (access.role_id=role.pid and role.pid!=0 ) ) and role.status=1 and access.node_id=node.id and node.level=4 and node.pid=62 [ RunTime:0.0002s ]
SQL: select node.id,node.name,node.url from my_role as role,my_role_user as user,my_access as access ,my_node as node where user.user_id='2' and user.role_id=role.id and ( access.role_id=role.id  or (access.role_id=role.pid and role.pid!=0 ) ) and role.status=1 and access.node_id=node.id and node.level=4 and node.pid=63 [ RunTime:0.0002s ]
SQL: select node.id,node.name,node.url from my_role as role,my_role_user as user,my_access as access ,my_node as node where user.user_id='2' and user.role_id=role.id and ( access.role_id=role.id  or (access.role_id=role.pid and role.pid!=0 ) ) and role.status=1 and access.node_id=node.id and node.level=4 and node.pid=64 [ RunTime:0.0002s ]
SQL: select node.id,node.name,node.url from my_role as role,my_role_user as user,my_access as access ,my_node as node where user.user_id='2' and user.role_id=role.id and ( access.role_id=role.id  or (access.role_id=role.pid and role.pid!=0 ) ) and role.status=1 and access.node_id=node.id and node.level=4 and node.pid=65 [ RunTime:0.0002s ]
SQL: select node.id,node.name,node.url from my_role as role,my_role_user as user,my_access as access ,my_node as node where user.user_id='2' and user.role_id=role.id and ( access.role_id=role.id  or (access.role_id=role.pid and role.pid!=0 ) ) and role.status=1 and access.node_id=node.id and node.level=4 and node.pid=91 [ RunTime:0.0002s ]
SQL: select node.id,node.name,node.url from my_role as role,my_role_user as user,my_access as access ,my_node as node where user.user_id='2' and user.role_id=role.id and ( access.role_id=role.id  or (access.role_id=role.pid and role.pid!=0 ) ) and role.status=1 and access.node_id=node.id and node.level=4 and node.pid=92 [ RunTime:0.0002s ]
SQL: select node.id,node.name,node.url from my_role as role,my_role_user as user,my_access as access ,my_node as node where user.user_id='2' and user.role_id=role.id and ( access.role_id=role.id  or (access.role_id=role.pid and role.pid!=0 ) ) and role.status=1 and access.node_id=node.id and node.level=4 and node.pid=93 [ RunTime:0.0002s ]
SQL: select node.id,node.name,node.url from my_role as role,my_role_user as user,my_access as access ,my_node as node where user.user_id='2' and user.role_id=role.id and ( access.role_id=role.id  or (access.role_id=role.pid and role.pid!=0 ) ) and role.status=1 and access.node_id=node.id and node.level=4 and node.pid=94 [ RunTime:0.0002s ]
SQL: select node.id,node.name,node.url from my_role as role,my_role_user as user,my_access as access ,my_node as node where user.user_id='2' and user.role_id=role.id and ( access.role_id=role.id  or (access.role_id=role.pid and role.pid!=0 ) ) and role.status=1 and access.node_id=node.id and node.level=4 and node.pid=248 [ RunTime:0.0002s ]
SQL: select node.id,node.name,node.url from my_role as role,my_role_user as user,my_access as access ,my_node as node where user.user_id='2' and user.role_id=role.id and ( access.role_id=role.id  or (access.role_id=role.pid and role.pid!=0 ) ) and role.status=1 and access.node_id=node.id and node.level=4 and node.pid=249 [ RunTime:0.0002s ]
SQL: select node.id,node.name,node.url from my_role as role,my_role_user as user,my_access as access ,my_node as node where user.user_id='2' and user.role_id=role.id and ( access.role_id=role.id  or (access.role_id=role.pid and role.pid!=0 ) ) and role.status=1 and access.node_id=node.id and node.level=4 and node.pid=250 [ RunTime:0.0002s ]
SQL: select node.id,node.name,node.url from my_role as role,my_role_user as user,my_access as access ,my_node as node where user.user_id='2' and user.role_id=role.id and ( access.role_id=role.id  or (access.role_id=role.pid and role.pid!=0 ) ) and role.status=1 and access.node_id=node.id and node.level=4 and node.pid=251 [ RunTime:0.0002s ]
SQL: select node.id,node.name,node.url from my_role as role,my_role_user as user,my_access as access ,my_node as node where user.user_id='2' and user.role_id=role.id and ( access.role_id=role.id  or (access.role_id=role.pid and role.pid!=0 ) ) and role.status=1 and access.node_id=node.id and node.level=3 and node.pid=5 [ RunTime:0.0002s ]
SQL: select node.id,node.name,node.url from my_role as role,my_role_user as user,my_access as access ,my_node as node where user.user_id='2' and user.role_id=role.id and ( access.role_id=role.id  or (access.role_id=role.pid and role.pid!=0 ) ) and role.status=1 and access.node_id=node.id and node.level=4 and node.pid=28 [ RunTime:0.0002s ]
SQL: select node.id,node.name,node.url from my_role as role,my_role_user as user,my_access as access ,my_node as node where user.user_id='2' and user.role_id=role.id and ( access.role_id=role.id  or (access.role_id=role.pid and role.pid!=0 ) ) and role.status=1 and access.node_id=node.id and node.level=4 and node.pid=29 [ RunTime:0.0002s ]
SQL: select node.id,node.name,node.url from my_role as role,my_role_user as user,my_access as access ,my_node as node where user.user_id='2' and user.role_id=role.id and ( access.role_id=role.id  or (access.role_id=role.pid and role.pid!=0 ) ) and role.status=1 and access.node_id=node.id and node.level=4 and node.pid=30 [ RunTime:0.0002s ]
SQL: select node.id,node.name,node.url from my_role as role,my_role_user as user,my_access as access ,my_node as node where user.user_id='2' and user.role_id=role.id and ( access.role_id=role.id  or (access.role_id=role.pid and role.pid!=0 ) ) and role.status=1 and access.node_id=node.id and node.level=4 and node.pid=31 [ RunTime:0.0002s ]
SQL: select node.id,node.name,node.url from my_role as role,my_role_user as user,my_access as access ,my_node as node where user.user_id='2' and user.role_id=role.id and ( access.role_id=role.id  or (access.role_id=role.pid and role.pid!=0 ) ) and role.status=1 and access.node_id=node.id and node.level=3 and node.pid=6 [ RunTime:0.0004s ]
SQL: select node.id,node.name,node.url from my_role as role,my_role_user as user,my_access as access ,my_node as node where user.user_id='2' and user.role_id=role.id and ( access.role_id=role.id  or (access.role_id=role.pid and role.pid!=0 ) ) and role.status=1 and access.node_id=node.id and node.level=4 and node.pid=49 [ RunTime:0.0002s ]
SQL: select node.id,node.name,node.url from my_role as role,my_role_user as user,my_access as access ,my_node as node where user.user_id='2' and user.role_id=role.id and ( access.role_id=role.id  or (access.role_id=role.pid and role.pid!=0 ) ) and role.status=1 and access.node_id=node.id and node.level=4 and node.pid=50 [ RunTime:0.0002s ]
SQL: select node.id,node.name,node.url from my_role as role,my_role_user as user,my_access as access ,my_node as node where user.user_id='2' and user.role_id=role.id and ( access.role_id=role.id  or (access.role_id=role.pid and role.pid!=0 ) ) and role.status=1 and access.node_id=node.id and node.level=4 and node.pid=51 [ RunTime:0.0003s ]
SQL: select node.id,node.name,node.url from my_role as role,my_role_user as user,my_access as access ,my_node as node where user.user_id='2' and user.role_id=role.id and ( access.role_id=role.id  or (access.role_id=role.pid and role.pid!=0 ) ) and role.status=1 and access.node_id=node.id and node.level=4 and node.pid=52 [ RunTime:0.0002s ]
SQL: select node.id,node.name,node.url from my_role as role,my_role_user as user,my_access as access ,my_node as node where user.user_id='2' and user.role_id=role.id and ( access.role_id=role.id  or (access.role_id=role.pid and role.pid!=0 ) ) and role.status=1 and access.node_id=node.id and node.level=4 and node.pid=53 [ RunTime:0.0003s ]
SQL: select node.id,node.name,node.url from my_role as role,my_role_user as user,my_access as access ,my_node as node where user.user_id='2' and user.role_id=role.id and ( access.role_id=role.id  or (access.role_id=role.pid and role.pid!=0 ) ) and role.status=1 and access.node_id=node.id and node.level=4 and node.pid=54 [ RunTime:0.0002s ]
SQL: select node.id,node.name,node.url from my_role as role,my_role_user as user,my_access as access ,my_node as node where user.user_id='2' and user.role_id=role.id and ( access.role_id=role.id  or (access.role_id=role.pid and role.pid!=0 ) ) and role.status=1 and access.node_id=node.id and node.level=4 and node.pid=55 [ RunTime:0.0002s ]
SQL: select node.id,node.name,node.url from my_role as role,my_role_user as user,my_access as access ,my_node as node where user.user_id='2' and user.role_id=role.id and ( access.role_id=role.id  or (access.role_id=role.pid and role.pid!=0 ) ) and role.status=1 and access.node_id=node.id and node.level=4 and node.pid=56 [ RunTime:0.0002s ]
SQL: select node.id,node.name,node.url from my_role as role,my_role_user as user,my_access as access ,my_node as node where user.user_id='2' and user.role_id=role.id and ( access.role_id=role.id  or (access.role_id=role.pid and role.pid!=0 ) ) and role.status=1 and access.node_id=node.id and node.level=4 and node.pid=95 [ RunTime:0.0002s ]
SQL: select node.id,node.name,node.url from my_role as role,my_role_user as user,my_access as access ,my_node as node where user.user_id='2' and user.role_id=role.id and ( access.role_id=role.id  or (access.role_id=role.pid and role.pid!=0 ) ) and role.status=1 and access.node_id=node.id and node.level=4 and node.pid=96 [ RunTime:0.0002s ]
SQL: select node.id,node.name,node.url from my_role as role,my_role_user as user,my_access as access ,my_node as node where user.user_id='2' and user.role_id=role.id and ( access.role_id=role.id  or (access.role_id=role.pid and role.pid!=0 ) ) and role.status=1 and access.node_id=node.id and node.level=4 and node.pid=97 [ RunTime:0.0002s ]
SQL: select node.id,node.name,node.url from my_role as role,my_role_user as user,my_access as access ,my_node as node where user.user_id='2' and user.role_id=role.id and ( access.role_id=role.id  or (access.role_id=role.pid and role.pid!=0 ) ) and role.status=1 and access.node_id=node.id and node.level=4 and node.pid=98 [ RunTime:0.0002s ]
SQL: select node.id,node.name,node.url from my_role as role,my_role_user as user,my_access as access ,my_node as node where user.user_id='2' and user.role_id=role.id and ( access.role_id=role.id  or (access.role_id=role.pid and role.pid!=0 ) ) and role.status=1 and access.node_id=node.id and node.level=3 and node.pid=7 [ RunTime:0.0005s ]
SQL: select node.id,node.name,node.url from my_role as role,my_role_user as user,my_access as access ,my_node as node where user.user_id='2' and user.role_id=role.id and ( access.role_id=role.id  or (access.role_id=role.pid and role.pid!=0 ) ) and role.status=1 and access.node_id=node.id and node.level=4 and node.pid=74 [ RunTime:0.0002s ]
SQL: select node.id,node.name,node.url from my_role as role,my_role_user as user,my_access as access ,my_node as node where user.user_id='2' and user.role_id=role.id and ( access.role_id=role.id  or (access.role_id=role.pid and role.pid!=0 ) ) and role.status=1 and access.node_id=node.id and node.level=4 and node.pid=75 [ RunTime:0.0003s ]
SQL: select node.id,node.name,node.url from my_role as role,my_role_user as user,my_access as access ,my_node as node where user.user_id='2' and user.role_id=role.id and ( access.role_id=role.id  or (access.role_id=role.pid and role.pid!=0 ) ) and role.status=1 and access.node_id=node.id and node.level=4 and node.pid=76 [ RunTime:0.0003s ]
SQL: select node.id,node.name,node.url from my_role as role,my_role_user as user,my_access as access ,my_node as node where user.user_id='2' and user.role_id=role.id and ( access.role_id=role.id  or (access.role_id=role.pid and role.pid!=0 ) ) and role.status=1 and access.node_id=node.id and node.level=4 and node.pid=77 [ RunTime:0.0003s ]
SQL: select node.id,node.name,node.url from my_role as role,my_role_user as user,my_access as access ,my_node as node where user.user_id='2' and user.role_id=role.id and ( access.role_id=role.id  or (access.role_id=role.pid and role.pid!=0 ) ) and role.status=1 and access.node_id=node.id and node.level=4 and node.pid=252 [ RunTime:0.0003s ]
SQL: select node.id,node.name,node.url from my_role as role,my_role_user as user,my_access as access ,my_node as node where user.user_id='2' and user.role_id=role.id and ( access.role_id=role.id  or (access.role_id=role.pid and role.pid!=0 ) ) and role.status=1 and access.node_id=node.id and node.level=4 and node.pid=253 [ RunTime:0.0003s ]
SQL: select node.id,node.name,node.url from my_role as role,my_role_user as user,my_access as access ,my_node as node where user.user_id='2' and user.role_id=role.id and ( access.role_id=role.id  or (access.role_id=role.pid and role.pid!=0 ) ) and role.status=1 and access.node_id=node.id and node.level=4 and node.pid=254 [ RunTime:0.0002s ]
SQL: select node.id,node.name,node.url from my_role as role,my_role_user as user,my_access as access ,my_node as node where user.user_id='2' and user.role_id=role.id and ( access.role_id=role.id  or (access.role_id=role.pid and role.pid!=0 ) ) and role.status=1 and access.node_id=node.id and node.level=4 and node.pid=255 [ RunTime:0.0002s ]
SQL: select node.id,node.name,node.url from my_role as role,my_role_user as user,my_access as access ,my_node as node where user.user_id='2' and user.role_id=role.id and ( access.role_id=role.id  or (access.role_id=role.pid and role.pid!=0 ) ) and role.status=1 and access.node_id=node.id and node.level=4 and node.pid=256 [ RunTime:0.0002s ]
SQL: select node.id,node.name,node.url from my_role as role,my_role_user as user,my_access as access ,my_node as node where user.user_id='2' and user.role_id=role.id and ( access.role_id=role.id  or (access.role_id=role.pid and role.pid!=0 ) ) and role.status=1 and access.node_id=node.id and node.level=4 and node.pid=261 [ RunTime:0.0003s ]
SQL: select node.id,node.name,node.url from my_role as role,my_role_user as user,my_access as access ,my_node as node where user.user_id='2' and user.role_id=role.id and ( access.role_id=role.id  or (access.role_id=role.pid and role.pid!=0 ) ) and role.status=1 and access.node_id=node.id and node.level=4 and node.pid=262 [ RunTime:0.0003s ]
SQL: select node.id,node.name,node.url from my_role as role,my_role_user as user,my_access as access ,my_node as node where user.user_id='2' and user.role_id=role.id and ( access.role_id=role.id  or (access.role_id=role.pid and role.pid!=0 ) ) and role.status=1 and access.node_id=node.id and node.level=4 and node.pid=263 [ RunTime:0.0003s ]
SQL: select node.id,node.name,node.url from my_role as role,my_role_user as user,my_access as access ,my_node as node where user.user_id='2' and user.role_id=role.id and ( access.role_id=role.id  or (access.role_id=role.pid and role.pid!=0 ) ) and role.status=1 and access.node_id=node.id and node.level=4 and node.pid=264 [ RunTime:0.0003s ]
SQL: select node.id,node.name,node.url from my_role as role,my_role_user as user,my_access as access ,my_node as node where user.user_id='2' and user.role_id=role.id and ( access.role_id=role.id  or (access.role_id=role.pid and role.pid!=0 ) ) and role.status=1 and access.node_id=node.id and node.level=4 and node.pid=269 [ RunTime:0.0002s ]
SQL: select node.id,node.name,node.url from my_role as role,my_role_user as user,my_access as access ,my_node as node where user.user_id='2' and user.role_id=role.id and ( access.role_id=role.id  or (access.role_id=role.pid and role.pid!=0 ) ) and role.status=1 and access.node_id=node.id and node.level=4 and node.pid=270 [ RunTime:0.0002s ]
SQL: select node.id,node.name,node.url from my_role as role,my_role_user as user,my_access as access ,my_node as node where user.user_id='2' and user.role_id=role.id and ( access.role_id=role.id  or (access.role_id=role.pid and role.pid!=0 ) ) and role.status=1 and access.node_id=node.id and node.level=4 and node.pid=271 [ RunTime:0.0002s ]
SQL: select node.id,node.name,node.url from my_role as role,my_role_user as user,my_access as access ,my_node as node where user.user_id='2' and user.role_id=role.id and ( access.role_id=role.id  or (access.role_id=role.pid and role.pid!=0 ) ) and role.status=1 and access.node_id=node.id and node.level=4 and node.pid=272 [ RunTime:0.0002s ]
SQL: select node.id,node.name,node.url from my_role as role,my_role_user as user,my_access as access ,my_node as node where user.user_id='2' and user.role_id=role.id and ( access.role_id=role.id  or (access.role_id=role.pid and role.pid!=0 ) ) and role.status=1 and access.node_id=node.id and node.level=4 and node.pid=273 [ RunTime:0.0002s ]
SQL: select node.id,node.name,node.url from my_role as role,my_role_user as user,my_access as access ,my_node as node where user.user_id='2' and user.role_id=role.id and ( access.role_id=role.id  or (access.role_id=role.pid and role.pid!=0 ) ) and role.status=1 and access.node_id=node.id and node.level=4 and node.pid=274 [ RunTime:0.0002s ]
SQL: select node.id,node.name,node.url from my_role as role,my_role_user as user,my_access as access ,my_node as node where user.user_id='2' and user.role_id=role.id and ( access.role_id=role.id  or (access.role_id=role.pid and role.pid!=0 ) ) and role.status=1 and access.node_id=node.id and node.level=3 and node.pid=8 [ RunTime:0.0003s ]
SQL: select node.id,node.name,node.url from my_role as role,my_role_user as user,my_access as access ,my_node as node where user.user_id='2' and user.role_id=role.id and ( access.role_id=role.id  or (access.role_id=role.pid and role.pid!=0 ) ) and role.status=1 and access.node_id=node.id and node.level=4 and node.pid=36 [ RunTime:0.0002s ]
SQL: select node.id,node.name,node.url from my_role as role,my_role_user as user,my_access as access ,my_node as node where user.user_id='2' and user.role_id=role.id and ( access.role_id=role.id  or (access.role_id=role.pid and role.pid!=0 ) ) and role.status=1 and access.node_id=node.id and node.level=4 and node.pid=37 [ RunTime:0.0002s ]
SQL: select node.id,node.name,node.url from my_role as role,my_role_user as user,my_access as access ,my_node as node where user.user_id='2' and user.role_id=role.id and ( access.role_id=role.id  or (access.role_id=role.pid and role.pid!=0 ) ) and role.status=1 and access.node_id=node.id and node.level=4 and node.pid=38 [ RunTime:0.0002s ]
SQL: select node.id,node.name,node.url from my_role as role,my_role_user as user,my_access as access ,my_node as node where user.user_id='2' and user.role_id=role.id and ( access.role_id=role.id  or (access.role_id=role.pid and role.pid!=0 ) ) and role.status=1 and access.node_id=node.id and node.level=4 and node.pid=39 [ RunTime:0.0002s ]
SQL: select node.id,node.name,node.url from my_role as role,my_role_user as user,my_access as access ,my_node as node where user.user_id='2' and user.role_id=role.id and ( access.role_id=role.id  or (access.role_id=role.pid and role.pid!=0 ) ) and role.status=1 and access.node_id=node.id and node.level=4 and node.pid=40 [ RunTime:0.0002s ]
SQL: select node.id,node.name,node.url from my_role as role,my_role_user as user,my_access as access ,my_node as node where user.user_id='2' and user.role_id=role.id and ( access.role_id=role.id  or (access.role_id=role.pid and role.pid!=0 ) ) and role.status=1 and access.node_id=node.id and node.level=4 and node.pid=41 [ RunTime:0.0002s ]
SQL: select node.id,node.name,node.url from my_role as role,my_role_user as user,my_access as access ,my_node as node where user.user_id='2' and user.role_id=role.id and ( access.role_id=role.id  or (access.role_id=role.pid and role.pid!=0 ) ) and role.status=1 and access.node_id=node.id and node.level=4 and node.pid=42 [ RunTime:0.0002s ]
SQL: select node.id,node.name,node.url from my_role as role,my_role_user as user,my_access as access ,my_node as node where user.user_id='2' and user.role_id=role.id and ( access.role_id=role.id  or (access.role_id=role.pid and role.pid!=0 ) ) and role.status=1 and access.node_id=node.id and node.level=4 and node.pid=43 [ RunTime:0.0002s ]
SQL: select node.id,node.name,node.url from my_role as role,my_role_user as user,my_access as access ,my_node as node where user.user_id='2' and user.role_id=role.id and ( access.role_id=role.id  or (access.role_id=role.pid and role.pid!=0 ) ) and role.status=1 and access.node_id=node.id and node.level=4 and node.pid=44 [ RunTime:0.0002s ]
SQL: select node.id,node.name,node.url from my_role as role,my_role_user as user,my_access as access ,my_node as node where user.user_id='2' and user.role_id=role.id and ( access.role_id=role.id  or (access.role_id=role.pid and role.pid!=0 ) ) and role.status=1 and access.node_id=node.id and node.level=4 and node.pid=45 [ RunTime:0.0002s ]
SQL: select node.id,node.name,node.url from my_role as role,my_role_user as user,my_access as access ,my_node as node where user.user_id='2' and user.role_id=role.id and ( access.role_id=role.id  or (access.role_id=role.pid and role.pid!=0 ) ) and role.status=1 and access.node_id=node.id and node.level=4 and node.pid=46 [ RunTime:0.0002s ]
SQL: select node.id,node.name,node.url from my_role as role,my_role_user as user,my_access as access ,my_node as node where user.user_id='2' and user.role_id=role.id and ( access.role_id=role.id  or (access.role_id=role.pid and role.pid!=0 ) ) and role.status=1 and access.node_id=node.id and node.level=4 and node.pid=47 [ RunTime:0.0002s ]
SQL: select node.id,node.name,node.url from my_role as role,my_role_user as user,my_access as access ,my_node as node where user.user_id='2' and user.role_id=role.id and ( access.role_id=role.id  or (access.role_id=role.pid and role.pid!=0 ) ) and role.status=1 and access.node_id=node.id and node.level=4 and node.pid=48 [ RunTime:0.0002s ]
SQL: select node.id,node.name,node.url from my_role as role,my_role_user as user,my_access as access ,my_node as node where user.user_id='2' and user.role_id=role.id and ( access.role_id=role.id  or (access.role_id=role.pid and role.pid!=0 ) ) and role.status=1 and access.node_id=node.id and node.level=4 and node.pid=114 [ RunTime:0.0002s ]
SQL: select node.id,node.name,node.url from my_role as role,my_role_user as user,my_access as access ,my_node as node where user.user_id='2' and user.role_id=role.id and ( access.role_id=role.id  or (access.role_id=role.pid and role.pid!=0 ) ) and role.status=1 and access.node_id=node.id and node.level=4 and node.pid=117 [ RunTime:0.0002s ]
SQL: select node.id,node.name,node.url from my_role as role,my_role_user as user,my_access as access ,my_node as node where user.user_id='2' and user.role_id=role.id and ( access.role_id=role.id  or (access.role_id=role.pid and role.pid!=0 ) ) and role.status=1 and access.node_id=node.id and node.level=4 and node.pid=144 [ RunTime:0.0004s ]
SQL: select node.id,node.name,node.url from my_role as role,my_role_user as user,my_access as access ,my_node as node where user.user_id='2' and user.role_id=role.id and ( access.role_id=role.id  or (access.role_id=role.pid and role.pid!=0 ) ) and role.status=1 and access.node_id=node.id and node.level=3 and node.pid=197 [ RunTime:0.0003s ]
SQL: select node.id,node.name,node.url from my_role as role,my_role_user as user,my_access as access ,my_node as node where user.user_id='2' and user.role_id=role.id and ( access.role_id=role.id  or (access.role_id=role.pid and role.pid!=0 ) ) and role.status=1 and access.node_id=node.id and node.level=4 and node.pid=257 [ RunTime:0.0002s ]
SQL: select node.id,node.name,node.url from my_role as role,my_role_user as user,my_access as access ,my_node as node where user.user_id='2' and user.role_id=role.id and ( access.role_id=role.id  or (access.role_id=role.pid and role.pid!=0 ) ) and role.status=1 and access.node_id=node.id and node.level=4 and node.pid=258 [ RunTime:0.0002s ]
SQL: select node.id,node.name,node.url from my_role as role,my_role_user as user,my_access as access ,my_node as node where user.user_id='2' and user.role_id=role.id and ( access.role_id=role.id  or (access.role_id=role.pid and role.pid!=0 ) ) and role.status=1 and access.node_id=node.id and node.level=4 and node.pid=259 [ RunTime:0.0002s ]
SQL: select node.id,node.name,node.url from my_role as role,my_role_user as user,my_access as access ,my_node as node where user.user_id='2' and user.role_id=role.id and ( access.role_id=role.id  or (access.role_id=role.pid and role.pid!=0 ) ) and role.status=1 and access.node_id=node.id and node.level=4 and node.pid=260 [ RunTime:0.0002s ]
SQL: select node.id,node.name,node.url from my_role as role,my_role_user as user,my_access as access ,my_node as node where user.user_id='2' and user.role_id=role.id and ( access.role_id=role.id  or (access.role_id=role.pid and role.pid!=0 ) ) and role.status=1 and access.node_id=node.id and node.level=3 and node.pid=265 [ RunTime:0.0002s ]
SQL: select node.id,node.name,node.url from my_role as role,my_role_user as user,my_access as access ,my_node as node where user.user_id='2' and user.role_id=role.id and ( access.role_id=role.id  or (access.role_id=role.pid and role.pid!=0 ) ) and role.status=1 and access.node_id=node.id and node.level=4 and node.pid=266 [ RunTime:0.0002s ]
SQL: select node.id,node.name,node.url from my_role as role,my_role_user as user,my_access as access ,my_node as node where user.user_id='2' and user.role_id=role.id and ( access.role_id=role.id  or (access.role_id=role.pid and role.pid!=0 ) ) and role.status=1 and access.node_id=node.id and node.level=4 and node.pid=267 [ RunTime:0.0002s ]
SQL: select node.id,node.name,node.url from my_role as role,my_role_user as user,my_access as access ,my_node as node where user.user_id='2' and user.role_id=role.id and ( access.role_id=role.id  or (access.role_id=role.pid and role.pid!=0 ) ) and role.status=1 and access.node_id=node.id and node.level=4 and node.pid=268 [ RunTime:0.0002s ]

[ 2018-06-08T21:15:08+08:00 ] 127.0.0.1 /Admin/Index.html
INFO: [ app_init ] --START--
INFO: Run Behavior\BuildLiteBehavior [ RunTime:0.000008s ]
INFO: [ app_init ] --END-- [ RunTime:0.000051s ]
INFO: [ app_begin ] --START--
INFO: Run Behavior\ReadHtmlCacheBehavior [ RunTime:0.000024s ]
INFO: [ app_begin ] --END-- [ RunTime:0.000047s ]
SQL: SHOW COLUMNS FROM `my_node` [ RunTime:0.0007s ]
SQL: SELECT * FROM `my_node` WHERE `status` = 1 AND `isresume` = 1 ORDER BY sort asc  [ RunTime:0.0005s ]
SQL: SELECT * FROM `my_node` WHERE `status` = 1 AND `super` = 0 ORDER BY sort asc  [ RunTime:0.0007s ]
SQL: SHOW COLUMNS FROM `my_access` [ RunTime:0.0004s ]
INFO: [ view_parse ] --START--
INFO: [ template_filter ] --START--
INFO: Run Behavior\ContentReplaceBehavior [ RunTime:0.000053s ]
INFO: [ template_filter ] --END-- [ RunTime:0.000081s ]
INFO: Run Behavior\ParseTemplateBehavior [ RunTime:0.003981s ]
INFO: [ view_parse ] --END-- [ RunTime:0.004021s ]
INFO: [ view_filter ] --START--
INFO: Run Behavior\WriteHtmlCacheBehavior [ RunTime:0.000055s ]
INFO: [ view_filter ] --END-- [ RunTime:0.000070s ]
INFO: [ app_end ] --START--
INFO: Run Behavior\ShowPageTraceBehavior [ RunTime:0.000021s ]
INFO: [ app_end ] --END-- [ RunTime:0.000033s ]

[ 2018-06-08T21:15:08+08:00 ] 127.0.0.1 /Admin/Index/sysinfo.html
INFO: [ app_init ] --START--
INFO: Run Behavior\BuildLiteBehavior [ RunTime:0.000009s ]
INFO: [ app_init ] --END-- [ RunTime:0.000063s ]
INFO: [ app_begin ] --START--
INFO: Run Behavior\ReadHtmlCacheBehavior [ RunTime:0.000031s ]
INFO: [ app_begin ] --END-- [ RunTime:0.000048s ]
SQL: SHOW COLUMNS FROM `my_member` [ RunTime:0.0013s ]
SQL: SELECT COUNT(*) AS tp_count FROM `my_member` LIMIT 1   [ RunTime:0.0002s ]
SQL: SHOW COLUMNS FROM `my_order` [ RunTime:0.0006s ]
SQL: SELECT COUNT(*) AS tp_count FROM `my_order` LIMIT 1   [ RunTime:0.0003s ]
SQL: SHOW COLUMNS FROM `my_content_product` [ RunTime:0.0007s ]
SQL: SELECT COUNT(*) AS tp_count FROM `my_content_product` LIMIT 1   [ RunTime:0.0002s ]
SQL: SHOW COLUMNS FROM `my_coupon` [ RunTime:0.0006s ]
SQL: SELECT COUNT(*) AS tp_count FROM `my_coupon` LIMIT 1   [ RunTime:0.0002s ]
SQL: SHOW COLUMNS FROM `my_staff` [ RunTime:0.0005s ]
SQL: SELECT * FROM `my_staff` WHERE `status` = 1  [ RunTime:0.0002s ]
SQL: SHOW COLUMNS FROM `my_user` [ RunTime:0.0004s ]
SQL: SELECT * FROM `my_user` WHERE `id` = 2 AND `status` = 1 LIMIT 1   [ RunTime:0.0002s ]
INFO: [ view_parse ] --START--
INFO: [ template_filter ] --START--
INFO: Run Behavior\ContentReplaceBehavior [ RunTime:0.000056s ]
INFO: [ template_filter ] --END-- [ RunTime:0.000079s ]
INFO: Run Behavior\ParseTemplateBehavior [ RunTime:0.002054s ]
INFO: [ view_parse ] --END-- [ RunTime:0.002077s ]
INFO: [ view_filter ] --START--
INFO: Run Behavior\WriteHtmlCacheBehavior [ RunTime:0.000025s ]
INFO: [ view_filter ] --END-- [ RunTime:0.000041s ]
INFO: [ app_end ] --START--
INFO: Run Behavior\ShowPageTraceBehavior [ RunTime:0.000019s ]
INFO: [ app_end ] --END-- [ RunTime:0.000036s ]

[ 2018-06-08T21:15:08+08:00 ] 127.0.0.1 /Admin/Api/getcustom.html
INFO: [ app_init ] --START--
INFO: Run Behavior\BuildLiteBehavior [ RunTime:0.000005s ]
INFO: [ app_init ] --END-- [ RunTime:0.000036s ]
INFO: [ app_begin ] --START--
INFO: Run Behavior\ReadHtmlCacheBehavior [ RunTime:0.000015s ]
INFO: [ app_begin ] --END-- [ RunTime:0.000031s ]
SQL: SHOW COLUMNS FROM `my_member` [ RunTime:0.0013s ]
SQL: SELECT COUNT(*) AS tp_count FROM `my_member` WHERE `addtime` LIKE '2018-06-02%' LIMIT 1   [ RunTime:0.0005s ]
SQL: SHOW COLUMNS FROM `my_staff_follow` [ RunTime:0.0007s ]
SQL: SELECT COUNT(*) AS tp_count FROM `my_staff_follow` WHERE `addtime` LIKE '2018-06-02%' AND `type` = 2 LIMIT 1   [ RunTime:0.0003s ]
SQL: SELECT COUNT(*) AS tp_count FROM `my_staff_follow` WHERE `addtime` LIKE '2018-06-02%' AND `type` = 1 LIMIT 1   [ RunTime:0.0004s ]
SQL: SHOW COLUMNS FROM `my_member_status` [ RunTime:0.0007s ]
SQL: SELECT `id` FROM `my_member_status` WHERE `complate` = 1 AND `status` = 1 LIMIT 1   [ RunTime:0.0002s ]
SQL: SELECT COUNT(*) AS tp_count FROM `my_member` WHERE `complatetime` LIKE '2018-06-02%' AND `memberstatus` = 9 LIMIT 1   [ RunTime:0.0005s ]
SQL: SELECT COUNT(*) AS tp_count FROM `my_member` WHERE `addtime` LIKE '2018-06-03%' LIMIT 1   [ RunTime:0.0010s ]
SQL: SELECT COUNT(*) AS tp_count FROM `my_staff_follow` WHERE `addtime` LIKE '2018-06-03%' AND `type` = 2 LIMIT 1   [ RunTime:0.0003s ]
SQL: SELECT COUNT(*) AS tp_count FROM `my_staff_follow` WHERE `addtime` LIKE '2018-06-03%' AND `type` = 1 LIMIT 1   [ RunTime:0.0003s ]
SQL: SELECT `id` FROM `my_member_status` WHERE `complate` = 1 AND `status` = 1 LIMIT 1   [ RunTime:0.0002s ]
SQL: SELECT COUNT(*) AS tp_count FROM `my_member` WHERE `complatetime` LIKE '2018-06-03%' AND `memberstatus` = 9 LIMIT 1   [ RunTime:0.0004s ]
SQL: SELECT COUNT(*) AS tp_count FROM `my_member` WHERE `addtime` LIKE '2018-06-04%' LIMIT 1   [ RunTime:0.0007s ]
SQL: SELECT COUNT(*) AS tp_count FROM `my_staff_follow` WHERE `addtime` LIKE '2018-06-04%' AND `type` = 2 LIMIT 1   [ RunTime:0.0002s ]
SQL: SELECT COUNT(*) AS tp_count FROM `my_staff_follow` WHERE `addtime` LIKE '2018-06-04%' AND `type` = 1 LIMIT 1   [ RunTime:0.0002s ]
SQL: SELECT `id` FROM `my_member_status` WHERE `complate` = 1 AND `status` = 1 LIMIT 1   [ RunTime:0.0001s ]
SQL: SELECT COUNT(*) AS tp_count FROM `my_member` WHERE `complatetime` LIKE '2018-06-04%' AND `memberstatus` = 9 LIMIT 1   [ RunTime:0.0003s ]
SQL: SELECT COUNT(*) AS tp_count FROM `my_member` WHERE `addtime` LIKE '2018-06-05%' LIMIT 1   [ RunTime:0.0004s ]
SQL: SELECT COUNT(*) AS tp_count FROM `my_staff_follow` WHERE `addtime` LIKE '2018-06-05%' AND `type` = 2 LIMIT 1   [ RunTime:0.0001s ]
SQL: SELECT COUNT(*) AS tp_count FROM `my_staff_follow` WHERE `addtime` LIKE '2018-06-05%' AND `type` = 1 LIMIT 1   [ RunTime:0.0002s ]
SQL: SELECT `id` FROM `my_member_status` WHERE `complate` = 1 AND `status` = 1 LIMIT 1   [ RunTime:0.0001s ]
SQL: SELECT COUNT(*) AS tp_count FROM `my_member` WHERE `complatetime` LIKE '2018-06-05%' AND `memberstatus` = 9 LIMIT 1   [ RunTime:0.0003s ]
SQL: SELECT COUNT(*) AS tp_count FROM `my_member` WHERE `addtime` LIKE '2018-06-06%' LIMIT 1   [ RunTime:0.0004s ]
SQL: SELECT COUNT(*) AS tp_count FROM `my_staff_follow` WHERE `addtime` LIKE '2018-06-06%' AND `type` = 2 LIMIT 1   [ RunTime:0.0001s ]
SQL: SELECT COUNT(*) AS tp_count FROM `my_staff_follow` WHERE `addtime` LIKE '2018-06-06%' AND `type` = 1 LIMIT 1   [ RunTime:0.0001s ]
SQL: SELECT `id` FROM `my_member_status` WHERE `complate` = 1 AND `status` = 1 LIMIT 1   [ RunTime:0.0001s ]
SQL: SELECT COUNT(*) AS tp_count FROM `my_member` WHERE `complatetime` LIKE '2018-06-06%' AND `memberstatus` = 9 LIMIT 1   [ RunTime:0.0004s ]
SQL: SELECT COUNT(*) AS tp_count FROM `my_member` WHERE `addtime` LIKE '2018-06-07%' LIMIT 1   [ RunTime:0.0006s ]
SQL: SELECT COUNT(*) AS tp_count FROM `my_staff_follow` WHERE `addtime` LIKE '2018-06-07%' AND `type` = 2 LIMIT 1   [ RunTime:0.0002s ]
SQL: SELECT COUNT(*) AS tp_count FROM `my_staff_follow` WHERE `addtime` LIKE '2018-06-07%' AND `type` = 1 LIMIT 1   [ RunTime:0.0004s ]
SQL: SELECT `id` FROM `my_member_status` WHERE `complate` = 1 AND `status` = 1 LIMIT 1   [ RunTime:0.0002s ]
SQL: SELECT COUNT(*) AS tp_count FROM `my_member` WHERE `complatetime` LIKE '2018-06-07%' AND `memberstatus` = 9 LIMIT 1   [ RunTime:0.0005s ]
SQL: SELECT COUNT(*) AS tp_count FROM `my_member` WHERE `addtime` LIKE '2018-06-08%' LIMIT 1   [ RunTime:0.0006s ]
SQL: SELECT COUNT(*) AS tp_count FROM `my_staff_follow` WHERE `addtime` LIKE '2018-06-08%' AND `type` = 2 LIMIT 1   [ RunTime:0.0002s ]
SQL: SELECT COUNT(*) AS tp_count FROM `my_staff_follow` WHERE `addtime` LIKE '2018-06-08%' AND `type` = 1 LIMIT 1   [ RunTime:0.0002s ]
SQL: SELECT `id` FROM `my_member_status` WHERE `complate` = 1 AND `status` = 1 LIMIT 1   [ RunTime:0.0001s ]
SQL: SELECT COUNT(*) AS tp_count FROM `my_member` WHERE `complatetime` LIKE '2018-06-08%' AND `memberstatus` = 9 LIMIT 1   [ RunTime:0.0004s ]

[ 2018-06-08T21:15:13+08:00 ] 127.0.0.1 /Admin/Member/member.html
INFO: [ app_init ] --START--
INFO: Run Behavior\BuildLiteBehavior [ RunTime:0.000010s ]
INFO: [ app_init ] --END-- [ RunTime:0.000071s ]
INFO: [ app_begin ] --START--
INFO: Run Behavior\ReadHtmlCacheBehavior [ RunTime:0.000040s ]
INFO: [ app_begin ] --END-- [ RunTime:0.000077s ]
NOTIC: [8] Undefined index: 0153ecd9dbe0cbde9c2081534394e16f /var/www/git/youyiqianbao/ThinkPHP/Library/Org/Util/Rbac.class.php 第 171 行.
SQL: SHOW COLUMNS FROM `my_member` [ RunTime:0.0014s ]
SQL: SELECT * FROM `my_member` ORDER BY id desc LIMIT 0,10   [ RunTime:0.0007s ]
SQL: SHOW COLUMNS FROM `my_content_signup_record` [ RunTime:0.0005s ]
SQL: SELECT * FROM `my_content_signup_record` WHERE `memberid` = 215  [ RunTime:0.0005s ]
SQL: SHOW COLUMNS FROM `my_content_active_member` [ RunTime:0.0007s ]
SQL: SELECT * FROM `my_content_active_member` WHERE `memberid` = 215  [ RunTime:0.0003s ]
SQL: SELECT * FROM `my_content_signup_record` WHERE `memberid` = 214  [ RunTime:0.0007s ]
SQL: SELECT * FROM `my_content_active_member` WHERE `memberid` = 214  [ RunTime:0.0003s ]
SQL: SELECT * FROM `my_content_signup_record` WHERE `memberid` = 213  [ RunTime:0.0007s ]
SQL: SELECT * FROM `my_content_active_member` WHERE `memberid` = 213  [ RunTime:0.0002s ]
SQL: SELECT * FROM `my_content_signup_record` WHERE `memberid` = 212  [ RunTime:0.0005s ]
SQL: SELECT * FROM `my_content_active_member` WHERE `memberid` = 212  [ RunTime:0.0002s ]
SQL: SELECT * FROM `my_content_signup_record` WHERE `memberid` = 211  [ RunTime:0.0006s ]
SQL: SELECT * FROM `my_content_active_member` WHERE `memberid` = 211  [ RunTime:0.0002s ]
SQL: SELECT * FROM `my_content_signup_record` WHERE `memberid` = 210  [ RunTime:0.0006s ]
SQL: SELECT * FROM `my_content_active_member` WHERE `memberid` = 210  [ RunTime:0.0002s ]
SQL: SELECT * FROM `my_content_signup_record` WHERE `memberid` = 209  [ RunTime:0.0006s ]
SQL: SELECT * FROM `my_content_active_member` WHERE `memberid` = 209  [ RunTime:0.0002s ]
SQL: SELECT * FROM `my_content_signup_record` WHERE `memberid` = 208  [ RunTime:0.0005s ]
SQL: SELECT * FROM `my_content_active_member` WHERE `memberid` = 208  [ RunTime:0.0002s ]
SQL: SELECT * FROM `my_content_signup_record` WHERE `memberid` = 207  [ RunTime:0.0008s ]
SQL: SELECT * FROM `my_content_active_member` WHERE `memberid` = 207  [ RunTime:0.0003s ]
SQL: SELECT * FROM `my_content_signup_record` WHERE `memberid` = 206  [ RunTime:0.0008s ]
SQL: SELECT * FROM `my_content_active_member` WHERE `memberid` = 206  [ RunTime:0.0003s ]
SQL: SELECT COUNT(*) AS tp_count FROM `my_member` LIMIT 1   [ RunTime:0.0002s ]
INFO: [ view_parse ] --START--
INFO: [ template_filter ] --START--
INFO: Run Behavior\ContentReplaceBehavior [ RunTime:0.000129s ]
INFO: [ template_filter ] --END-- [ RunTime:0.000155s ]
INFO: Run Behavior\ParseTemplateBehavior [ RunTime:0.005532s ]
INFO: [ view_parse ] --END-- [ RunTime:0.005555s ]
INFO: [ view_filter ] --START--
INFO: Run Behavior\WriteHtmlCacheBehavior [ RunTime:0.000022s ]
INFO: [ view_filter ] --END-- [ RunTime:0.000034s ]
INFO: [ app_end ] --START--
INFO: Run Behavior\ShowPageTraceBehavior [ RunTime:0.000020s ]
INFO: [ app_end ] --END-- [ RunTime:0.000038s ]

[ 2018-06-08T21:15:18+08:00 ] 127.0.0.1 /Admin/Member/editMember/id/215.html
INFO: [ app_init ] --START--
INFO: Run Behavior\BuildLiteBehavior [ RunTime:0.000007s ]
INFO: [ app_init ] --END-- [ RunTime:0.000054s ]
INFO: [ app_begin ] --START--
INFO: Run Behavior\ReadHtmlCacheBehavior [ RunTime:0.000024s ]
INFO: [ app_begin ] --END-- [ RunTime:0.000045s ]
NOTIC: [8] Undefined index: e75ec005510f78f7ccc36c77df759884 /var/www/git/youyiqianbao/ThinkPHP/Library/Org/Util/Rbac.class.php 第 171 行.
SQL: SHOW COLUMNS FROM `my_member` [ RunTime:0.0028s ]
SQL: SELECT * FROM `my_member` WHERE `fid` = 215 ORDER BY id desc LIMIT 100   [ RunTime:0.0006s ]
SQL: SELECT * FROM `my_member` WHERE `id` = 215 LIMIT 1   [ RunTime:0.0004s ]
SQL: SHOW COLUMNS FROM `my_member_info` [ RunTime:0.0005s ]
SQL: SELECT * FROM `my_member_info` WHERE `memberid` = 215 LIMIT 1   [ RunTime:0.0087s ]
SQL: SELECT * FROM `my_member_info` WHERE `memberid` = 215 LIMIT 1   [ RunTime:0.0074s ]
NOTIC: [2] Invalid argument supplied for foreach() /var/www/git/youyiqianbao/Application/Admin/Controller/MemberController.class.php 第 390 行.
NOTIC: [2] Invalid argument supplied for foreach() /var/www/git/youyiqianbao/Application/Common/Common/app.php 第 295 行.
NOTIC: [2] array_multisort(): Argument #1 is expected to be an array or a sort flag /var/www/git/youyiqianbao/Application/Common/Common/app.php 第 300 行.
NOTIC: [2] Invalid argument supplied for foreach() /var/www/git/youyiqianbao/Application/Admin/Controller/MemberController.class.php 第 398 行.
NOTIC: [2] Invalid argument supplied for foreach() /var/www/git/youyiqianbao/Application/Common/Common/app.php 第 295 行.
NOTIC: [2] array_multisort(): Argument #1 is expected to be an array or a sort flag /var/www/git/youyiqianbao/Application/Common/Common/app.php 第 300 行.
NOTIC: [2] Invalid argument supplied for foreach() /var/www/git/youyiqianbao/Application/Admin/Controller/MemberController.class.php 第 403 行.
SQL: SELECT * FROM `my_member_info` WHERE `memberid` = 215 LIMIT 1   [ RunTime:0.0067s ]
SQL: SELECT * FROM `my_member_info` WHERE `memberid` = 215 LIMIT 1   [ RunTime:0.0067s ]
SQL: SELECT * FROM `my_member` WHERE `id` = 215 LIMIT 1   [ RunTime:0.0004s ]
SQL: SELECT * FROM `my_member_info` WHERE `memberid` = 215 LIMIT 1   [ RunTime:0.0068s ]
INFO: [ view_parse ] --START--
INFO: [ template_filter ] --START--
INFO: Run Behavior\ContentReplaceBehavior [ RunTime:0.000243s ]
INFO: [ template_filter ] --END-- [ RunTime:0.000259s ]
NOTIC: [8] Undefined variable:  /var/www/git/youyiqianbao/Application/Runtime/Cache/Admin/f121665ae9dbf5cb6a4dbc23b665e6be.php 第 829 行.
NOTIC: [8] Undefined variable:  /var/www/git/youyiqianbao/Application/Runtime/Cache/Admin/f121665ae9dbf5cb6a4dbc23b665e6be.php 第 853 行.
INFO: Run Behavior\ParseTemplateBehavior [ RunTime:0.018525s ]
INFO: [ view_parse ] --END-- [ RunTime:0.018552s ]
INFO: [ view_filter ] --START--
INFO: Run Behavior\WriteHtmlCacheBehavior [ RunTime:0.000028s ]
INFO: [ view_filter ] --END-- [ RunTime:0.000038s ]
INFO: [ app_end ] --START--
INFO: Run Behavior\ShowPageTraceBehavior [ RunTime:0.000017s ]
INFO: [ app_end ] --END-- [ RunTime:0.000030s ]

[ 2018-06-08T21:22:23+08:00 ] 127.0.0.1 /Admin/Member/member.html
INFO: [ app_init ] --START--
INFO: Run Behavior\BuildLiteBehavior [ RunTime:0.000006s ]
INFO: [ app_init ] --END-- [ RunTime:0.000043s ]
INFO: [ app_begin ] --START--
INFO: Run Behavior\ReadHtmlCacheBehavior [ RunTime:0.000018s ]
INFO: [ app_begin ] --END-- [ RunTime:0.000033s ]
SQL: SHOW COLUMNS FROM `my_member` [ RunTime:0.0017s ]
SQL: SELECT * FROM `my_member` ORDER BY id desc LIMIT 0,10   [ RunTime:0.0007s ]
SQL: SHOW COLUMNS FROM `my_content_signup_record` [ RunTime:0.0006s ]
SQL: SELECT * FROM `my_content_signup_record` WHERE `memberid` = 215  [ RunTime:0.0007s ]
SQL: SHOW COLUMNS FROM `my_content_active_member` [ RunTime:0.0005s ]
SQL: SELECT * FROM `my_content_active_member` WHERE `memberid` = 215  [ RunTime:0.0002s ]
SQL: SELECT * FROM `my_content_signup_record` WHERE `memberid` = 214  [ RunTime:0.0005s ]
SQL: SELECT * FROM `my_content_active_member` WHERE `memberid` = 214  [ RunTime:0.0001s ]
SQL: SELECT * FROM `my_content_signup_record` WHERE `memberid` = 213  [ RunTime:0.0005s ]
SQL: SELECT * FROM `my_content_active_member` WHERE `memberid` = 213  [ RunTime:0.0002s ]
SQL: SELECT * FROM `my_content_signup_record` WHERE `memberid` = 212  [ RunTime:0.0005s ]
SQL: SELECT * FROM `my_content_active_member` WHERE `memberid` = 212  [ RunTime:0.0001s ]
SQL: SELECT * FROM `my_content_signup_record` WHERE `memberid` = 211  [ RunTime:0.0005s ]
SQL: SELECT * FROM `my_content_active_member` WHERE `memberid` = 211  [ RunTime:0.0001s ]
SQL: SELECT * FROM `my_content_signup_record` WHERE `memberid` = 210  [ RunTime:0.0005s ]
SQL: SELECT * FROM `my_content_active_member` WHERE `memberid` = 210  [ RunTime:0.0001s ]
SQL: SELECT * FROM `my_content_signup_record` WHERE `memberid` = 209  [ RunTime:0.0005s ]
SQL: SELECT * FROM `my_content_active_member` WHERE `memberid` = 209  [ RunTime:0.0002s ]
SQL: SELECT * FROM `my_content_signup_record` WHERE `memberid` = 208  [ RunTime:0.0006s ]
SQL: SELECT * FROM `my_content_active_member` WHERE `memberid` = 208  [ RunTime:0.0003s ]
SQL: SELECT * FROM `my_content_signup_record` WHERE `memberid` = 207  [ RunTime:0.0007s ]
SQL: SELECT * FROM `my_content_active_member` WHERE `memberid` = 207  [ RunTime:0.0002s ]
SQL: SELECT * FROM `my_content_signup_record` WHERE `memberid` = 206  [ RunTime:0.0005s ]
SQL: SELECT * FROM `my_content_active_member` WHERE `memberid` = 206  [ RunTime:0.0002s ]
SQL: SELECT COUNT(*) AS tp_count FROM `my_member` LIMIT 1   [ RunTime:0.0001s ]
INFO: [ view_parse ] --START--
INFO: [ template_filter ] --START--
INFO: Run Behavior\ContentReplaceBehavior [ RunTime:0.000085s ]
INFO: [ template_filter ] --END-- [ RunTime:0.000110s ]
INFO: Run Behavior\ParseTemplateBehavior [ RunTime:0.004227s ]
INFO: [ view_parse ] --END-- [ RunTime:0.004263s ]
INFO: [ view_filter ] --START--
INFO: Run Behavior\WriteHtmlCacheBehavior [ RunTime:0.000034s ]
INFO: [ view_filter ] --END-- [ RunTime:0.000046s ]
INFO: [ app_end ] --START--
INFO: Run Behavior\ShowPageTraceBehavior [ RunTime:0.000026s ]
INFO: [ app_end ] --END-- [ RunTime:0.000041s ]

[ 2018-06-08T21:22:28+08:00 ] 127.0.0.1 /Admin/Member/editMember/id/215.html
INFO: [ app_init ] --START--
INFO: Run Behavior\BuildLiteBehavior [ RunTime:0.000009s ]
INFO: [ app_init ] --END-- [ RunTime:0.000130s ]
INFO: [ app_begin ] --START--
INFO: Run Behavior\ReadHtmlCacheBehavior [ RunTime:0.000166s ]
INFO: [ app_begin ] --END-- [ RunTime:0.000304s ]
SQL: SHOW COLUMNS FROM `my_member` [ RunTime:0.0009s ]
SQL: SELECT * FROM `my_member` WHERE `fid` = 215 ORDER BY id desc LIMIT 100   [ RunTime:0.0006s ]
SQL: SELECT * FROM `my_member` WHERE `id` = 215 LIMIT 1   [ RunTime:0.0004s ]
SQL: SHOW COLUMNS FROM `my_member_info` [ RunTime:0.0005s ]
SQL: SELECT * FROM `my_member_info` WHERE `memberid` = 215 LIMIT 1   [ RunTime:0.0079s ]
SQL: SELECT * FROM `my_member_info` WHERE `memberid` = 215 LIMIT 1   [ RunTime:0.0091s ]
NOTIC: [2] Invalid argument supplied for foreach() /var/www/git/youyiqianbao/Application/Admin/Controller/MemberController.class.php 第 390 行.
NOTIC: [2] Invalid argument supplied for foreach() /var/www/git/youyiqianbao/Application/Common/Common/app.php 第 295 行.
NOTIC: [2] array_multisort(): Argument #1 is expected to be an array or a sort flag /var/www/git/youyiqianbao/Application/Common/Common/app.php 第 300 行.
NOTIC: [2] Invalid argument supplied for foreach() /var/www/git/youyiqianbao/Application/Admin/Controller/MemberController.class.php 第 398 行.
NOTIC: [2] Invalid argument supplied for foreach() /var/www/git/youyiqianbao/Application/Common/Common/app.php 第 295 行.
NOTIC: [2] array_multisort(): Argument #1 is expected to be an array or a sort flag /var/www/git/youyiqianbao/Application/Common/Common/app.php 第 300 行.
NOTIC: [2] Invalid argument supplied for foreach() /var/www/git/youyiqianbao/Application/Admin/Controller/MemberController.class.php 第 403 行.
SQL: SELECT * FROM `my_member_info` WHERE `memberid` = 215 LIMIT 1   [ RunTime:0.0066s ]
SQL: SELECT * FROM `my_member_info` WHERE `memberid` = 215 LIMIT 1   [ RunTime:0.0078s ]
SQL: SELECT * FROM `my_member` WHERE `id` = 215 LIMIT 1   [ RunTime:0.0004s ]
SQL: SELECT * FROM `my_member_info` WHERE `memberid` = 215 LIMIT 1   [ RunTime:0.0066s ]
INFO: [ view_parse ] --START--
INFO: [ template_filter ] --START--
INFO: Run Behavior\ContentReplaceBehavior [ RunTime:0.000497s ]
INFO: [ template_filter ] --END-- [ RunTime:0.000531s ]
NOTIC: [8] Undefined variable:  /var/www/git/youyiqianbao/Application/Runtime/Cache/Admin/f121665ae9dbf5cb6a4dbc23b665e6be.php 第 829 行.
NOTIC: [8] Undefined variable:  /var/www/git/youyiqianbao/Application/Runtime/Cache/Admin/f121665ae9dbf5cb6a4dbc23b665e6be.php 第 853 行.
INFO: Run Behavior\ParseTemplateBehavior [ RunTime:0.018734s ]
INFO: [ view_parse ] --END-- [ RunTime:0.018758s ]
INFO: [ view_filter ] --START--
INFO: Run Behavior\WriteHtmlCacheBehavior [ RunTime:0.000029s ]
INFO: [ view_filter ] --END-- [ RunTime:0.000040s ]
INFO: [ app_end ] --START--
INFO: Run Behavior\ShowPageTraceBehavior [ RunTime:0.000019s ]
INFO: [ app_end ] --END-- [ RunTime:0.000033s ]

[ 2018-06-08T21:22:53+08:00 ] 127.0.0.1 /Admin/Member/member.html
INFO: [ app_init ] --START--
INFO: Run Behavior\BuildLiteBehavior [ RunTime:0.000006s ]
INFO: [ app_init ] --END-- [ RunTime:0.000050s ]
INFO: [ app_begin ] --START--
INFO: Run Behavior\ReadHtmlCacheBehavior [ RunTime:0.000022s ]
INFO: [ app_begin ] --END-- [ RunTime:0.000040s ]
SQL: SHOW COLUMNS FROM `my_member` [ RunTime:0.0012s ]
SQL: SELECT * FROM `my_member` ORDER BY id desc LIMIT 0,10   [ RunTime:0.0007s ]
SQL: SHOW COLUMNS FROM `my_content_signup_record` [ RunTime:0.0004s ]
SQL: SELECT * FROM `my_content_signup_record` WHERE `memberid` = 215  [ RunTime:0.0005s ]
SQL: SHOW COLUMNS FROM `my_content_active_member` [ RunTime:0.0005s ]
SQL: SELECT * FROM `my_content_active_member` WHERE `memberid` = 215  [ RunTime:0.0002s ]
SQL: SELECT * FROM `my_content_signup_record` WHERE `memberid` = 214  [ RunTime:0.0004s ]
SQL: SELECT * FROM `my_content_active_member` WHERE `memberid` = 214  [ RunTime:0.0002s ]
SQL: SELECT * FROM `my_content_signup_record` WHERE `memberid` = 213  [ RunTime:0.0004s ]
SQL: SELECT * FROM `my_content_active_member` WHERE `memberid` = 213  [ RunTime:0.0002s ]
SQL: SELECT * FROM `my_content_signup_record` WHERE `memberid` = 212  [ RunTime:0.0004s ]
SQL: SELECT * FROM `my_content_active_member` WHERE `memberid` = 212  [ RunTime:0.0003s ]
SQL: SELECT * FROM `my_content_signup_record` WHERE `memberid` = 211  [ RunTime:0.0005s ]
SQL: SELECT * FROM `my_content_active_member` WHERE `memberid` = 211  [ RunTime:0.0002s ]
SQL: SELECT * FROM `my_content_signup_record` WHERE `memberid` = 210  [ RunTime:0.0005s ]
SQL: SELECT * FROM `my_content_active_member` WHERE `memberid` = 210  [ RunTime:0.0002s ]
SQL: SELECT * FROM `my_content_signup_record` WHERE `memberid` = 209  [ RunTime:0.0004s ]
SQL: SELECT * FROM `my_content_active_member` WHERE `memberid` = 209  [ RunTime:0.0002s ]
SQL: SELECT * FROM `my_content_signup_record` WHERE `memberid` = 208  [ RunTime:0.0004s ]
SQL: SELECT * FROM `my_content_active_member` WHERE `memberid` = 208  [ RunTime:0.0002s ]
SQL: SELECT * FROM `my_content_signup_record` WHERE `memberid` = 207  [ RunTime:0.0006s ]
SQL: SELECT * FROM `my_content_active_member` WHERE `memberid` = 207  [ RunTime:0.0002s ]
SQL: SELECT * FROM `my_content_signup_record` WHERE `memberid` = 206  [ RunTime:0.0006s ]
SQL: SELECT * FROM `my_content_active_member` WHERE `memberid` = 206  [ RunTime:0.0003s ]
SQL: SELECT COUNT(*) AS tp_count FROM `my_member` LIMIT 1   [ RunTime:0.0002s ]
INFO: [ view_parse ] --START--
INFO: [ template_filter ] --START--
INFO: Run Behavior\ContentReplaceBehavior [ RunTime:0.000128s ]
INFO: [ template_filter ] --END-- [ RunTime:0.000164s ]
INFO: Run Behavior\ParseTemplateBehavior [ RunTime:0.005625s ]
INFO: [ view_parse ] --END-- [ RunTime:0.005655s ]
INFO: [ view_filter ] --START--
INFO: Run Behavior\WriteHtmlCacheBehavior [ RunTime:0.000034s ]
INFO: [ view_filter ] --END-- [ RunTime:0.000047s ]
INFO: [ app_end ] --START--
INFO: Run Behavior\ShowPageTraceBehavior [ RunTime:0.000076s ]
INFO: [ app_end ] --END-- [ RunTime:0.000106s ]

[ 2018-06-08T21:23:04+08:00 ] 127.0.0.1 /Admin/Member/editMember/id/213.html
INFO: [ app_init ] --START--
INFO: Run Behavior\BuildLiteBehavior [ RunTime:0.000007s ]
INFO: [ app_init ] --END-- [ RunTime:0.000058s ]
INFO: [ app_begin ] --START--
INFO: Run Behavior\ReadHtmlCacheBehavior [ RunTime:0.000026s ]
INFO: [ app_begin ] --END-- [ RunTime:0.000048s ]
SQL: SHOW COLUMNS FROM `my_member` [ RunTime:0.0015s ]
SQL: SELECT * FROM `my_member` WHERE `fid` = 213 ORDER BY id desc LIMIT 100   [ RunTime:0.0007s ]
SQL: SELECT * FROM `my_member` WHERE `id` = 213 LIMIT 1   [ RunTime:0.0004s ]
SQL: SHOW COLUMNS FROM `my_member_info` [ RunTime:0.0006s ]
SQL: SELECT * FROM `my_member_info` WHERE `memberid` = 213 LIMIT 1   [ RunTime:0.0102s ]
SQL: SELECT * FROM `my_member_info` WHERE `memberid` = 213 LIMIT 1   [ RunTime:0.0102s ]
NOTIC: [2] Invalid argument supplied for foreach() /var/www/git/youyiqianbao/Application/Admin/Controller/MemberController.class.php 第 390 行.
NOTIC: [2] Invalid argument supplied for foreach() /var/www/git/youyiqianbao/Application/Common/Common/app.php 第 295 行.
NOTIC: [2] array_multisort(): Argument #1 is expected to be an array or a sort flag /var/www/git/youyiqianbao/Application/Common/Common/app.php 第 300 行.
NOTIC: [2] Invalid argument supplied for foreach() /var/www/git/youyiqianbao/Application/Admin/Controller/MemberController.class.php 第 398 行.
NOTIC: [2] Invalid argument supplied for foreach() /var/www/git/youyiqianbao/Application/Common/Common/app.php 第 295 行.
NOTIC: [2] array_multisort(): Argument #1 is expected to be an array or a sort flag /var/www/git/youyiqianbao/Application/Common/Common/app.php 第 300 行.
NOTIC: [2] Invalid argument supplied for foreach() /var/www/git/youyiqianbao/Application/Admin/Controller/MemberController.class.php 第 403 行.
SQL: SELECT * FROM `my_member_info` WHERE `memberid` = 213 LIMIT 1   [ RunTime:0.0090s ]
SQL: SELECT * FROM `my_member_info` WHERE `memberid` = 213 LIMIT 1   [ RunTime:0.0084s ]
SQL: SELECT * FROM `my_member` WHERE `id` = 213 LIMIT 1   [ RunTime:0.0004s ]
SQL: SELECT * FROM `my_member_info` WHERE `memberid` = 213 LIMIT 1   [ RunTime:0.0083s ]
INFO: [ view_parse ] --START--
INFO: [ template_filter ] --START--
INFO: Run Behavior\ContentReplaceBehavior [ RunTime:0.000258s ]
INFO: [ template_filter ] --END-- [ RunTime:0.000276s ]
NOTIC: [8] Undefined variable:  /var/www/git/youyiqianbao/Application/Runtime/Cache/Admin/f121665ae9dbf5cb6a4dbc23b665e6be.php 第 829 行.
NOTIC: [8] Undefined variable:  /var/www/git/youyiqianbao/Application/Runtime/Cache/Admin/f121665ae9dbf5cb6a4dbc23b665e6be.php 第 853 行.
INFO: Run Behavior\ParseTemplateBehavior [ RunTime:0.010910s ]
INFO: [ view_parse ] --END-- [ RunTime:0.010931s ]
INFO: [ view_filter ] --START--
INFO: Run Behavior\WriteHtmlCacheBehavior [ RunTime:0.000028s ]
INFO: [ view_filter ] --END-- [ RunTime:0.000040s ]
INFO: [ app_end ] --START--
INFO: Run Behavior\ShowPageTraceBehavior [ RunTime:0.000019s ]
INFO: [ app_end ] --END-- [ RunTime:0.000033s ]

[ 2018-06-08T21:23:18+08:00 ] 127.0.0.1 /Admin/Member/editMember/id/213.html
INFO: [ app_init ] --START--
INFO: Run Behavior\BuildLiteBehavior [ RunTime:0.000009s ]
INFO: [ app_init ] --END-- [ RunTime:0.000070s ]
INFO: [ app_begin ] --START--
INFO: Run Behavior\ReadHtmlCacheBehavior [ RunTime:0.000034s ]
INFO: [ app_begin ] --END-- [ RunTime:0.000062s ]
SQL: SHOW COLUMNS FROM `my_member` [ RunTime:0.0015s ]
SQL: SELECT * FROM `my_member` WHERE `fid` = 213 ORDER BY id desc LIMIT 100   [ RunTime:0.0009s ]
SQL: SELECT * FROM `my_member` WHERE `id` = 213 LIMIT 1   [ RunTime:0.0005s ]
SQL: SHOW COLUMNS FROM `my_member_info` [ RunTime:0.0006s ]
SQL: SELECT * FROM `my_member_info` WHERE `memberid` = 213 LIMIT 1   [ RunTime:0.0099s ]
SQL: SELECT * FROM `my_member_info` WHERE `memberid` = 213 LIMIT 1   [ RunTime:0.0088s ]
NOTIC: [2] Invalid argument supplied for foreach() /var/www/git/youyiqianbao/Application/Admin/Controller/MemberController.class.php 第 390 行.
NOTIC: [2] Invalid argument supplied for foreach() /var/www/git/youyiqianbao/Application/Common/Common/app.php 第 295 行.
NOTIC: [2] array_multisort(): Argument #1 is expected to be an array or a sort flag /var/www/git/youyiqianbao/Application/Common/Common/app.php 第 300 行.
NOTIC: [2] Invalid argument supplied for foreach() /var/www/git/youyiqianbao/Application/Admin/Controller/MemberController.class.php 第 398 行.
NOTIC: [2] Invalid argument supplied for foreach() /var/www/git/youyiqianbao/Application/Common/Common/app.php 第 295 行.
NOTIC: [2] array_multisort(): Argument #1 is expected to be an array or a sort flag /var/www/git/youyiqianbao/Application/Common/Common/app.php 第 300 行.
NOTIC: [2] Invalid argument supplied for foreach() /var/www/git/youyiqianbao/Application/Admin/Controller/MemberController.class.php 第 403 行.
SQL: SELECT * FROM `my_member_info` WHERE `memberid` = 213 LIMIT 1   [ RunTime:0.0092s ]
SQL: SELECT * FROM `my_member_info` WHERE `memberid` = 213 LIMIT 1   [ RunTime:0.0096s ]
SQL: SELECT * FROM `my_member` WHERE `id` = 213 LIMIT 1   [ RunTime:0.0004s ]
SQL: SELECT * FROM `my_member_info` WHERE `memberid` = 213 LIMIT 1   [ RunTime:0.0097s ]
INFO: [ view_parse ] --START--
INFO: [ template_filter ] --START--
INFO: Run Behavior\ContentReplaceBehavior [ RunTime:0.000264s ]
INFO: [ template_filter ] --END-- [ RunTime:0.000297s ]
NOTIC: [8] Undefined variable:  /var/www/git/youyiqianbao/Application/Runtime/Cache/Admin/f121665ae9dbf5cb6a4dbc23b665e6be.php 第 829 行.
NOTIC: [8] Undefined variable:  /var/www/git/youyiqianbao/Application/Runtime/Cache/Admin/f121665ae9dbf5cb6a4dbc23b665e6be.php 第 853 行.
INFO: Run Behavior\ParseTemplateBehavior [ RunTime:0.016303s ]
INFO: [ view_parse ] --END-- [ RunTime:0.016333s ]
INFO: [ view_filter ] --START--
INFO: Run Behavior\WriteHtmlCacheBehavior [ RunTime:0.000079s ]
INFO: [ view_filter ] --END-- [ RunTime:0.000097s ]
INFO: [ app_end ] --START--
INFO: Run Behavior\ShowPageTraceBehavior [ RunTime:0.000029s ]
INFO: [ app_end ] --END-- [ RunTime:0.000052s ]

[ 2018-06-08T21:26:21+08:00 ] 127.0.0.1 /Admin/Member/editMember/id/213.html
INFO: [ app_init ] --START--
INFO: Run Behavior\BuildLiteBehavior [ RunTime:0.000007s ]
INFO: [ app_init ] --END-- [ RunTime:0.000060s ]
INFO: [ app_begin ] --START--
INFO: Run Behavior\ReadHtmlCacheBehavior [ RunTime:0.000038s ]
INFO: [ app_begin ] --END-- [ RunTime:0.000069s ]
SQL: SHOW COLUMNS FROM `my_member` [ RunTime:0.0012s ]
SQL: SELECT * FROM `my_member` WHERE `fid` = 213 ORDER BY id desc LIMIT 100   [ RunTime:0.0008s ]
SQL: SELECT * FROM `my_member` WHERE `id` = 213 LIMIT 1   [ RunTime:0.0005s ]
SQL: SHOW COLUMNS FROM `my_member_info` [ RunTime:0.0008s ]
SQL: SELECT * FROM `my_member_info` WHERE `memberid` = 213 LIMIT 1   [ RunTime:0.0088s ]
SQL: SELECT * FROM `my_member_info` WHERE `memberid` = 213 LIMIT 1   [ RunTime:0.0111s ]
NOTIC: [2] Invalid argument supplied for foreach() /var/www/git/youyiqianbao/Application/Admin/Controller/MemberController.class.php 第 390 行.
NOTIC: [2] Invalid argument supplied for foreach() /var/www/git/youyiqianbao/Application/Common/Common/app.php 第 295 行.
NOTIC: [2] array_multisort(): Argument #1 is expected to be an array or a sort flag /var/www/git/youyiqianbao/Application/Common/Common/app.php 第 300 行.
NOTIC: [2] Invalid argument supplied for foreach() /var/www/git/youyiqianbao/Application/Admin/Controller/MemberController.class.php 第 398 行.
NOTIC: [2] Invalid argument supplied for foreach() /var/www/git/youyiqianbao/Application/Common/Common/app.php 第 295 行.
NOTIC: [2] array_multisort(): Argument #1 is expected to be an array or a sort flag /var/www/git/youyiqianbao/Application/Common/Common/app.php 第 300 行.
NOTIC: [2] Invalid argument supplied for foreach() /var/www/git/youyiqianbao/Application/Admin/Controller/MemberController.class.php 第 403 行.
SQL: SELECT * FROM `my_member_info` WHERE `memberid` = 213 LIMIT 1   [ RunTime:0.0083s ]
SQL: SELECT * FROM `my_member_info` WHERE `memberid` = 213 LIMIT 1   [ RunTime:0.0091s ]
SQL: SELECT * FROM `my_member` WHERE `id` = 213 LIMIT 1   [ RunTime:0.0004s ]
SQL: SELECT * FROM `my_member_info` WHERE `memberid` = 213 LIMIT 1   [ RunTime:0.0086s ]
INFO: [ view_parse ] --START--
INFO: [ template_filter ] --START--
INFO: Run Behavior\ContentReplaceBehavior [ RunTime:0.000021s ]
INFO: [ template_filter ] --END-- [ RunTime:0.000050s ]
INFO: Run Behavior\ParseTemplateBehavior [ RunTime:0.000665s ]
INFO: [ view_parse ] --END-- [ RunTime:0.000702s ]
INFO: [ view_filter ] --START--
INFO: Run Behavior\WriteHtmlCacheBehavior [ RunTime:0.000047s ]
INFO: [ view_filter ] --END-- [ RunTime:0.000065s ]
INFO: [ app_end ] --START--
INFO: Run Behavior\ShowPageTraceBehavior [ RunTime:0.000037s ]
INFO: [ app_end ] --END-- [ RunTime:0.000058s ]

[ 2018-06-08T21:26:30+08:00 ] 127.0.0.1 /Admin/Member/editMember/id/213.html
INFO: [ app_init ] --START--
INFO: Run Behavior\BuildLiteBehavior [ RunTime:0.000008s ]
INFO: [ app_init ] --END-- [ RunTime:0.000058s ]
INFO: [ app_begin ] --START--
INFO: Run Behavior\ReadHtmlCacheBehavior [ RunTime:0.000027s ]
INFO: [ app_begin ] --END-- [ RunTime:0.000049s ]
SQL: SHOW COLUMNS FROM `my_member` [ RunTime:0.0013s ]
SQL: SELECT * FROM `my_member` WHERE `fid` = 213 ORDER BY id desc LIMIT 100   [ RunTime:0.0006s ]
SQL: SELECT * FROM `my_member` WHERE `id` = 213 LIMIT 1   [ RunTime:0.0005s ]
SQL: SHOW COLUMNS FROM `my_member_info` [ RunTime:0.0007s ]
SQL: SELECT * FROM `my_member_info` WHERE `memberid` = 213 LIMIT 1   [ RunTime:0.0097s ]
SQL: SELECT * FROM `my_member_info` WHERE `memberid` = 213 LIMIT 1   [ RunTime:0.0125s ]
NOTIC: [2] Invalid argument supplied for foreach() /var/www/git/youyiqianbao/Application/Admin/Controller/MemberController.class.php 第 390 行.
NOTIC: [2] Invalid argument supplied for foreach() /var/www/git/youyiqianbao/Application/Common/Common/app.php 第 295 行.
NOTIC: [2] array_multisort(): Argument #1 is expected to be an array or a sort flag /var/www/git/youyiqianbao/Application/Common/Common/app.php 第 300 行.
NOTIC: [2] Invalid argument supplied for foreach() /var/www/git/youyiqianbao/Application/Admin/Controller/MemberController.class.php 第 398 行.
NOTIC: [2] Invalid argument supplied for foreach() /var/www/git/youyiqianbao/Application/Common/Common/app.php 第 295 行.
NOTIC: [2] array_multisort(): Argument #1 is expected to be an array or a sort flag /var/www/git/youyiqianbao/Application/Common/Common/app.php 第 300 行.
NOTIC: [2] Invalid argument supplied for foreach() /var/www/git/youyiqianbao/Application/Admin/Controller/MemberController.class.php 第 403 行.
SQL: SELECT * FROM `my_member_info` WHERE `memberid` = 213 LIMIT 1   [ RunTime:0.0096s ]
SQL: SELECT * FROM `my_member_info` WHERE `memberid` = 213 LIMIT 1   [ RunTime:0.0071s ]
SQL: SELECT * FROM `my_member` WHERE `id` = 213 LIMIT 1   [ RunTime:0.0003s ]
SQL: SELECT * FROM `my_member_info` WHERE `memberid` = 213 LIMIT 1   [ RunTime:0.0081s ]
INFO: [ view_parse ] --START--
INFO: [ template_filter ] --START--
INFO: Run Behavior\ContentReplaceBehavior [ RunTime:0.000267s ]
INFO: [ template_filter ] --END-- [ RunTime:0.000300s ]
NOTIC: [8] Undefined variable:  /var/www/git/youyiqianbao/Application/Runtime/Cache/Admin/f121665ae9dbf5cb6a4dbc23b665e6be.php 第 829 行.
NOTIC: [8] Undefined variable:  /var/www/git/youyiqianbao/Application/Runtime/Cache/Admin/f121665ae9dbf5cb6a4dbc23b665e6be.php 第 853 行.
INFO: Run Behavior\ParseTemplateBehavior [ RunTime:0.012724s ]
INFO: [ view_parse ] --END-- [ RunTime:0.012753s ]
INFO: [ view_filter ] --START--
INFO: Run Behavior\WriteHtmlCacheBehavior [ RunTime:0.000049s ]
INFO: [ view_filter ] --END-- [ RunTime:0.000065s ]
INFO: [ app_end ] --START--
INFO: Run Behavior\ShowPageTraceBehavior [ RunTime:0.000029s ]
INFO: [ app_end ] --END-- [ RunTime:0.000049s ]

[ 2018-06-08T21:48:46+08:00 ] 127.0.0.1 /Admin/Member/getinterfacedata/id/213.html
INFO: [ app_init ] --START--
INFO: Run Behavior\BuildLiteBehavior [ RunTime:0.000007s ]
INFO: [ app_init ] --END-- [ RunTime:0.000062s ]
INFO: [ app_begin ] --START--
INFO: Run Behavior\ReadHtmlCacheBehavior [ RunTime:0.000026s ]
INFO: [ app_begin ] --END-- [ RunTime:0.000046s ]
NOTIC: [8] Undefined index: a89ea6ab57af6addb3add0d73948f4de /var/www/git/youyiqianbao/ThinkPHP/Library/Org/Util/Rbac.class.php 第 171 行.
NOTIC: [8] Undefined index: type /var/www/git/youyiqianbao/Application/Admin/Controller/MemberController.class.php 第 760 行.
NOTIC: [8] Undefined index: id /var/www/git/youyiqianbao/Application/Admin/Controller/MemberController.class.php 第 761 行.
NOTIC: [8] Undefined index: retry /var/www/git/youyiqianbao/Application/Admin/Controller/MemberController.class.php 第 762 行.
SQL: SHOW COLUMNS FROM `my_member` [ RunTime:0.0013s ]
SQL: SELECT * FROM `my_member` WHERE `id` = null LIMIT 1   [ RunTime:0.0004s ]
INFO: [ app_end ] --START--
INFO: Run Behavior\ShowPageTraceBehavior [ RunTime:0.000038s ]
INFO: [ app_end ] --END-- [ RunTime:0.000071s ]

[ 2018-06-08T21:49:47+08:00 ] 127.0.0.1 /Admin/Member/loan.html
INFO: [ app_init ] --START--
INFO: Run Behavior\BuildLiteBehavior [ RunTime:0.000007s ]
INFO: [ app_init ] --END-- [ RunTime:0.000057s ]
INFO: [ app_begin ] --START--
INFO: Run Behavior\ReadHtmlCacheBehavior [ RunTime:0.000028s ]
INFO: [ app_begin ] --END-- [ RunTime:0.000048s ]
NOTIC: [8] Undefined index: 60e523de526b28d9074144d749879220 /var/www/git/youyiqianbao/ThinkPHP/Library/Org/Util/Rbac.class.php 第 171 行.
SQL: SHOW COLUMNS FROM `my_loan` [ RunTime:0.0008s ]
SQL: SELECT * FROM `my_loan` ORDER BY id desc LIMIT 0,10   [ RunTime:0.0005s ]
SQL: SELECT COUNT(*) AS tp_count FROM `my_loan` LIMIT 1   [ RunTime:0.0002s ]
INFO: [ view_parse ] --START--
INFO: [ template_filter ] --START--
INFO: Run Behavior\ContentReplaceBehavior [ RunTime:0.000130s ]
INFO: [ template_filter ] --END-- [ RunTime:0.000162s ]
NOTIC: [8] Undefined index: paystatus /var/www/git/youyiqianbao/Application/Runtime/Cache/Admin/20ebdf56eda745f26a9c8d49375486b8.php 第 179 行.
NOTIC: [8] Undefined index: paystatus /var/www/git/youyiqianbao/Application/Runtime/Cache/Admin/20ebdf56eda745f26a9c8d49375486b8.php 第 179 行.
NOTIC: [8] Undefined index: paystatus /var/www/git/youyiqianbao/Application/Runtime/Cache/Admin/20ebdf56eda745f26a9c8d49375486b8.php 第 179 行.
NOTIC: [8] Undefined index: paystatus /var/www/git/youyiqianbao/Application/Runtime/Cache/Admin/20ebdf56eda745f26a9c8d49375486b8.php 第 179 行.
NOTIC: [8] Undefined index: paystatus /var/www/git/youyiqianbao/Application/Runtime/Cache/Admin/20ebdf56eda745f26a9c8d49375486b8.php 第 179 行.
NOTIC: [8] Undefined index: paystatus /var/www/git/youyiqianbao/Application/Runtime/Cache/Admin/20ebdf56eda745f26a9c8d49375486b8.php 第 179 行.
NOTIC: [8] Undefined index: paystatus /var/www/git/youyiqianbao/Application/Runtime/Cache/Admin/20ebdf56eda745f26a9c8d49375486b8.php 第 179 行.
NOTIC: [8] Undefined index: paystatus /var/www/git/youyiqianbao/Application/Runtime/Cache/Admin/20ebdf56eda745f26a9c8d49375486b8.php 第 179 行.
NOTIC: [8] Undefined index: paystatus /var/www/git/youyiqianbao/Application/Runtime/Cache/Admin/20ebdf56eda745f26a9c8d49375486b8.php 第 179 行.
NOTIC: [8] Undefined index: paystatus /var/www/git/youyiqianbao/Application/Runtime/Cache/Admin/20ebdf56eda745f26a9c8d49375486b8.php 第 179 行.
INFO: Run Behavior\ParseTemplateBehavior [ RunTime:0.006968s ]
INFO: [ view_parse ] --END-- [ RunTime:0.006993s ]
INFO: [ view_filter ] --START--
INFO: Run Behavior\WriteHtmlCacheBehavior [ RunTime:0.000033s ]
INFO: [ view_filter ] --END-- [ RunTime:0.000050s ]
INFO: [ app_end ] --START--
INFO: Run Behavior\ShowPageTraceBehavior [ RunTime:0.000040s ]
INFO: [ app_end ] --END-- [ RunTime:0.000067s ]

